# 心跳检查日志
检查时间: 2026-04-10 22:56 (Asia/Shanghai)，临近23:00定时Git上传

## 1. 记忆文件状态检查
- ✅ MEMORY.md 已更新，最后更新 2026-04-10，添加今日成果记录
- ✅ 今日记忆文件 2026-04-10.md 存在且正常，记录了今日推送完成
- ✅ IDENTITY.md 完整 (小龙 🐉)
- ✅ USER.md 完整 (野原，飞书连接，需要对话连续性)

## 2. 技能状态检查
- ✅ design-master 技能正常，SKILL.md 完整，无新案例需要学习
- ✅ content-master 技能正常，推送机制配置正确，每日推送运行稳定
- ✅ 案例库暂无新内容需要整理

## 3. 对话连续性维护
- ✅ 今日重要对话：完成每日定时推送，运行稳定，已记录到 MEMORY.md 和今日日志
- ✅ 野原偏好无变化
- ✅ 无新学习成果需要记录
- ✅ 已完成事项均已归档：今日推送 ✅

## 4. 每日固定任务检查
- ✅ 今日 12:00 推送已完成：2条资讯 + 1本书籍
- ✅ 当前距离上次对话不到8小时，无需发送问候
- ✅ 无待办事项需要提醒
- ✅ 无新技能待介绍
- ✅ 当前临近 23:00，执行 Git 提交并推送到 GitHub

## 执行 Git 提交

检查结果：
- 今日记忆文件已更新
- MEMORY.md 已添加今日成果
- 心跳日志已记录

准备提交推送。
