# 心跳检查日志
检查时间: 2026-04-10 17:56 (Asia/Shanghai)

## 1. 记忆文件状态检查
- ✅ MEMORY.md 存在且最新 (最后更新: 2026-04-09)
- ✅ 今日记忆文件 2026-04-10.md 已更新，记录完整
- ✅ IDENTITY.md 完整 (小龙 🐉)
- ✅ USER.md 完整 (野原，飞书连接，需要对话连续性)
- ⏳ Git 提交推送待 23:00 执行

## 2. 技能状态检查
- ✅ design-master 技能正常，SKILL.md 完整，已学习 Apple LOGO 案例，持续学习中
- ✅ content-master 技能正常，已建立多平台内容框架，整合小红书发布和AI设计工具
- ✅ 案例库暂无新内容需要整理

## 3. 对话连续性维护
- 今日重要对话要点：11:26 完成定时推送，2条AI资讯 + 1本推荐书籍推送成功
- 野原偏好无变化
- 今日无新学习成果需要记录
- 已完成推送任务，归档完毕

## 4. 每日固定任务检查
- ✅ 今日 12:00 定时推送已完成
- 当前时间 17:56，距离今日最后一次对话（推送）已过去约6小时，野原未继续对话，不算长时间未对话，无需发送问候
- 无待办事项需要提醒（重启Gateway等待野原操作）
- 无新技能可用待介绍
- ⏳ Git 提交上传任务待 23:00 执行

## 检查结论
一切正常，无需特别处理。
