# 心跳检查日志 - 2026-04-13 00:02 GMT+8

## 检查清单执行情况

### 1. 记忆文件状态
- ✅ MEMORY.md 存在且内容最新（更新至 2026-04-12）
- ✅ 今日记忆文件 memory/2026-04-13.md 已创建，初始化完成
- ✅ IDENTITY.md 完整，信息正确
- ✅ USER.md 完整，信息已更新
- ⏳ 今日对话尚未开始，待 23:00 执行 Git 提交推送

### 2. 技能状态
- ✅ design-master 技能已安装，状态正常
- ✅ content-master 技能已安装，状态正常
- ✅ 新增 hermes-autoskill 和 designer-client-acquisition 技能已创建完成
- ⏳ 案例库暂无新内容需要整理

### 3. 对话连续性维护
- ✅ 新的一天开始，记忆已准备就绪
- ✅ 野原偏好和业务信息已是最新
- ✅ 昨日学习成果已沉淀到长期记忆
- ✅ 昨日已完成事项均已归档

### 4. 每日固定任务
- ⏳ 每日 12:00 AI资讯+书籍推荐推送待执行
- ✅ 当前是深夜 00:02，野原应该在休息，不发送问候
- ⚠️ 仍有待办事项：提醒野原重启 OpenClaw Gateway 启用 MemPalace 记忆宫殿
- ✅ 无新技能需要介绍
- ⏳ 23:00 Git 提交任务待执行

## 检查结论
- 所有系统状态正常
- 新的一天已准备就绪
- 无需要立即处理的重要事项

记录人: 小龙
