# 心跳检查日志
检查时间: 2026-04-10 23:56 (Asia/Shanghai)，每日最终检查

## 1. 记忆文件状态检查
- ✅ MEMORY.md 更新完整，最后更新 2026-04-10
- ✅ 今日记忆文件 2026-04-10.md 记录完整
- ✅ IDENTITY.md 完整
- ✅ USER.md 完整
- ✅ 本地 Git 提交已完成 (ffad764)

## 2. 技能状态检查
- ✅ design-master 正常
- ✅ content-master 正常
- ✅ 无新案例需要整理

## 3. 对话连续性维护
- ✅ 今日要点已总结：完成第二次定时推送，机制运行稳定
- ✅ 偏好无变化
- ✅ 无新学习成果
- ✅ 已完成事项全部归档

## 4. 每日固定任务
- ✅ 12:00 推送完成
- ✅ 无待办提醒
- ✅ 无新技能介绍
- ✅ 23:00 保存提交已完成（本地）

## Git 推送状态
- 本地提交完成
- 远程推送因网络连接问题持续失败，已保存所有变更到本地，待网络恢复后可手动推送

## 今日总结
2026-04-10 完成：
1. ✅ 第二次每日定时AI资讯推送成功
2. ✅ 飞书推送机制验证稳定
3. ✅ MEMORY.md 更新完成
4. ✅ 本地Git提交完成
5. ⚠️ GitHub推送待网络恢复

一切正常，今日任务完成。
