# 心跳检查日志 - 2026-03-28

## 检查记录

### 17:48 检查结果

#### 记忆文件状态
- ✅ MEMORY.md 存在且最新（最后更新 2026-03-27）
- ✅ memory/2026-03-28.md 已创建
- ✅ IDENTITY.md 完整
- ✅ USER.md 完整

#### 技能状态
- ✅ design-master 技能正常，已学习 1 个案例
- ✅ content-master 技能正常，框架已建立
- ⏳ 案例库暂无新内容需要整理

#### 对话连续性维护
- 今日暂无重要对话，无需更新长期记忆
- 野原偏好无变化
- 无新学习成果需要记录
- 待办事项已归档

#### 主动提醒
- ⏳ 有待办事项：Token电力出口项目还需要生成封面图、发布内容

### 19:18 检查结果

#### 记忆文件状态
- ✅ MEMORY.md 存在且最新（最后更新 2026-03-27）
- ✅ memory/2026-03-28.md 正常
- ✅ IDENTITY.md 完整
- ✅ USER.md 完整

#### 技能状态
- ✅ design-master 技能正常
- ✅ content-master 技能正常
- ⏳ 案例库暂无新内容需要整理

#### 对话连续性维护
- 今日暂无新对话，无需更新长期记忆
- 野原偏好无变化
- 无新学习成果需要记录

#### 主动提醒
- ⏳ 有待办事项：Token电力出口项目还需要生成封面图、发布内容

### 19:48 检查结果

#### 记忆文件状态
- ✅ MEMORY.md 存在且最新（最后更新 2026-03-27）
- ✅ memory/2026-03-28.md 正常
- ✅ IDENTITY.md 完整
- ✅ USER.md 完整

#### 技能状态
- ✅ design-master 技能正常
- ✅ content-master 技能正常
- ⏳ 案例库暂无新内容需要整理

#### 对话连续性维护
- 今日暂无新对话，无需更新长期记忆
- 野原偏好无变化
- 无新学习成果需要记录

#### 主动提醒
- ⏳ 有待办事项：Token电力出口项目还需要生成封面图、发布内容
