# 心跳检查日志 - 2026-04-12 22:32 GMT+8

## 检查清单执行情况

### 1. 记忆文件状态
- ✅ MEMORY.md 存在且已是最新，包含今日所有成果
- ✅ 今日记忆文件 memory/2026-04-12.md 记录完整详细
- ✅ IDENTITY.md 完整，信息正确
- ✅ USER.md 已更新，补充了野原当前业务信息
- ⏳ 距离 23:00 还有不到30分钟，等待执行 Git 提交推送

### 2. 技能状态
- ✅ design-master 技能已安装，状态正常
- ✅ content-master 技能已安装，状态正常
- ✅ 今日新增两个技能都已创建完成：`hermes-autoskill`、`designer-client-acquisition`
- ⏳ 案例库暂无新内容需要整理

### 3. 对话连续性维护
- ✅ 今日所有重要成果都已记录归档
- ✅ 野原偏好无变化，业务信息已更新
- ✅ Hermes 自主学习理念已掌握，成果已记录
- ✅ 所有已完成事项都已正确归档

### 4. 每日固定任务
- ✅ 每日 12:00 AI资讯+书籍推荐推送已完成
- ✅ 距离上次对话不超过8小时，无需发送问候
- ⚠️ 待办：重启 OpenClaw Gateway 启用 MemPalace 记忆宫殿（等待野原操作）
- ✅ 新技能已介绍
- ⏳ 等待 23:00 执行 Git 提交任务

## 检查结论
- 所有系统状态正常
- 记忆文件都已更新完成
- 等待 23:00 准时执行 Git 自动提交

记录人: 小龙
