# 心跳检查日志 - 2026-04-12 01:04 (Asia/Shanghai)

## 1. 记忆文件状态检查
- ✅ MEMORY.md 存在，最后更新: 2026-04-10，内容完整
- ✅ 今日记忆文件 memory/2026-04-12.md 已创建，内容正常
- ✅ IDENTITY.md 完整：小龙 🐉 | AI助手 | 亲切直接有幽默感
- ✅ USER.md 完整：野原 | Asia/Shanghai | 飞书连接 | 需要对话连续性
- ✅ Git 提交并推送成功：已添加今日初始文件到远程仓库

## 2. 技能状态检查
- ✅ design-master 技能正常：已加载设计哲学、分析框架、已学习Apple LOGO案例，持续学习中
- ✅ content-master 技能正常：已建立多平台内容创作框架，整合小红书发布和AI设计工具，适配飞书推送机制
- ✅ 案例库暂无新内容需要整理

## 3. 对话连续性维护
- 今日暂无对话，无需总结
- 野原偏好无变化
- 无新学习成果需要记录
- 昨日所有工作已归档

## 4. 每日固定任务检查
- 当前时间 01:04，不在推送窗口，今日推送尚未执行，等待12:00准时触发
- 当前是深夜休息时间，不发送问候
- 待办：重启 OpenClaw Gateway 启用 MemPalace 记忆宫殿（等待野原操作）
- 无新技能需要介绍
- 未到今日23:00，暂不执行今日Git提交

## 检查结论
一切正常，无需主动联系野原。

---
检查完成时间: 2026-04-12 01:04 GMT+8
