# 心跳检查日志
检查时间: 2026-04-10 12:26 (Asia/Shanghai)

## 1. 记忆文件状态检查
- ✅ MEMORY.md 存在且最新 (最后更新: 2026-04-09)
- ✅ 今日记忆文件 2026-04-10.md 已更新，记录了今日推送完成
- ✅ IDENTITY.md 完整 (小龙 🐉)
- ✅ USER.md 完整 (野原，飞书连接，需要对话连续性)

## 2. 技能状态检查
- ✅ design-master 技能正常，SKILL.md 完整
- ✅ content-master 技能正常，推送功能工作正常
- ✅ 案例库暂无新内容需要整理

## 3. 对话连续性维护
- 今日重要事项：12:00定时推送已成功完成，内容已记录
- 野原偏好无变化
- 无新学习成果需要记录
- 推送任务已完成归档

## 4. 每日固定任务检查
- ✅ 今日 12:00 AI资讯+书籍推送已完成
- 当前距离上次对话不到8小时，无需发送问候
- 无待办事项需要提醒（重启网关等待野原操作）
- 无新技能待介绍
- 当前时间未到 23:00，Git 上传任务待到时执行

## 检查结论
今日推送任务已完成，一切正常，无需特别处理。
