# 心跳检查日志
检查时间: 2026-04-11 00:56 (Asia/Shanghai)

## 1. 记忆文件状态检查
- ✅ MEMORY.md 存在且最新 (最后更新: 2026-04-10)
- ✅ 今日记忆文件 2026-04-11.md 已创建，记录正常
- ✅ IDENTITY.md 完整 (小龙 🐉)
- ✅ USER.md 完整 (野原，飞书连接，需要对话连续性)
- ✅ 今日暂无新对话，无需提交

## 2. 技能状态检查
- ✅ design-master 技能正常，SKILL.md 完整
- ✅ content-master 技能正常，推送机制配置正确
- ✅ 案例库暂无新内容需要整理

## 3. 对话连续性维护
- 今日暂无新对话，待产生对话后再总结要点
- 野原偏好无变化
- 无新学习成果需要记录
- 昨日已完成事项均已归档

## 4. 每日固定任务检查
- 当前时间 00:56，不在推送时段，今日推送等待 12:00 执行
- 深夜时段 (23:00-08:00)，无需发送问候
- 无待办事项需要提醒
- 无新技能可用需要介绍
- 昨日 23:00 Git 提交已完成本地提交，推送因网络问题待重试

## 检查结论
一切正常，无需要特别处理的事项。
