# 心跳检查日志
检查时间: 2026-04-10 19:26 (Asia/Shanghai)

## 1. 记忆文件状态检查
- ✅ MEMORY.md 存在且最新 (最后更新: 2026-04-09)
- ✅ 今日记忆文件 2026-04-10.md 已存在且更新正常，记录了今日推送完成
- ✅ IDENTITY.md 完整 (小龙 🐉)
- ✅ USER.md 完整 (野原，飞书连接，需要对话连续性)

## 2. 技能状态检查
- ✅ design-master 技能正常，SKILL.md 完整
- ✅ content-master 技能正常，每日推送机制运行稳定
- ✅ 案例库暂无新内容需要整理

## 3. 对话连续性维护
- 今日仅有定时推送，暂无新对话需要总结
- 野原偏好无变化
- 无新学习成果需要记录
- 已完成推送，待办仅剩下 23:00 Git 提交

## 4. 每日固定任务检查
- ✅ 今日 12:00 推送已完成，无需补推
- 距离上次对话约 8 小时，当前不需要发送问候
- 无待办事项需要提醒
- 无新技能可用
- 当前时间未到 23:00，Git 上传任务待到时执行

## 检查结论
一切正常，无需特别处理。
