# 心跳检查日志 - 2026-04-11 06:56 (Asia/Shanghai)

## 1. 记忆文件状态检查
- ✅ MEMORY.md 存在，最后更新: 2026-04-10，内容完整
- ✅ 今日记忆文件 memory/2026-04-11.md 存在，内容正常
- ✅ IDENTITY.md 完整：小龙 🐉 | AI助手 | 亲切直接有幽默感
- ✅ USER.md 完整：野原 | Asia/Shanghai | 飞书连接 | 需要对话连续性

## 2. 技能状态检查
- ✅ design-master 技能正常：设计哲学、分析框架完整，已学习Apple LOGO案例
- ✅ content-master 技能正常：多平台创作框架完整，整合发布工具和推送机制
- ✅ 案例库暂无新内容需要整理

## 3. 对话连续性维护
- 今日暂无新对话，无需总结更新
- 野原偏好无变化
- 无新学习成果记录
- 无已完成事项归档

## 4. 每日固定任务检查
- 当前时间 06:56，不在 11:00-13:00 推送窗口，今日推送等待12:00触发
- 距离上次对话不超过8小时，无需问候
- 待办事项：等待野原重启OpenClaw Gateway启用MemPalace，无需特别提醒
- 无新技能介绍
- 未到23:00，暂不执行Git提交

## 检查结论
系统运行正常，无需主动联系。

---
检查完成时间: 2026-04-11 06:56 GMT+8
