# 心跳检查日志
检查时间: 2026-04-10 04:56 (Asia/Shanghai)

## 1. 记忆文件状态检查
- ✅ MEMORY.md 存在且最新 (最后更新: 2026-04-09)
- ✅ 今日记忆文件 2026-04-10.md 已创建，内容正常
- ✅ IDENTITY.md 完整 (小龙 🐉)
- ✅ USER.md 完整 (野原，飞书连接，需要对话连续性)

## 2. 技能状态检查
- ✅ design-master 技能正常，SKILL.md 完整，学习体系健全，等待新案例
- ✅ content-master 技能正常，已建立完整多平台内容框架，工具整合完成
- ✅ 案例库暂无新内容需要整理

## 3. 对话连续性维护
- 今日暂无新对话产生，无要点需要总结
- 野原偏好无变化
- 无新学习成果需要记录
- 已完成事项均已归档

## 4. 每日固定任务检查
- 当前时间 04:56，不在推送时段，今日推送由定时任务执行
- 当前时间属于深夜（04:56），且野原未长时间未对话，无需发送问候
- 无待办事项需要提醒
- 无新技能待介绍
- 未到 23:00，Git 上传任务待执行

## 检查结论
一切正常，无需特别处理。
