# 心跳检查日志
检查时间: 2026-04-11 02:26 (Asia/Shanghai)

## 1. 记忆文件状态检查
- ✅ MEMORY.md 存在且最新 (最后更新: 2026-04-10)
- ✅ 今日记忆文件 2026-04-11.md 已创建，记录今日计划
- ✅ IDENTITY.md 完整 (小龙 🐉)
- ✅ USER.md 完整 (野原，飞书连接，需要对话连续性)

## 2. 技能状态检查
- ✅ design-master 技能正常，SKILL.md 完整，持续学习中
- ✅ content-master 技能正常，推送机制配置正确
- ✅ 案例库暂无新内容需要整理

## 3. 对话连续性维护
- 今日暂无新对话，待后续产生后总结
- 野原偏好无变化
- 无新学习成果需要记录
- 已完成事项均已归档

## 4. 每日固定任务检查
- 当前时间 02:26，不在推送时段，今日推送待12:00执行
- 当前为深夜时段 (23:00-08:00，不需要发送问候
- 无待办事项需要提醒
- 无新技能需要介绍
- 当前时间未到 23:00，Git 上传任务待今晚执行

## 检查结论
一切正常，无需特别处理。
