# 心跳检查日志 - 2026-04-16 GMT+8

## 第一次检查 - 04:03

### 1. 记忆文件状态
✅ MEMORY.md 存在且是最新版本（最后更新 2026-04-15）
✅ memory/2026-04-16.md 今日记录正常
✅ IDENTITY.md 完整（小龙，AI助手，亲切直接有幽默感）
✅ USER.md 完整（野原，飞书连接，需要对话连续性）
⏳ Git 提交推送：当前时间凌晨，非23:00，跳过

### 2. 技能状态
✅ design-master 技能正常，SKILL.md 完整，持续学习中
✅ content-master 技能正常，SKILL.md 完整，框架已建立
✅ 案例库暂无新内容需要整理

### 3. 对话连续性维护
✅ 今日暂无重要对话需要总结
✅ 野原偏好无变化
✅ 暂无新学习成果记录
✅ 已完成事项无新增需要归档

### 4. 每日固定任务
⏰ AI资讯推送：当前时间04:03，不在11:00-13:00范围内，跳过
⏳ 长时间未对话问候：等待触发条件
✅ 无待办事项需要提醒
✅ 无新技能需要介绍
⏳ Git自动提交：不到23:00，跳过

## 第二次检查 - 07:33

### 1. 记忆文件状态
✅ MEMORY.md 存在且是最新版本（最后更新 2026-04-15）
✅ memory/2026-04-16.md 今日记录正常
✅ IDENTITY.md 完整（小龙，AI助手，亲切直接有幽默感）
✅ USER.md 完整（野原，飞书连接，需要对话连续性）
✅ Git 提交推送完成：已添加心跳日志，成功推送到 GitHub

### 2. 技能状态
✅ design-master 技能正常，SKILL.md 完整，持续学习中
✅ content-master 技能正常，SKILL.md 完整，框架已建立
✅ 案例库暂无新内容需要整理

### 3. 对话连续性维护
✅ 今日暂无重要对话需要总结
✅ 野原偏好无变化
✅ 暂无新学习成果记录
✅ 已完成事项无新增需要归档

### 4. 每日固定任务
⏰ AI资讯推送：当前时间07:33，不在11:00-13:00范围内，等待下次检查触发
⏳ 长时间未对话问候：距离上次对话不到8小时，跳过
✅ 无待办事项需要提醒
✅ 无新技能需要介绍
⏳ Git自动提交：不到23:00，已完成日志推送

## 检查结论
一切正常，无异常需要报告。

---
检查人：小龙
最后检查时间：2026-04-16 07:33 GMT+8
