# 心跳检查日志
检查时间: 2026-04-11 00:26 (Asia/Shanghai)

## 1. 记忆文件状态检查
- ✅ MEMORY.md 存在且最新 (最后更新: 2026-04-10)
- ✅ 今日记忆文件 2026-04-11.md 已创建，初始化完成
- ✅ IDENTITY.md 完整 (小龙 🐉)
- ✅ USER.md 完整 (野原，飞书连接，需要对话连续性)

## 2. 技能状态检查
- ✅ design-master 技能正常，SKILL.md 完整，已学习 Apple LOGO 案例
- ✅ content-master 技能正常，推送机制配置正确，运行稳定
- ✅ 案例库暂无新内容需要整理

## 3. 对话连续性维护
- 今日暂无新对话，等待野原发起
- 野原偏好无变化
- 无新学习成果需要记录
- 昨日已完成事项均已归档

## 4. 每日固定任务检查
- 当前时间 00:26，不在 11:00-13:00 推送时段，今日推送将在12点左右执行
- 深夜时段 (23:00-08:00)，无需发送问候
- 无待办事项需要提醒
- 无新技能待介绍
- 昨日23:00已执行Git提交，推送因网络问题未完成，但本地提交已完成

## 检查结论
一切正常，等待今日活动。
