# 心跳检查日志 - 2026-04-12 09:34 GMT+8

## 1. 记忆文件状态检查
- ✅ MEMORY.md 存在，最后更新 2026-04-10，内容完整
- ✅ 今日记忆文件 memory/2026-04-12.md 已创建，内容正常
- ✅ IDENTITY.md 完整：小龙 🐉，亲切直接带幽默感
- ✅ USER.md 完整：野原，Asia/Shanghai，飞书连接，需要对话连续性

## 2. 技能状态检查
- design-master: 已安装，状态正常
- content-master: 已安装，状态正常
- 案例库：无新内容需要整理

## 3. 对话连续性维护
- 今日暂无重要对话，无需总结
- 野原偏好无变化
- 无新学习成果需要记录
- 无已完成事项需要归档

## 4. 每日固定任务
- 定时推送：当前时间 09:34，不在 11:00-13:00 推送窗口，等待到点触发
- 距离上次对话：不到 8 小时，无需发送问候
- 无待办事项需要特别提醒
- 无新技能可用
- Git 提交安排在 23:00 执行

## 检查结论
一切正常，无需特别处理。
