# 心跳检查日志 - 2026-04-11 23:58 (Asia/Shanghai)

## 1. 记忆文件状态检查
- ✅ MEMORY.md 存在，最后更新: 2026-04-10，内容完整
- ✅ 今日记忆文件 memory/2026-04-11.md 已更新，所有今日工作已记录
- ✅ IDENTITY.md 完整：小龙 🐉 | AI助手 | 亲切直接有幽默感
- ✅ USER.md 完整：野原 | Asia/Shanghai | 飞书连接 | 需要对话连续性
- ✅ Git 提交并推送成功：最后一条心跳日志已同步到 GitHub

## 2. 技能状态检查
- ✅ design-master 技能正常：已加载设计哲学、分析框架、已学习Apple LOGO案例，持续学习中
- ✅ content-master 技能正常：已建立多平台内容创作框架，整合小红书发布和AI设计工具，适配飞书推送机制
- ✅ 案例库暂无新内容需要整理

## 3. 对话连续性维护
- 今日所有工作已记录，无需额外更新
- 野原偏好无变化
- 今日已完成第三次推送，机制稳定运行
- 所有今日事项已归档

## 4. 每日固定任务检查
- ✅ 今日 12:00 AI资讯+书籍推荐推送已完成
- ✅ 23:00 自动保存+Git提交推送已完成（本次是补充检查）
- 今日推送已完成，无需提醒
- 无新技能需要介绍

## 今日工作完成度
| 任务 | 状态 |
|------|------|
| 记忆文件检查 | ✅ 完成 |
| 技能状态检查 | ✅ 完成 |
| 对话连续性维护 | ✅ 完成 |
| 每日AI资讯推送 | ✅ 完成 |
| 23:00 Git自动保存推送 | ✅ 完成 |

今日所有任务全部完成，推送机制连续三天稳定运行。

---
检查完成时间: 2026-04-11 23:58 GMT+8
