# 心跳检查日志 - 2026-03-26

## 04:27 检查结果

### 1. 记忆文件状态
- ✅ MEMORY.md 存在，最后更新 2026-03-15
- ✅ 今日记忆文件 2026-03-26.md 已创建
- ✅ IDENTITY.md 完整（小龙 🐉）
- ✅ USER.md 完整（野原，Asia/Shanghai）

### 2. 技能状态
- ✅ design-master: SKILL.md 正常，已学习 Apple LOGO 案例，等待新案例
- ✅ content-master: SKILL.md 正常，多平台框架已建立，整合 redbookskills
- ✅ futures-assistant: SKILL.md 正常，基础知识框架完成

### 3. 对话连续性维护
- 今日暂无新对话，无要点需要总结
- 野原偏好无变化
- 无新学习成果需要记录
- 昨日待办延续，等待DeerFlow下载

### 4. 主动提醒
- 当前时间 04:27，属于深夜，不打扰
- 无紧急待办事项

## 05:57 检查结果

### 1. 记忆文件状态
- ✅ MEMORY.md 存在，最后更新 2026-03-15
- ✅ 今日记忆文件 2026-03-26.md 正常
- ✅ IDENTITY.md 完整（小龙 🐉）
- ✅ USER.md 完整（野原，Asia/Shanghai）

### 2. 技能状态
- ✅ design-master: SKILL.md 正常
- ✅ content-master: SKILL.md 正常  
- ✅ futures-assistant: SKILL.md 正常
- ✅ 无新案例需要整理

### 3. 对话连续性维护
- 今日暂无新对话，无要点需要总结
- 野原偏好无变化
- 无新学习成果需要记录
- 待办延续：等待DeerFlow下载后继续安装

### 4. 主动提醒
- 当前时间 05:57，仍属于深夜，不打扰
- 无紧急待办事项

## 07:57 检查结果

### 1. 记忆文件状态
- ✅ MEMORY.md 存在，最后更新 2026-03-15
- ✅ 今日记忆文件 2026-03-26.md 正常
- ✅ IDENTITY.md 完整（小龙 🐉）
- ✅ USER.md 完整（野原，Asia/Shanghai）

### 2. 技能状态
- ✅ design-master: SKILL.md 正常
- ✅ content-master: SKILL.md 正常
- ✅ futures-assistant: SKILL.md 正常
- ✅ 无新案例需要整理

### 3. 对话连续性维护
- 今日暂无新对话，07:57已发送提醒
- 野原偏好无变化
- 无新学习成果需要记录
- 待办延续：等待DeerFlow下载后继续安装

### 4. 主动提醒
- 当前时间 07:57，已到早高峰时段
- 距离上次对话已超过12小时，发送问候：早上好👋 等你下载好DeerFlow压缩包后，随时找我继续安装配置
- 待办：DeerFlow安装配置

## 18:21 检查结果

### 1. 记忆文件状态
- ✅ MEMORY.md 存在，最后更新 2026-03-15
- ✅ 今日记忆文件 2026-03-26.md 正常
- ✅ IDENTITY.md 完整（小龙 🐉）
- ✅ USER.md 完整（野原，Asia/Shanghai）

### 2. 技能状态
- ✅ design-master: SKILL.md 正常
- ✅ content-master: SKILL.md 正常
- ✅ futures-assistant: SKILL.md 正常
- ✅ 无新案例需要整理

### 3. 对话连续性维护
- 今日暂无新对话
- 野原偏好无变化
- 无新学习成果需要记录
- 待办延续：等待DeerFlow下载后继续安装

### 4. 主动提醒
- 今日07:57已发送过一次提醒，不再重复打扰
- 所有技能状态正常，记忆文件完整
- 等待野原发起对话后继续处理待办

## 18:51 检查结果

### 1. 记忆文件状态
- ✅ MEMORY.md 存在，最后更新 2026-03-15
- ✅ 今日记忆文件 2026-03-26.md 正常
- ✅ IDENTITY.md 完整（小龙 🐉）
- ✅ USER.md 完整（野原，Asia/Shanghai）

### 2. 技能状态
- ✅ design-master: SKILL.md 正常
- ✅ content-master: SKILL.md 正常
- ✅ futures-assistant: SKILL.md 正常
- ✅ 无新案例需要整理

### 3. 对话连续性维护
- 今日暂无新对话
- 野原偏好无变化
- 无新学习成果需要记录
- 待办延续：等待DeerFlow下载后继续安装

### 4. 主动提醒
- 今日已发送一次提醒，不重复打扰
- 所有系统状态正常
- 保持等待状态

## 19:21 检查结果

### 1. 记忆文件状态
- ✅ MEMORY.md 存在，最后更新 2026-03-15
- ✅ 今日记忆文件 2026-03-26.md 正常
- ✅ IDENTITY.md 完整（小龙 🐉）
- ✅ USER.md 完整（野原，Asia/Shanghai）

### 2. 技能状态
- ✅ design-master: SKILL.md 正常
- ✅ content-master: SKILL.md 正常
- ✅ futures-assistant: SKILL.md 正常
- ✅ 无新案例需要整理

### 3. 对话连续性维护
- 今日暂无新对话
- 野原偏好无变化
- 无新学习成果需要记录
- 待办延续：等待DeerFlow下载后继续安装

### 4. 主动提醒
- 今日已发送提醒，不重复打扰
- 一切就绪，等待发起

## 检查结论
一切正常，等待用户响应，无需主动打扰。
