# 心跳检查日志 - 2026-04-12 08:04 (GMT+8)

## 1. 记忆文件状态检查
- ✅ MEMORY.md 存在，最后更新 2026-04-10，内容完整
- ✅ 今日记录文件 memory/2026-04-12.md 已创建，内容正常
- ✅ IDENTITY.md 完整（小龙 🐉）
- ✅ USER.md 完整（野原，飞书连接，需要连续性）

## 2. 技能状态检查
- ✅ design-master 技能正常，已学习 Apple LOGO 案例，持续学习中
- ✅ content-master 技能正常，已建立多平台内容框架，集成小红书发布和AI生成工具
- ✅ 案例库暂无新内容需要整理

## 3. 对话连续性维护
- ✅ 今日暂无新对话，无需总结
- ✅ 野原偏好无变化
- ✅ 暂无新学习成果需要记录
- ✅ 无已完成事项需要归档

## 4. 每日固定任务检查
- 当前时间 08:04，不在 11:00-13:00 推送时段，等待 12:00 执行推送
- 野原未发起对话，属于正常情况
- 无待办事项需要提醒（等待野原操作重启 Gateway）
- 无新技能需要介绍
- 距离 23:00 Git 提交还有时间，等待届时执行

## 检查结论
一切正常，无需干预。

---
检查人: 小龙
检查时间: 2026-04-12 08:04 GMT+8
