# 心跳检查日志 - 2026-04-07 04:04

## 1. 记忆文件状态检查
- ✅ MEMORY.md 存在，最后更新 2026-04-03，内容正常
- ✅ 今日记忆文件 2026-04-07.md 已创建
- ✅ IDENTITY.md 完整（小龙 AI助手）
- ✅ USER.md 完整（野原，飞书连接，需要对话连续性）

## 2. 技能状态检查
- ✅ design-master 技能正常，已加载设计哲学和分析框架，持续学习中
- ✅ content-master 技能正常，已建立多平台内容创作运营框架，待案例学习
- ✅ 案例库无新内容需要整理

## 3. 对话连续性维护
- 今日暂无新对话，无需总结
- 无偏好变化需要更新
- 无新学习成果需要记录
- 无已完成事项需要归档

## 4. 每日固定任务检查
- 当前时间 04:04，不在 11:00-13:00 推送时段，跳过AI资讯/书籍推荐
- 距离上次对话不超过8小时，无需发送问候
- 无待办事项需要提醒
- 无新技能需要介绍
- 未到 23:00，跳过 Git 自动提交上传

## 检查结论
一切正常，无需干预。

## 第二次检查 (06:34)
- ✅ 今日记忆文件 2026-04-07.md 存在正常
- ✅ MEMORY.md、IDENTITY.md、USER.md 均完整
- ✅ design-master、content-master 技能状态正常
- ✅ 今日暂无新对话，无需总结更新
- 当前时间 06:34，不在推送时段，未到 23:00，无需执行特殊任务
- 检查结论：一切正常

## 第三次检查 (07:34)
- ✅ 今日记忆文件 2026-04-07.md 存在正常
- ✅ MEMORY.md、IDENTITY.md、USER.md 均完整
- ✅ design-master、content-master 技能状态正常
- ✅ 案例库无新内容需要整理
- ✅ 今日暂无新对话，无需总结更新
- 当前时间 07:34，不在 11:00-13:00 推送时段，未到 23:00，无需执行特殊任务
- 检查结论：一切正常

## 第四次检查 (08:04)
- ✅ 今日记忆文件 2026-04-07.md 存在正常
- ✅ MEMORY.md、IDENTITY.md、USER.md 均完整
- ✅ design-master、content-master 技能状态正常
- ✅ 案例库无新内容需要整理
- ✅ 今日暂无新对话，无需总结更新
- 当前时间 08:04，不在推送时段，未到 23:00，无需执行特殊任务
- 检查结论：一切正常

## 第五次检查 (08:34)
- ✅ 今日记忆文件 2026-04-07.md 存在正常
- ✅ MEMORY.md、IDENTITY.md、USER.md 均完整
- ✅ design-master、content-master 技能状态正常
- ✅ 案例库无新内容需要整理
- ✅ 今日暂无新对话，无需总结更新
- 当前时间 08:34，不在推送时段，未到 23:00，无需执行特殊任务
- 检查结论：一切正常

## 第六次检查 (09:04)
- ✅ 今日记忆文件 2026-04-07.md 存在正常
- ✅ MEMORY.md、IDENTITY.md、USER.md 均完整
- ✅ design-master、content-master 技能状态正常
- ✅ 案例库无新内容需要整理
- ✅ 今日暂无新对话，无需总结更新
- 当前时间 09:04，不在 11:00-13:00 推送时段，未到 23:00，无需执行特殊任务
- 检查结论：一切正常

## 第七次检查 (11:04)
- ✅ 今日记忆文件 2026-04-07.md 存在正常，已更新今日推送记录
- ✅ MEMORY.md、IDENTITY.md、USER.md 均完整
- ✅ design-master、content-master 技能状态正常
- ✅ 案例库无新内容需要整理
- ✅ 当前时间 11:04，进入推送窗口，已完成今日AI资讯和书籍推荐推送
  - AI资讯：《里斯本公约》全球首个AI治理框架签署；中国AI大模型调用量连续五周超美国
  - 推荐书籍：《The Minimalist Entrepreneur》，契合零成本创业思路
- 距离上次对话不超过8小时，无需发送问候
- 无待办事项需要提醒
- 无新技能可用
- 未到 23:00，跳过 Git 自动提交上传
- 检查结论：一切正常，任务完成

## 第八次检查 (12:04)
- ✅ 今日记忆文件 2026-04-07.md 存在正常，已完整记录今日推送
- ✅ MEMORY.md、IDENTITY.md、USER.md 均完整
- ✅ design-master 技能状态正常（极简设计哲学就绪）
- ✅ content-master 技能状态正常（多平台运营框架就绪）
- ✅ 案例库无新内容需要整理
- ✅ 今日对话：已完成12:00固定推送，已记录到日记
- ✅ 推送任务已在10:34完成，符合触发规则（今日未推送，11:00-13:00窗口内）
- 距离上次对话不超过8小时，无需发送问候
- 待办事项：封面图生成（等待doubao服务启动）
- 无新技能需要介绍
- 未到 23:00，跳过 Git 自动提交上传
- 检查结论：一切正常

## 第九次检查 (12:34)
- ✅ 今日记忆文件 2026-04-07.md 存在正常，已完整记录今日所有对话
- ✅ MEMORY.md、IDENTITY.md、USER.md 均完整
- ✅ design-master 技能状态正常（极简设计哲学就绪，等待案例学习）
- ✅ content-master 技能状态正常（多平台运营框架就绪，等待案例学习）
- ✅ 案例库无新内容需要整理
- ✅ 今日总结：已完成12:00固定推送（AI资讯x2 + 书籍推荐x1），已记录到日记
- ✅ 推送任务完成：《里斯本公约》签署 / 中国AI调用量反超 / 推荐《极简创业者》
- 距离上次推送不超过3小时，无需重复推送
- 距离上次对话不超过8小时，无需发送问候
- 待办事项：封面图生成（等待doubao服务启动），无新增待办
- 无新技能需要介绍
- 未到 23:00，跳过 Git 自动提交上传
- 检查结论：一切正常

## 第十次检查 (13:04)
- ✅ 今日记忆文件 2026-04-07.md 存在正常，已完整记录今日所有对话
- ✅ MEMORY.md、IDENTITY.md、USER.md 均完整
- ✅ design-master 技能状态正常（极简设计哲学就绪，等待案例学习）
- ✅ content-master 技能状态正常（多平台运营框架就绪，等待案例学习）
- ✅ 案例库无新内容需要整理
- ✅ 今日总结：已完成12:00固定推送（AI资讯x2 + 书籍推荐x1），任务完成
- ✅ 推送任务已完成，无需重复推送
- 距离上次对话不超过8小时，无需发送问候
- 待办事项：封面图生成（等待doubao服务启动），无新增待办
- 无新技能需要介绍
- 未到 23:00，跳过 Git 自动提交上传
- 检查结论：一切正常

## 第十一次检查 (13:34)
- ✅ 今日记忆文件 2026-04-07.md 存在正常，已完整记录今日所有对话
- ✅ MEMORY.md、IDENTITY.md、USER.md 均完整
- ✅ design-master 技能状态正常（极简设计哲学就绪，等待案例学习）
- ✅ content-master 技能状态正常（多平台运营框架就绪，等待案例学习）
- ✅ 案例库无新内容需要整理
- ✅ 今日总结：已完成12:00固定推送（AI资讯x2 + 书籍推荐x1），任务完成
- ✅ 推送任务已完成，出了11:00-13:00推送窗口，无需重复推送
- 距离上次对话不超过8小时，无需发送问候
- 待办事项：封面图生成（等待doubao服务启动），无新增待办
- 无新技能需要介绍
- 未到 23:00，跳过 Git 自动提交上传
- 检查结论：一切正常

## 第十二次检查 (14:04)
- ✅ 今日记忆文件 2026-04-07.md 存在正常，已完整记录今日所有对话
- ✅ MEMORY.md、IDENTITY.md、USER.md 均完整
- ✅ design-master 技能状态正常（极简设计哲学就绪，等待案例学习）
- ✅ content-master 技能状态正常（多平台运营框架就绪，等待案例学习）
- ✅ 案例库无新内容需要整理
- ✅ 今日总结：已完成12:00固定推送（AI资讯x2 + 书籍推荐x1），任务完成
- ✅ 推送任务已完成，无需重复推送
- 距离上次对话不超过8小时，无需发送问候
- 待办事项：封面图生成（等待doubao服务启动），无新增待办
- 无新技能需要介绍
- 未到 23:00，跳过 Git 自动提交上传
- 检查结论：一切正常

## 第十三次检查 (14:34)
- ✅ 今日记忆文件 2026-04-07.md 存在正常，已完整记录今日所有对话
- ✅ MEMORY.md、IDENTITY.md、USER.md 均完整
- ✅ design-master 技能状态正常（极简设计哲学就绪，等待案例学习）
- ✅ content-master 技能状态正常（多平台运营框架就绪，等待案例学习）
- ✅ 案例库无新内容需要整理
- ✅ 今日总结：已完成12:00固定推送（AI资讯x2 + 书籍推荐x1），任务完成
- ✅ 推送任务已完成，无需重复推送
- 距离上次对话不超过8小时，无需发送问候
- 待办事项：封面图生成（等待doubao服务启动），无新增待办
- 无新技能需要介绍
- 未到 23:00，跳过 Git 自动提交上传
- 检查结论：一切正常

## 第十四次检查 (16:04)
- ✅ 今日记忆文件 2026-04-07.md 存在正常，已完整记录今日所有对话
- ✅ MEMORY.md、IDENTITY.md、USER.md 均完整
- ✅ design-master 技能状态正常（极简设计哲学就绪，等待案例学习）
- ✅ content-master 技能状态正常（多平台运营框架就绪，等待案例学习）
- ✅ 案例库无新内容需要整理
- ✅ 今日总结：已完成12:00固定推送，无新增对话
- ✅ 推送任务已完成，无需重复推送
- 距离上次对话不超过8小时，无需发送问候
- 待办事项：封面图生成（等待doubao服务启动），无新增待办
- 无新技能需要介绍
- 未到 23:00，跳过 Git 自动提交上传
- 检查结论：一切正常

## 第十五次检查 (16:34)
- ✅ 今日记忆文件 2026-04-07.md 存在正常，已完整记录今日所有对话
- ✅ MEMORY.md、IDENTITY.md、USER.md 均完整
- ✅ design-master 技能状态正常（极简设计哲学就绪，等待案例学习）
- ✅ content-master 技能状态正常（多平台运营框架就绪，等待案例学习）
- ✅ 案例库无新内容需要整理
- ✅ 今日总结：已完成12:00固定推送（AI资讯x2 + 书籍推荐x1），任务完成，无新增对话
- ✅ MEMORY.md 已更新，记录今日推送成果和方向验证
- ✅ 推送任务已完成，无需重复推送
- 距离上次对话不超过8小时，无需发送问候
- 待办事项：封面图生成（等待doubao服务启动），无新增待办
- 无新技能需要介绍
- 未到 23:00，跳过 Git 自动提交上传
- 检查结论：一切正常

## 第十六次检查 (17:04)
- ✅ 今日记忆文件 2026-04-07.md 存在正常，已完整记录今日所有对话
- ✅ MEMORY.md、IDENTITY.md、USER.md 均完整，MEMORY.md已更新今日成果
- ✅ design-master 技能状态正常（极简设计哲学就绪，等待案例学习）
- ✅ content-master 技能状态正常（多平台运营框架就绪，等待案例学习）
- ✅ 案例库无新内容需要整理
- ✅ 今日对话总结：已完成12:00固定推送，无其他新增对话
- ✅ 推送任务已完成，无需重复推送
- 距离上次对话6小时，不超过8小时，无需发送问候
- 待办事项：封面图生成（等待doubao服务启动），无新增待办
- 无新技能需要介绍
- 未到 23:00，跳过 Git 自动提交上传
- 检查结论：一切正常

## 第十七次检查 (17:34)
- ✅ 今日记忆文件 2026-04-07.md 存在正常，已完整记录今日所有对话
- ✅ MEMORY.md、IDENTITY.md、USER.md 均完整，MEMORY.md已更新今日成果
- ✅ design-master 技能状态正常（极简设计哲学就绪，等待案例学习）
- ✅ content-master 技能状态正常（多平台运营框架就绪，等待案例学习）
- ✅ 案例库无新内容需要整理
- ✅ 今日对话总结：已完成12:00固定推送（AI资讯x2 + 书籍推荐x1），任务完成，无其他新增对话
- ✅ 推送任务已完成，无需重复推送
- 距离上次对话6小时，不超过8小时，无需发送问候
- 待办事项：封面图生成（等待doubao服务启动），无新增待办
- 无新技能需要介绍
- 未到 23:00，跳过 Git 自动提交上传
- 检查结论：一切正常

## 第十八次检查 (18:04)
- ✅ 今日记忆文件 2026-04-07.md 存在正常，已完整记录今日所有对话
- ✅ MEMORY.md、IDENTITY.md、USER.md 均完整，MEMORY.md已更新今日成果
- ✅ design-master 技能状态正常（极简设计哲学就绪，等待案例学习）
- ✅ content-master 技能状态正常（多平台运营框架就绪，等待案例学习）
- ✅ 案例库无新内容需要整理
- ✅ 今日对话总结：已完成12:00固定推送，无其他新增对话
- ✅ 推送任务已完成，无需重复推送
- 距离上次推送约7小时，不超过8小时，无需发送问候
- 待办事项：封面图生成（等待doubao服务启动），无新增待办
- 无新技能需要介绍
- 未到 23:00，跳过 Git 自动提交上传
- 检查结论：一切正常


## 第十九次检查 (18:34)
- ✅ 今日记忆文件 2026-04-07.md 存在正常，已完整记录今日所有对话
- ✅ MEMORY.md、IDENTITY.md、USER.md 均完整，MEMORY.md已更新今日成果
- ✅ design-master 技能状态正常（极简设计哲学就绪，等待案例学习）
- ✅ content-master 技能状态正常（多平台运营框架就绪，等待案例学习）
- ✅ 案例库无新内容需要整理
- ✅ 今日对话总结：已完成12:00固定推送（AI资讯x2 + 书籍推荐x1），无其他新增对话
- ✅ 推送任务已完成，无需重复推送
- 距离上次推送约8小时，不超过8小时阈值，无需发送问候
- 待办事项：封面图生成（等待doubao服务启动），无新增待办
- 无新技能需要介绍
- 未到 23:00，跳过 Git 自动提交上传
- 检查结论：一切正常

## 第二十次检查 (19:04)
- ✅ 今日记忆文件 2026-04-07.md 存在正常，已完整记录今日所有对话
- ✅ MEMORY.md、IDENTITY.md、USER.md 均完整
- ✅ design-master 技能状态正常，设计哲学框架完整，持续学习中
- ✅ content-master 技能状态正常，多平台创作框架完整，待案例积累
- ✅ 案例库无新内容需要整理
- ✅ 今日重要对话已总结到日记，无新增对话
- ✅ 无偏好变化需要更新，无新学习成果需要记录，无已完成事项需要归档
- ✅ 推送任务已完成，无需重复推送
- 距离上次对话不到8小时，无需发送问候
- 待办事项：封面图生成（等待doubao服务启动），仅此一项，无新增待办
- 无新技能需要介绍
- 未到 23:00，跳过 Git 自动提交上传
- 检查结论：一切正常，无需要主动干预事项

## 第二十一次检查 (19:34)
- ✅ 今日记忆文件 2026-04-07.md 存在正常，已完整记录今日所有对话
- ✅ MEMORY.md、IDENTITY.md、USER.md 均完整，MEMORY.md已更新今日成果
- ✅ design-master 技能状态正常（极简设计哲学就绪，等待案例学习）
- ✅ content-master 技能状态正常（多平台运营框架就绪，等待案例学习）
- ✅ 案例库无新内容需要整理
- ✅ 今日对话总结：已完成12:00固定推送（AI资讯x2 + 书籍推荐x1），无其他新增对话
- ✅ 推送任务已完成，无需重复推送
- 距离上次对话已超过8小时，按HEARTBEAT.md规则应发送问候
- 待办事项：封面图生成（等待doubao服务启动），无新增待办
- 无新技能需要介绍
- 未到 23:00，跳过 Git 自动提交上传
- 检查结论：需要主动发送问候

## 第二十二次检查 (20:04)
- ✅ 今日记忆文件 2026-04-07.md 存在正常，已完整记录今日所有对话
- ✅ MEMORY.md、IDENTITY.md、USER.md 均完整，MEMORY.md已更新今日成果
- ✅ design-master 技能状态正常（极简设计哲学就绪，等待案例学习）
- ✅ content-master 技能状态正常（多平台运营框架就绪，等待案例学习）
- ✅ 案例库无新内容需要整理
- ✅ 今日对话总结：19:34已发送问候，无其他新增对话
- ✅ 推送任务已完成，无需重复推送
- 19:34已发送问候，距离上次问候不到1小时，无需重复发送
- 待办事项：封面图生成（等待doubao服务启动），无新增待办
- 无新技能需要介绍
- 未到 23:00，跳过 Git 自动提交上传
- 检查结论：一切正常，无需干预

## 第二十三次检查 (21:04)
- ✅ 今日记忆文件 2026-04-07.md 存在正常，已完整记录今日所有对话
- ✅ MEMORY.md、IDENTITY.md、USER.md 均完整，MEMORY.md已更新今日成果
- ✅ design-master 技能状态正常（极简设计哲学就绪，等待案例学习）
- ✅ content-master 技能状态正常（多平台运营框架就绪，等待案例学习）
- ✅ 案例库无新内容需要整理
- ✅ 今日对话总结：已完成12:00固定推送，19:34已发送问候，无其他新增对话
- ✅ 推送任务已完成，无需重复推送
- 距离上次问候1.5小时，无需重复发送
- 待办事项：封面图生成（等待doubao服务启动），无新增待办
- 无新技能需要介绍
- 未到 23:00，跳过 Git 自动提交上传
- 检查结论：一切正常，无需主动干预

## 第二十四次检查 (21:34)
- ✅ 今日记忆文件 2026-04-07.md 存在正常，已完整记录今日所有对话
- ✅ MEMORY.md、IDENTITY.md、USER.md 均完整，MEMORY.md已更新今日成果
- ✅ design-master 技能状态正常（极简设计哲学就绪，等待案例学习）
- ✅ content-master 技能状态正常（多平台运营框架就绪，等待案例学习）
- ✅ 案例库无新内容需要整理
- ✅ 今日对话总结：已完成12:00固定推送，19:34已发送问候，无其他新增对话
- ✅ 推送任务已完成，无需重复推送
- 距离上次问候2小时，无需重复发送问候
- 待办事项：封面图生成（等待doubao服务启动），无新增待办
- 无新技能需要介绍
- 未到 23:00，跳过 Git 自动提交上传
- 检查结论：一切正常，无需干预

## 第二十五次检查 (22:04)
- ✅ 今日记忆文件 2026-04-07.md 存在正常，已完整记录今日所有对话
- ✅ MEMORY.md 存在且已更新今日成果，IDENTITY.md 和 USER.md 完整
- ✅ design-master 技能状态正常（极简设计哲学就绪，等待案例学习）
- ✅ content-master 技能状态正常（多平台运营框架就绪，等待案例学习）
- ✅ 案例库无新内容需要整理
- ✅ 今日对话总结：10:34完成推送，19:34发送问候，无其他新增对话
- ✅ 推送任务已完成，无需重复推送
- 距离上次问候2.5小时，无需重复发送问候
- 待办事项：封面图生成（等待doubao服务启动），无新增待办
- 无新技能需要介绍
- 当前时间22:04，距离23:00还有约1小时，暂不执行Git自动提交上传
- 检查结论：一切正常，无需主动干预

## 第二十六次检查 (22:34)
- ✅ 今日记忆文件 2026-04-07.md 存在正常，已完整记录今日所有对话
- ✅ MEMORY.md 存在，最后更新 2026-04-07，内容完整
- ✅ IDENTITY.md（小龙）和 USER.md（野原）均完整无误
- ✅ design-master 技能状态正常，设计哲学框架完整，持续学习中
- ✅ content-master 技能状态正常，多平台内容框架完整，待案例积累
- ✅ 案例库无新内容需要整理
- ✅ 今日重要对话已总结：10:34完成AI资讯+书籍推送，19:34发送问候，无新增对话
- ✅ 无偏好变化、无新学习成果、无已完成事项需要更新归档
- ✅ 每日12:00推送任务已完成，无需重复推送
- ✅ 19:34已发送问候，距离上次问候3小时，无需重复发送
- ✅ 待办事项：封面图生成（等待doubao服务启动），无新增待办
- ✅ 无新技能可用，无需介绍
- 当前时间22:34，距离23:00还有约26分钟，暂不执行Git自动提交上传（等23:00准点执行）
- 检查结论：一切正常，无需主动干预

---

