# 心跳检查日志
检查时间: 2026-04-10 22:26 (Asia/Shanghai)

## 1. 记忆文件状态检查
- ✅ MEMORY.md 存在且最新 (最后更新: 2026-04-09)
- ✅ 今日记忆文件 2026-04-10.md 已存在且完整，记录了今日推送完成
- ✅ IDENTITY.md 完整 (小龙 🐉)
- ✅ USER.md 完整 (野原，飞书连接，需要对话连续性)

## 2. 技能状态检查
- ✅ design-master 技能正常，SKILL.md 完整，持续学习中
- ✅ content-master 技能正常，已建立多平台内容框架
- ✅ 案例库暂无新内容需要整理

## 3. 对话连续性维护
- 今日仅完成定时推送，无新增对话
- 野原偏好无变化
- 无新学习成果需要记录
- 已完成事项均已归档

## 4. 每日固定任务检查
- ✅ 今日 12:00 AI资讯推送已完成 (2条资讯 + 1本书籍推荐)
- ✅ 距离上次推送不到8小时，无需发送问候
- ✅ 无待办事项需要提醒
- ✅ 无新技能待介绍
- ✅ 已执行每日Git提交：本地提交成功，推送失败（网络连接GitHub超时）

## Git提交结果
- 本地提交完成，commit_id: 6ee5ecb
- 推送失败原因: GitHub网络连接超时
- 待网络恢复后可重新推送

## 检查结论
所有检查任务完成，记忆已保存，Git本地提交成功。
