# 心跳检查日志
检查时间: 2026-04-10 09:56 (Asia/Shanghai)

## 1. 记忆文件状态检查
- ✅ MEMORY.md 存在且最新 (最后更新: 2026-04-09)
- ✅ 今日记忆文件 2026-04-10.md 已存在且有记录
- ✅ IDENTITY.md 完整 (小龙 🐉)
- ✅ USER.md 完整 (野原，飞书连接，需要对话连续性)
- ✅ 今日暂无新对话需要保存，Git 提交待 23:00 执行

## 2. 技能状态检查
- ✅ design-master 技能正常，SKILL.md 完整，已学习 Apple LOGO 案例，持续学习中
- ✅ content-master 技能正常，已建立多平台内容框架，整合小红书发布和AI设计工具
- ✅ 案例库暂无新内容需要整理

## 3. 对话连续性维护
- 今日暂无新对话，待后续对话产生后总结要点
- 野原偏好无变化，维持原有配置
- 无新增学习成果，保持昨日状态（MemPalace 已安装待重启）
- 已完成事项均已归档

## 4. 每日固定任务检查
- 当前时间 09:56，不在 11:00-13:00 推送时段，今日推送由定时任务在12:00执行
- 当前距离上次对话不到8小时，无需发送问候
- 无待办事项需要提醒
- 无新技能待介绍
- 当前时间未到 23:00，Git 上传任务待到时执行

## 检查结论
一切正常，无需特别处理。
