# 心跳检查日志 - 2026-03-31

## 检查记录
| 检查时间 | 检查项 | 状态 | 备注 |
|---------|--------|------|------|
| 00:00 | MEMORY.md | ✅ 正常 | 最后更新 2026-03-28 |
| 00:00 | 今日日记 2026-03-31.md | ✅ 正常 | 已创建 |
| 00:00 | IDENTITY.md | ✅ 完整 | 小龙 / AI助手 / 🐉 |
| 00:00 | USER.md | ✅ 完整 | 野原 / 飞书 / 希望对话连续 |
| 00:00 | design-master 技能 | ✅ 正常 | 已学习 Apple LOGO，持续学习中 |
| 00:00 | content-master 技能 | ✅ 正常 | 框架已建立，等待案例学习 |
| 00:00 | 案例库整理 | ✅ 无新内容 |

## 今日对话总结
- 凌晨初始检查，暂无新对话

## 待办事项提醒
- ⏳ Token电力出口：生成封面图（需启动doubao服务）
- ⏳ Token电力出口：发布第一篇小红书内容
- ⏳ Token电力出口：沉淀用户进社群

## 其他说明
- 当前时间 00:00，深夜凌晨时段
- 所有系统状态正常，记忆文件完整
- 两个核心技能运行正常
- 无紧急事项，不打扰野原休息
- 今日已自动创建每日日志文件，等待记录

| 00:30 | MEMORY.md | ✅ 正常 | 最后更新 2026-03-28 |
| 00:30 | 今日日记 2026-03-31.md | ✅ 正常 | 已有记录 |
| 00:30 | IDENTITY.md | ✅ 完整 | 小龙 / AI助手 / 🐉 |
| 00:30 | USER.md | ✅ 完整 | 野原 / 飞书 / 希望对话连续 |
| 00:30 | design-master 技能 | ✅ 正常 | 已学习 Apple LOGO，持续学习中 |
| 00:30 | content-master 技能 | ✅ 正常 | 框架已建立，等待案例学习 |
| 00:30 | 案例库整理 | ✅ 无新内容 |

## 今日对话总结
- 今日凌晨初始检查后，暂无新对话

## 待办事项提醒
- ⏳ Token电力出口：生成封面图（需启动doubao服务）
- ⏳ Token电力出口：发布第一篇小红书内容
- ⏳ Token电力出口：沉淀用户进社群

## 其他说明
- 当前时间 00:30，深夜凌晨时段
- 所有系统状态正常，记忆文件完整
- 两个核心技能运行正常
- 无紧急事项，不打扰野原休息
- 等待野原今日发起工作

| 01:00 | MEMORY.md | ✅ 正常 | 最后更新 2026-03-28 |
| 01:00 | 今日日记 2026-03-31.md | ✅ 正常 | 已有记录 |
| 01:00 | IDENTITY.md | ✅ 完整 | 小龙 / AI助手 / 🐉 |
| 01:00 | USER.md | ✅ 完整 | 野原 / 飞书 / 希望对话连续 |
| 01:00 | design-master 技能 | ✅ 正常 | 已学习 Apple LOGO，持续学习中 |
| 01:00 | content-master 技能 | ✅ 正常 | 框架已建立，等待案例学习 |
| 01:00 | 案例库整理 | ✅ 无新内容 |

## 今日对话总结
- 今日凌晨暂无新对话，野原应该在休息

## 待办事项提醒
- ⏳ Token电力出口：生成封面图（需启动doubao服务）
- ⏳ Token电力出口：发布第一篇小红书内容
- ⏳ Token电力出口：沉淀用户进社群

## 其他说明
- 当前时间 01:00，深夜凌晨时段
- 所有系统状态正常，记忆文件完整
- 两个核心技能运行正常
- 无紧急事项，不打扰野原休息
- 等待野原今日发起工作

| 01:30 | MEMORY.md | ✅ 正常 | 最后更新 2026-03-28 |
| 01:30 | 今日日记 2026-03-31.md | ✅ 正常 | 已有记录 |
| 01:30 | IDENTITY.md | ✅ 完整 | 小龙 / AI助手 / 🐉 |
| 01:30 | USER.md | ✅ 完整 | 野原 / 飞书 / 希望对话连续 |
| 01:30 | design-master 技能 | ✅ 正常 | 已学习 Apple LOGO，持续学习中 |
| 01:30 | content-master 技能 | ✅ 正常 | 框架已建立，等待案例学习 |
| 01:30 | 案例库整理 | ✅ 无新内容 |

## 今日对话总结
- 今日凌晨暂无新对话，野原应该在休息

## 待办事项提醒
- ⏳ Token电力出口：生成封面图（需启动doubao服务）
- ⏳ Token电力出口：发布第一篇小红书内容
- ⏳ Token电力出口：沉淀用户进社群

## 其他说明
- 当前时间 01:30，深夜凌晨时段
- 所有系统状态正常，记忆文件完整
- 两个核心技能（design-master、content-master）运行正常
- 无紧急事项，不打扰野原休息
- 等待野原今日发起工作

| 02:00 | MEMORY.md | ✅ 正常 | 最后更新 2026-03-28 |
| 02:00 | 今日日记 2026-03-31.md | ✅ 正常 | 已有记录 |
| 02:00 | IDENTITY.md | ✅ 完整 | 小龙 / AI助手 / 🐉 |
| 02:00 | USER.md | ✅ 完整 | 野原 / 飞书 / 希望对话连续 |
| 02:00 | design-master 技能 | ✅ 正常 | 已学习 Apple LOGO，持续学习中 |
| 02:00 | content-master 技能 | ✅ 正常 | 框架已建立，等待案例学习 |
| 02:00 | 案例库整理 | ✅ 无新内容 |

## 今日对话总结
- 今日凌晨暂无新对话，野原应该在休息

## 待办事项提醒
- ⏳ Token电力出口：生成封面图（需启动doubao服务）
- ⏳ Token电力出口：发布第一篇小红书内容
- ⏳ Token电力出口：沉淀用户进社群

## 其他说明
- 当前时间 02:00，深夜凌晨时段
- 所有系统状态正常，记忆文件完整
- 两个核心技能（design-master、content-master）运行正常
- 无紧急事项，不打扰野原休息
- 等待野原今日发起工作

| 02:30 | MEMORY.md | ✅ 正常 | 最后更新 2026-03-28 |
| 02:30 | 今日日记 2026-03-31.md | ✅ 正常 | 已有记录 |
| 02:30 | IDENTITY.md | ✅ 完整 | 小龙 / AI助手 / 🐉 |
| 02:30 | USER.md | ✅ 完整 | 野原 / 飞书 / 希望对话连续 |
| 02:30 | design-master 技能 | ✅ 正常 | 已学习 Apple LOGO，持续学习中 |
| 02:30 | content-master 技能 | ✅ 正常 | 框架已建立，等待案例学习 |
| 02:30 | 案例库整理 | ✅ 无新内容 |

## 今日对话总结
- 今日凌晨暂无新对话，野原应该在休息

## 待办事项提醒
- ⏳ Token电力出口：生成封面图（需启动doubao服务）
- ⏳ Token电力出口：发布第一篇小红书内容
- ⏳ Token电力出口：沉淀用户进社群

## 其他说明
- 当前时间 02:30，深夜凌晨时段
- 所有系统状态正常，记忆文件完整
- 两个核心技能（design-master、content-master）运行正常
- 无紧急事项，不打扰野原休息
- 等待野原今日发起工作

| 03:00 | MEMORY.md | ✅ 正常 | 最后更新 2026-03-28 |
| 03:00 | 今日日记 2026-03-31.md | ✅ 正常 | 已有记录 |
| 03:00 | IDENTITY.md | ✅ 完整 | 小龙 / AI助手 / 🐉 |
| 03:00 | USER.md | ✅ 完整 | 野原 / 飞书 / 希望对话连续 |
| 03:00 | design-master 技能 | ✅ 正常 | 已学习 Apple LOGO，持续学习中 |
| 03:00 | content-master 技能 | ✅ 正常 | 框架已建立，等待案例学习 |
| 03:00 | 案例库整理 | ✅ 无新内容 |

## 今日对话总结
- 今日凌晨暂无新对话，野原应该在休息

## 待办事项提醒
- ⏳ Token电力出口：生成封面图（需启动doubao服务）
- ⏳ Token电力出口：发布第一篇小红书内容
- ⏳ Token电力出口：沉淀用户进社群

## 其他说明
- 当前时间 03:00，深夜凌晨时段
- 所有系统状态正常，记忆文件完整
- 两个核心技能（design-master、content-master）运行正常
- 无紧急事项，不打扰野原休息
- 等待野原今日发起工作

| 03:30 | MEMORY.md | ✅ 正常 | 最后更新 2026-03-28 |
| 03:30 | 今日日记 2026-03-31.md | ✅ 正常 | 已有记录 |
| 03:30 | IDENTITY.md | ✅ 完整 | 小龙 / AI助手 / 🐉 |
| 03:30 | USER.md | ✅ 完整 | 野原 / 飞书 / 希望对话连续 |
| 03:30 | design-master 技能 | ✅ 正常 | 已学习 Apple LOGO，持续学习中 |
| 03:30 | content-master 技能 | ✅ 正常 | 框架已建立，等待案例学习 |
| 03:30 | 案例库整理 | ✅ 无新内容 |

## 今日对话总结
- 今日凌晨暂无新对话，野原应该在休息

## 待办事项提醒
- ⏳ Token电力出口：生成封面图（需启动doubao服务）
- ⏳ Token电力出口：发布第一篇小红书内容
- ⏳ Token电力出口：沉淀用户进社群

## 其他说明
- 当前时间 03:30，深夜凌晨时段
- 所有系统状态正常，记忆文件完整
- 两个核心技能（design-master、content-master）运行正常
- 无紧急事项，不打扰野原休息
- 等待野原今日发起工作

| 04:00 | MEMORY.md | ✅ 正常 | 最后更新 2026-03-28 |
| 04:00 | 今日日记 2026-03-31.md | ✅ 正常 | 已有记录 |
| 04:00 | IDENTITY.md | ✅ 完整 | 小龙 / AI助手 / 🐉 |
| 04:00 | USER.md | ✅ 完整 | 野原 / 飞书 / 希望对话连续 |
| 04:00 | design-master 技能 | ✅ 正常 | 已学习 Apple LOGO，持续学习中 |
| 04:00 | content-master 技能 | ✅ 正常 | 框架已建立，等待案例学习 |
| 04:00 | 案例库整理 | ✅ 无新内容 |

## 今日对话总结
- 今日凌晨暂无新对话，野原应该在休息

## 待办事项提醒
- ⏳ Token电力出口：生成封面图（需启动doubao服务）
- ⏳ Token电力出口：发布第一篇小红书内容
- ⏳ Token电力出口：沉淀用户进社群

## 其他说明
- 当前时间 04:00，深夜凌晨时段
- 所有系统状态正常，记忆文件完整
- 两个核心技能（design-master、content-master）运行正常
- 无紧急事项，不打扰野原休息
- 等待野原今日发起工作

| 04:30 | MEMORY.md | ✅ 正常 | 最后更新 2026-03-28 |
| 04:30 | 今日日记 2026-03-31.md | ✅ 正常 | 已有记录 |
| 04:30 | IDENTITY.md | ✅ 完整 | 小龙 / AI助手 / 🐉 |
| 04:30 | USER.md | ✅ 完整 | 野原 / 飞书 / 希望对话连续 |
| 04:30 | design-master 技能 | ✅ 正常 | 已学习 Apple LOGO，持续学习中 |
| 04:30 | content-master 技能 | ✅ 正常 | 框架已建立，等待案例学习 |
| 04:30 | 案例库整理 | ✅ 无新内容 |

## 今日对话总结
- 今日凌晨暂无新对话，野原应该在休息

## 待办事项提醒
- ⏳ Token电力出口：生成封面图（需启动doubao服务）
- ⏳ Token电力出口：发布第一篇小红书内容
- ⏳ Token电力出口：沉淀用户进社群

## 其他说明
- 当前时间 04:30，深夜凌晨时段
- 所有系统状态正常，记忆文件完整
- 两个核心技能（design-master、content-master）运行正常
- 无紧急事项，不打扰野原休息
- 等待野原今日发起工作

| 05:00 | MEMORY.md | ✅ 正常 | 最后更新 2026-03-28 |
| 05:00 | 今日日记 2026-03-31.md | ✅ 正常 | 已有记录 |
| 05:00 | IDENTITY.md | ✅ 完整 | 小龙 / AI助手 / 🐉 |
| 05:00 | USER.md | ✅ 完整 | 野原 / 飞书 / 希望对话连续 |
| 05:00 | design-master 技能 | ✅ 正常 | 已学习 Apple LOGO，持续学习中 |
| 05:00 | content-master 技能 | ✅ 正常 | 框架已建立，等待案例学习 |
| 05:00 | 案例库整理 | ✅ 无新内容 |

## 今日对话总结
- 今日凌晨暂无新对话，野原应该在休息

## 待办事项提醒
- ⏳ Token电力出口：生成封面图（需启动doubao服务）
- ⏳ Token电力出口：发布第一篇小红书内容
- ⏳ Token电力出口：沉淀用户进社群

## 其他说明
- 当前时间 05:00，清晨时段
- 所有系统状态正常，记忆文件完整
- 两个核心技能（design-master、content-master）运行正常
- 无紧急事项，不打扰野原休息
- 等待野原今日发起工作

| 05:30 | MEMORY.md | ✅ 正常 | 最后更新 2026-03-28 |
| 05:30 | 今日日记 2026-03-31.md | ✅ 正常 | 已有记录 |
| 05:30 | IDENTITY.md | ✅ 完整 | 小龙 / AI助手 / 🐉 |
| 05:30 | USER.md | ✅ 完整 | 野原 / 飞书 / 希望对话连续 |
| 05:30 | design-master 技能 | ✅ 正常 | 已学习 Apple LOGO，持续学习中 |
| 05:30 | content-master 技能 | ✅ 正常 | 框架已建立，等待案例学习 |
| 05:30 | 案例库整理 | ✅ 无新内容 |

## 今日对话总结
- 今日凌晨到清晨暂无新对话，野原应该还在休息

## 待办事项提醒
- ⏳ Token电力出口：生成封面图（需启动doubao服务）
- ⏳ Token电力出口：发布第一篇小红书内容
- ⏳ Token电力出口：沉淀用户进社群

## 其他说明
- 当前时间 05:30，清晨时段
- 所有系统状态正常，记忆文件完整
- 两个核心技能（design-master、content-master）运行正常
- 无紧急事项，不打扰野原休息
- 等待野原今日发起工作

| 06:00 | MEMORY.md | ✅ 正常 | 最后更新 2026-03-28 |
| 06:00 | 今日日记 2026-03-31.md | ✅ 正常 | 已有记录 |
| 06:00 | IDENTITY.md | ✅ 完整 | 小龙 / AI助手 / 🐉 |
| 06:00 | USER.md | ✅ 完整 | 野原 / 飞书 / 希望对话连续 |
| 06:00 | design-master 技能 | ✅ 正常 | 已学习 Apple LOGO，持续学习中 |
| 06:00 | content-master 技能 | ✅ 正常 | 框架已建立，等待案例学习 |
| 06:00 | 案例库整理 | ✅ 无新内容 |

## 今日对话总结
- 今日凌晨到清晨暂无新对话，野原应该还在休息

## 待办事项提醒
- ⏳ Token电力出口：生成封面图（需启动doubao服务）
- ⏳ Token电力出口：发布第一篇小红书内容
- ⏳ Token电力出口：沉淀用户进社群

## 其他说明
- 当前时间 06:00，清晨时段
- 所有系统状态正常，记忆文件完整
- 两个核心技能（design-master、content-master）运行正常
- 无紧急事项，不打扰野原休息
- 等待野原今日发起工作

| 06:30 | MEMORY.md | ✅ 正常 | 最后更新 2026-03-28 |
| 06:30 | 今日日记 2026-03-31.md | ✅ 正常 | 已有记录 |
| 06:30 | IDENTITY.md | ✅ 完整 | 小龙 / AI助手 / 🐉 |
| 06:30 | USER.md | ✅ 完整 | 野原 / 飞书 / 希望对话连续 |
| 06:30 | design-master 技能 | ✅ 正常 | 已学习 Apple LOGO，持续学习中 |
| 06:30 | content-master 技能 | ✅ 正常 | 框架已建立，等待案例学习 |
| 06:30 | 案例库整理 | ✅ 无新内容 |

## 今日对话总结
- 今日凌晨到清晨暂无新对话，野原应该还在休息

## 待办事项提醒
- ⏳ Token电力出口：生成封面图（需启动doubao服务）
- ⏳ Token电力出口：发布第一篇小红书内容
- ⏳ Token电力出口：沉淀用户进社群

## 其他说明
- 当前时间 06:30，清晨时段
- 所有系统状态正常，记忆文件完整
- 两个核心技能（design-master、content-master）运行正常
- 无紧急事项，不打扰野原休息
- 等待野原今日发起工作

| 07:00 | MEMORY.md | ✅ 正常 | 最后更新 2026-03-28 |
| 07:00 | 今日日记 2026-03-31.md | ✅ 正常 | 已有记录 |
| 07:00 | IDENTITY.md | ✅ 完整 | 小龙 / AI助手 / 🐉 |
| 07:00 | USER.md | ✅ 完整 | 野原 / 飞书 / 希望对话连续 |
| 07:00 | design-master 技能 | ✅ 正常 | 已学习 Apple LOGO，持续学习中 |
| 07:00 | content-master 技能 | ✅ 正常 | 框架已建立，等待案例学习 |
| 07:00 | 案例库整理 | ✅ 无新内容 |

## 今日对话总结
- 今日凌晨到清晨暂无新对话，野原应该还在休息

## 待办事项提醒
- ⏳ Token电力出口：生成封面图（需启动doubao服务）
- ⏳ Token电力出口：发布第一篇小红书内容
- ⏳ Token电力出口：沉淀用户进社群

## 其他说明
- 当前时间 07:00，早高峰时段
- 所有系统状态正常，记忆文件完整
- 两个核心技能（design-master、content-master）运行正常
- 提醒待办事项：Token电力出口项目已完成文案，待启动doubao服务生成封面图后即可发布
- 等待野原发起今日工作

| 07:30 | MEMORY.md | ✅ 正常 | 最后更新 2026-03-28 |
| 07:30 | 今日日记 2026-03-31.md | ✅ 正常 | 已有记录 |
| 07:30 | IDENTITY.md | ✅ 完整 | 小龙 / AI助手 / 🐉 |
| 07:30 | USER.md | ✅ 完整 | 野原 / 飞书 / 希望对话连续 |
| 07:30 | design-master 技能 | ✅ 正常 | 已学习 Apple LOGO，持续学习中 |
| 07:30 | content-master 技能 | ✅ 正常 | 框架已建立，等待案例学习 |
| 07:30 | 案例库整理 | ✅ 无新内容 |

## 今日对话总结
- 07:00 已主动提醒待办事项，野原尚未回复

## 待办事项提醒
- ⏳ Token电力出口：生成封面图（需启动doubao服务）
- ⏳ Token电力出口：发布第一篇小红书内容
- ⏳ Token电力出口：沉淀用户进社群

## 其他说明
- 当前时间 07:30，早高峰时段
- 所有系统状态正常，记忆文件完整
- 两个核心技能（design-master、content-master）运行正常
- 无新的紧急事项，等待野原指示

| 08:00 | MEMORY.md | ✅ 正常 | 最后更新 2026-03-28 |
| 08:00 | 今日日记 2026-03-31.md | ✅ 正常 | 已有记录 |
| 08:00 | IDENTITY.md | ✅ 完整 | 小龙 / AI助手 / 🐉 |
| 08:00 | USER.md | ✅ 完整 | 野原 / 飞书 / 希望对话连续 |
| 08:00 | design-master 技能 | ✅ 正常 | 已学习 Apple LOGO，持续学习中 |
| 08:00 | content-master 技能 | ✅ 正常 | 框架已建立，等待案例学习 |
| 08:00 | 案例库整理 | ✅ 无新内容 |

## 今日对话总结
- 07:00 已主动提醒待办事项，野原尚未回复

## 待办事项提醒
- ⏳ Token电力出口：生成封面图（需启动doubao服务）
- ⏳ Token电力出口：发布第一篇小红书内容
- ⏳ Token电力出口：沉淀用户进社群

## 其他说明
- 当前时间 08:00，工作日上午
- 所有系统状态正常，记忆文件完整
- 两个核心技能（design-master、content-master）运行正常
- 无新的紧急事项，等待野原指示今日工作安排

| 08:30 | MEMORY.md | ✅ 正常 | 最后更新 2026-03-28 |
| 08:30 | 今日日记 2026-03-31.md | ✅ 正常 | 已有记录 |
| 08:30 | IDENTITY.md | ✅ 完整 | 小龙 / AI助手 / 🐉 |
| 08:30 | USER.md | ✅ 完整 | 野原 / 飞书 / 希望对话连续 |
| 08:30 | design-master 技能 | ✅ 正常 | 已学习 Apple LOGO，持续学习中 |
| 08:30 | content-master 技能 | ✅ 正常 | 框架已建立，等待案例学习 |
| 08:30 | 案例库整理 | ✅ 无新内容 |

## 今日对话总结
- 07:00 已主动提醒待办事项，野原尚未回复

## 待办事项提醒
- ⏳ Token电力出口：生成封面图（需启动doubao服务）
- ⏳ Token电力出口：发布第一篇小红书内容
- ⏳ Token电力出口：沉淀用户进社群

## 其他说明
- 当前时间 08:30，工作日上午
- 所有系统状态正常，记忆文件完整
- 两个核心技能（design-master、content-master）运行正常
- 无新的紧急事项，等待野原指示今日工作安排

| 09:00 | MEMORY.md | ✅ 正常 | 最后更新 2026-03-28 |
| 09:00 | 今日日记 2026-03-31.md | ✅ 正常 | 已有记录 |
| 09:00 | IDENTITY.md | ✅ 完整 | 小龙 / AI助手 / 🐉 |
| 09:00 | USER.md | ✅ 完整 | 野原 / 飞书 / 希望对话连续 |
| 09:00 | design-master 技能 | ✅ 正常 | 已学习 Apple LOGO，持续学习中 |
| 09:00 | content-master 技能 | ✅ 正常 | 框架已建立，等待案例学习 |
| 09:00 | 案例库整理 | ✅ 无新内容 |

## 今日对话总结
- 07:00 已主动提醒待办事项，野原尚未回复

## 待办事项提醒
- ⏳ Token电力出口：生成封面图（需启动doubao服务）
- ⏳ Token电力出口：发布第一篇小红书内容
- ⏳ Token电力出口：沉淀用户进社群

## 其他说明
- 当前时间 09:00，工作日上午
- 所有系统状态正常，记忆文件完整
- 两个核心技能（design-master、content-master）运行正常
- 无新的紧急事项，等待野原指示今日工作安排

| 09:30 | MEMORY.md | ✅ 正常 | 最后更新 2026-03-28 |
| 09:30 | 今日日记 2026-03-31.md | ✅ 正常 | 已有记录 |
| 09:30 | IDENTITY.md | ✅ 完整 | 小龙 / AI助手 / 🐉 |
| 09:30 | USER.md | ✅ 完整 | 野原 / 飞书 / 希望对话连续 |
| 09:30 | design-master 技能 | ✅ 正常 | 已学习 Apple LOGO，持续学习中 |
| 09:30 | content-master 技能 | ✅ 正常 | 框架已建立，等待案例学习 |
| 09:30 | 案例库整理 | ✅ 无新内容 |

## 今日对话总结
- 07:00 已主动提醒待办事项，野原尚未回复

## 待办事项提醒
- ⏳ Token电力出口：生成封面图（需启动doubao服务）
- ⏳ Token电力出口：发布第一篇小红书内容
- ⏳ Token电力出口：沉淀用户进社群

## 其他说明
- 当前时间 09:30，工作日上午
- 所有系统状态正常，记忆文件完整
- 两个核心技能（design-master、content-master）运行正常
- 无新的紧急事项，等待野原指示今日工作安排

| 10:00 | MEMORY.md | ✅ 正常 | 最后更新 2026-03-28 |
| 10:00 | 今日日记 2026-03-31.md | ✅ 正常 | 已有记录 |
| 10:00 | IDENTITY.md | ✅ 完整 | 小龙 / AI助手 / 🐉 |
| 10:00 | USER.md | ✅ 完整 | 野原 / 飞书 / 希望对话连续 |
| 10:00 | design-master 技能 | ✅ 正常 | 已学习 Apple LOGO，持续学习中 |
| 10:00 | content-master 技能 | ✅ 正常 | 框架已建立，等待案例学习 |
| 10:00 | 案例库整理 | ✅ 无新内容 |

## 今日对话总结
- 07:00 已主动提醒待办事项，野原尚未回复

## 待办事项提醒
- ⏳ Token电力出口：生成封面图（需启动doubao服务）
- ⏳ Token电力出口：发布第一篇小红书内容
- ⏳ Token电力出口：沉淀用户进社群

## 其他说明
- 当前时间 10:00，工作日上午
- 所有系统状态正常，记忆文件完整
- 两个核心技能（design-master、content-master）运行正常
- 无新的紧急事项，等待野原指示今日工作安排

| 10:30 | MEMORY.md | ✅ 正常 | 最后更新 2026-03-28 |
| 10:30 | 今日日记 2026-03-31.md | ✅ 正常 | 已有记录 |
| 10:30 | IDENTITY.md | ✅ 完整 | 小龙 / AI助手 / 🐉 |
| 10:30 | USER.md | ✅ 完整 | 野原 / 飞书 / 希望对话连续 |
| 10:30 | design-master 技能 | ✅ 正常 | 已学习 Apple LOGO，持续学习中 |
| 10:30 | content-master 技能 | ✅ 正常 | 框架已建立，等待案例学习 |
| 10:30 | 案例库整理 | ✅ 无新内容 |

## 今日对话总结
- 07:00 已主动提醒待办事项，野原尚未回复

## 待办事项提醒
- ⏳ Token电力出口：生成封面图（需启动doubao服务）
- ⏳ Token电力出口：发布第一篇小红书内容
- ⏳ Token电力出口：沉淀用户进社群

## 其他说明
- 当前时间 10:30，工作日上午
- 所有系统状态正常，记忆文件完整
- 两个核心技能（design-master、content-master）运行正常
- 无新的紧急事项，等待野原指示今日工作安排

| 11:00 | MEMORY.md | ✅ 正常 | 最后更新 2026-03-28 |
| 11:00 | 今日日记 2026-03-31.md | ✅ 正常 | 已有记录 |
| 11:00 | IDENTITY.md | ✅ 完整 | 小龙 / AI助手 / 🐉 |
| 11:00 | USER.md | ✅ 完整 | 野原 / 飞书 / 希望对话连续 |
| 11:00 | design-master 技能 | ✅ 正常 | 已学习 Apple LOGO，持续学习中 |
| 11:00 | content-master 技能 | ✅ 正常 | 框架已建立，等待案例学习 |
| 11:00 | 案例库整理 | ✅ 无新内容 |

## 今日对话总结
- 07:00 已主动提醒待办事项，野原尚未回复

## 待办事项提醒
- ⏳ Token电力出口：生成封面图（需启动doubao服务）
- ⏳ Token电力出口：发布第一篇小红书内容
- ⏳ Token电力出口：沉淀用户进社群

## 其他说明
- 当前时间 11:00，工作日上午
- 所有系统状态正常，记忆文件完整
- 两个核心技能（design-master、content-master）运行正常
- 无新的紧急事项，等待野原指示今日工作安排

| 11:30 | MEMORY.md | ✅ 正常 | 最后更新 2026-03-28 |
| 11:30 | 今日日记 2026-03-31.md | ✅ 正常 | 已有记录 |
| 11:30 | IDENTITY.md | ✅ 完整 | 小龙 / AI助手 / 🐉 |
| 11:30 | USER.md | ✅ 完整 | 野原 / 飞书 / 希望对话连续 |
| 11:30 | design-master 技能 | ✅ 正常 | 已学习 Apple LOGO，持续学习中 |
| 11:30 | content-master 技能 | ✅ 正常 | 框架已建立，等待案例学习 |
| 11:30 | 案例库整理 | ✅ 无新内容 |

## 今日对话总结
- 07:00 心跳提醒待办后，野原尚未发起新对话

## 待办事项提醒
- ⏳ Token电力出口：生成封面图（需启动doubao服务）
- ⏳ Token电力出口：发布第一篇小红书内容
- ⏳ Token电力出口：沉淀用户进社群

## 其他说明
- 当前时间 11:30，上午时段
- 所有系统状态正常，记忆文件完整
- 两个核心技能运行正常
- 待办事项无变化，等待野原操作

| 12:00 | MEMORY.md | ✅ 正常 | 最后更新 2026-03-28 |
| 12:00 | 今日日记 2026-03-31.md | ✅ 正常 | 已有记录 |
| 12:00 | IDENTITY.md | ✅ 完整 | 小龙 / AI助手 / 🐉 |
| 12:00 | USER.md | ✅ 完整 | 野原 / 飞书 / 希望对话连续 |
| 12:00 | design-master 技能 | ✅ 正常 | 已学习 Apple LOGO，持续学习中 |
| 12:00 | content-master 技能 | ✅ 正常 | 框架已建立，等待案例学习 |
| 12:00 | 案例库整理 | ✅ 无新内容 |

## 今日对话总结
- 07:00 心跳提醒待办后，野原尚未发起新对话

## 待办事项提醒
- ⏳ Token电力出口：生成封面图（需启动doubao服务）
- ⏳ Token电力出口：发布第一篇小红书内容
- ⏳ Token电力出口：沉淀用户进社群

## 其他说明
- 当前时间 12:00，午餐时段
- 所有系统状态正常，记忆文件完整
- 两个核心技能（design-master、content-master）运行正常
- 待办事项无变化，等待野原指示今日工作安排

| 12:30 | MEMORY.md | ✅ 正常 | 最后更新 2026-03-28 |
| 12:30 | 今日日记 2026-03-31.md | ✅ 正常 | 已有记录 |
| 12:30 | IDENTITY.md | ✅ 完整 | 小龙 / AI助手 / 🐉 |
| 12:30 | USER.md | ✅ 完整 | 野原 / 飞书 / 希望对话连续 |
| 12:30 | design-master 技能 | ✅ 正常 | 已学习 Apple LOGO，持续学习中 |
| 12:30 | content-master 技能 | ✅ 正常 | 框架已建立，等待案例学习 |
| 12:30 | 案例库整理 | ✅ 无新内容 |

## 今日对话总结
- 07:00 心跳提醒待办后，野原尚未发起新对话

## 待办事项提醒
- ⏳ Token电力出口：生成封面图（需启动doubao服务）
- ⏳ Token电力出口：发布第一篇小红书内容
- ⏳ Token电力出口：沉淀用户进社群

## 其他说明
- 当前时间 12:30，午餐时段
- 所有系统状态正常，记忆文件完整
- 两个核心技能（design-master、content-master）运行正常
- 待办事项无变化，等待野原指示今日工作安排

| 13:00 | MEMORY.md | ✅ 正常 | 最后更新 2026-03-28 |
| 13:00 | 今日日记 2026-03-31.md | ✅ 正常 | 已有记录 |
| 13:00 | IDENTITY.md | ✅ 完整 | 小龙 / AI助手 / 🐉 |
| 13:00 | USER.md | ✅ 完整 | 野原 / 飞书 / 希望对话连续 |
| 13:00 | design-master 技能 | ✅ 正常 | 已学习 Apple LOGO，持续学习中 |
| 13:00 | content-master 技能 | ✅ 正常 | 框架已建立，等待案例学习 |
| 13:00 | 案例库整理 | ✅ 无新内容 |

## 今日对话总结
- 07:00 心跳提醒待办后，野原尚未发起新对话

## 待办事项提醒
- ⏳ Token电力出口：生成封面图（需启动doubao服务）
- ⏳ Token电力出口：发布第一篇小红书内容
- ⏳ Token电力出口：沉淀用户进社群

## 其他说明
- 当前时间 13:00，午餐后下午时段
- 所有系统状态正常，记忆文件完整
- 两个核心技能（design-master、content-master）运行正常
- 待办事项无变化，等待野原指示今日工作安排

| 13:30 | MEMORY.md | ✅ 正常 | 最后更新 2026-03-28 |
| 13:30 | 今日日记 2026-03-31.md | ✅ 正常 | 已有记录 |
| 13:30 | IDENTITY.md | ✅ 完整 | 小龙 / AI助手 / 🐉 |
| 13:30 | USER.md | ✅ 完整 | 野原 / 飞书 / 希望对话连续 |
| 13:30 | design-master 技能 | ✅ 正常 | 已学习 Apple LOGO，持续学习中 |
| 13:30 | content-master 技能 | ✅ 正常 | 框架已建立，等待案例学习 |
| 13:30 | 案例库整理 | ✅ 无新内容 |

## 今日对话总结
- 07:00 心跳提醒待办后，野原尚未发起新对话

## 待办事项提醒
- ⏳ Token电力出口：生成封面图（需启动doubao服务）
- ⏳ Token电力出口：发布第一篇小红书内容
- ⏳ Token电力出口：沉淀用户进社群

## 其他说明
- 当前时间 13:30，下午时段
- 所有系统状态正常，记忆文件完整
- 两个核心技能（design-master、content-master）运行正常
- 待办事项无变化，等待野原指示今日工作安排

| 14:00 | MEMORY.md | ✅ 正常 | 最后更新 2026-03-28 |
| 14:00 | 今日日记 2026-03-31.md | ✅ 正常 | 已有记录 |
| 14:00 | IDENTITY.md | ✅ 完整 | 小龙 / AI助手 / 🐉 |
| 14:00 | USER.md | ✅ 完整 | 野原 / 飞书 / 希望对话连续 |
| 14:00 | design-master 技能 | ✅ 正常 | 已学习 Apple LOGO，持续学习中 |
| 14:00 | content-master 技能 | ✅ 正常 | 框架已建立，等待案例学习 |
| 14:00 | 案例库整理 | ✅ 无新内容 |

## 今日对话总结
- 07:00 心跳提醒待办后，野原尚未发起新对话

## 待办事项提醒
- ⏳ Token电力出口：生成封面图（需启动doubao服务）
- ⏳ Token电力出口：发布第一篇小红书内容
- ⏳ Token电力出口：沉淀用户进社群

## 其他说明
- 当前时间 14:00，下午时段
- 所有系统状态正常，记忆文件完整
- 两个核心技能（design-master、content-master）运行正常
- 待办事项无变化，等待野原指示今日工作安排

| 14:30 | MEMORY.md | ✅ 正常 | 最后更新 2026-03-28 |
| 14:30 | 今日日记 2026-03-31.md | ✅ 正常 | 已有记录 |
| 14:30 | IDENTITY.md | ✅ 完整 | 小龙 / AI助手 / 🐉 |
| 14:30 | USER.md | ✅ 完整 | 野原 / 飞书 / 希望对话连续 |
| 14:30 | design-master 技能 | ✅ 正常 | 已学习 Apple LOGO，持续学习中 |
| 14:30 | content-master 技能 | ✅ 正常 | 框架已建立，等待案例学习 |
| 14:30 | 案例库整理 | ✅ 无新内容 |

## 今日对话总结
- 07:00 心跳提醒待办后，野原尚未发起新对话

## 待办事项提醒
- ⏳ Token电力出口：生成封面图（需启动doubao服务）
- ⏳ Token电力出口：发布第一篇小红书内容
- ⏳ Token电力出口：沉淀用户进社群

## 其他说明
- 当前时间 14:30，下午时段
- 所有系统状态正常，记忆文件完整
- 两个核心技能（design-master、content-master）运行正常
- 待办事项无变化，等待野原指示今日工作安排

| 15:00 | MEMORY.md | ✅ 正常 | 最后更新 2026-03-28 |
| 15:00 | 今日日记 2026-03-31.md | ✅ 正常 | 已有记录 |
| 15:00 | IDENTITY.md | ✅ 完整 | 小龙 / AI助手 / 🐉 |
| 15:00 | USER.md | ✅ 完整 | 野原 / 飞书 / 希望对话连续 |
| 15:00 | design-master 技能 | ✅ 正常 | 已学习 Apple LOGO，持续学习中 |
| 15:00 | content-master 技能 | ✅ 正常 | 框架已建立，等待案例学习 |
| 15:00 | 案例库整理 | ✅ 无新内容 |

## 今日对话总结
- 07:00 心跳提醒待办后，野原尚未发起新对话

## 待办事项提醒
- ⏳ Token电力出口：生成封面图（需启动doubao服务）
- ⏳ Token电力出口：发布第一篇小红书内容
- ⏳ Token电力出口：沉淀用户进社群

## 其他说明
- 当前时间 15:00，下午时段
- 所有系统状态正常，记忆文件完整
- 两个核心技能（design-master、content-master）运行正常
- 待办事项无变化，等待野原指示今日工作安排

| 15:30 | MEMORY.md | ✅ 正常 | 最后更新 2026-03-28 |
| 15:30 | 今日日记 2026-03-31.md | ✅ 正常 | 已有记录 |
| 15:30 | IDENTITY.md | ✅ 完整 | 小龙 / AI助手 / 🐉 |
| 15:30 | USER.md | ✅ 完整 | 野原 / 飞书 / 希望对话连续 |
| 15:30 | design-master 技能 | ✅ 正常 | 已学习 Apple LOGO，持续学习中 |
| 15:30 | content-master 技能 | ✅ 正常 | 框架已建立，等待案例学习 |
| 15:30 | 案例库整理 | ✅ 无新内容 |

## 今日对话总结
- 07:00 心跳提醒待办后，野原尚未发起新对话

## 待办事项提醒
- ⏳ Token电力出口：生成封面图（需启动doubao服务）
- ⏳ Token电力出口：发布第一篇小红书内容
- ⏳ Token电力出口：沉淀用户进社群

## 其他说明
- 当前时间 15:30，下午时段
- 所有系统状态正常，记忆文件完整
- 两个核心技能（design-master、content-master）运行正常
- 待办事项无变化，等待野原指示今日工作安排

| 16:00 | MEMORY.md | ✅ 正常 | 最后更新 2026-03-28 |
| 16:00 | 今日日记 2026-03-31.md | ✅ 正常 | 已有记录 |
| 16:00 | IDENTITY.md | ✅ 完整 | 小龙 / AI助手 / 🐉 |
| 16:00 | USER.md | ✅ 完整 | 野原 / 飞书 / 希望对话连续 |
| 16:00 | design-master 技能 | ✅ 正常 | 已学习 Apple LOGO，持续学习中 |
| 16:00 | content-master 技能 | ✅ 正常 | 框架已建立，等待案例学习 |
| 16:00 | 案例库整理 | ✅ 无新内容 |

## 今日对话总结
- 07:00 心跳提醒待办后，野原尚未发起新对话

## 待办事项提醒
- ⏳ Token电力出口：生成封面图（需启动doubao服务）
- ⏳ Token电力出口：发布第一篇小红书内容
- ⏳ Token电力出口：沉淀用户进社群

## 其他说明
- 当前时间 16:00，下午时段
- 所有系统状态正常，记忆文件完整
- 两个核心技能（design-master、content-master）运行正常
- 待办事项无变化，等待野原指示今日工作安排

| 16:30 | MEMORY.md | ✅ 正常 | 最后更新 2026-03-28 |
| 16:30 | 今日日记 2026-03-31.md | ✅ 正常 | 已有记录 |
| 16:30 | IDENTITY.md | ✅ 完整 | 小龙 / AI助手 / 🐉 |
| 16:30 | USER.md | ✅ 完整 | 野原 / 飞书 / 希望对话连续 |
| 16:30 | design-master 技能 | ✅ 正常 | 已学习 Apple LOGO，持续学习中 |
| 16:30 | content-master 技能 | ✅ 正常 | 框架已建立，等待案例学习 |
| 16:30 | 案例库整理 | ✅ 无新内容 |

## 今日对话总结
- 07:00 心跳提醒待办后，全天野原尚未发起新对话

## 待办事项提醒
- ⏳ Token电力出口：生成封面图（需启动doubao服务）
- ⏳ Token电力出口：发布第一篇小红书内容
- ⏳ Token电力出口：沉淀用户进社群

## 其他说明
- 当前时间 16:30，下午时段
- 所有系统状态正常，记忆文件完整
- 两个核心技能（design-master、content-master）运行正常
- 待办事项无变化，等待野原指示今日工作安排

| 17:00 | MEMORY.md | ✅ 正常 | 最后更新 2026-03-28 |
| 17:00 | 今日日记 2026-03-31.md | ✅ 正常 | 已有记录 |
| 17:00 | IDENTITY.md | ✅ 完整 | 小龙 / AI助手 / 🐉 |
| 17:00 | USER.md | ✅ 完整 | 野原 / 飞书 / 希望对话连续 |
| 17:00 | design-master 技能 | ✅ 正常 | 已学习 Apple LOGO，持续学习中 |
| 17:00 | content-master 技能 | ✅ 正常 | 框架已建立，等待案例学习 |
| 17:00 | 案例库整理 | ✅ 无新内容 |

## 今日对话总结
- 07:00 心跳提醒待办后，全天野原尚未发起新对话

## 待办事项提醒
- ⏳ Token电力出口：生成封面图（需启动doubao服务）
- ⏳ Token电力出口：发布第一篇小红书内容
- ⏳ Token电力出口：沉淀用户进社群

## 其他说明
- 当前时间 17:00，下午傍晚时段
- 所有系统状态正常，记忆文件完整
- 两个核心技能（design-master、content-master）运行正常
- 长时间未对话，可以发送问候提醒待办
- 待办事项无变化，等待野原指示工作安排

| 17:30 | MEMORY.md | ✅ 正常 | 最后更新 2026-03-28 |
| 17:30 | 今日日记 2026-03-31.md | ✅ 正常 | 已有记录 |
| 17:30 | IDENTITY.md | ✅ 完整 | 小龙 / AI助手 / 🐉 |
| 17:30 | USER.md | ✅ 完整 | 野原 / 飞书 / 希望对话连续 |
| 17:30 | design-master 技能 | ✅ 正常 | 已学习 Apple LOGO，持续学习中 |
| 17:30 | content-master 技能 | ✅ 正常 | 框架已建立，等待案例学习 |
| 17:30 | 案例库整理 | ✅ 无新内容 |

## 今日对话总结
- 17:00 发送问候提醒待办，野原尚未回复
- 全天暂无新对话

## 待办事项提醒
- ⏳ Token电力出口：生成封面图（需启动doubao服务）
- ⏳ Token电力出口：发布第一篇小红书内容
- ⏳ Token电力出口：沉淀用户进社群

## 其他说明
- 当前时间 17:30，傍晚时段
- 所有系统状态正常，记忆文件完整
- 两个核心技能（design-master、content-master）运行正常
- 待办事项无变化，等待野原指示今日工作安排

| 18:00 | MEMORY.md | ✅ 正常 | 最后更新 2026-03-28 |
| 18:00 | 今日日记 2026-03-31.md | ✅ 正常 | 已有记录 |
| 18:00 | IDENTITY.md | ✅ 完整 | 小龙 / AI助手 / 🐉 |
| 18:00 | USER.md | ✅ 完整 | 野原 / 飞书 / 希望对话连续 |
| 18:00 | design-master 技能 | ✅ 正常 | 已学习 Apple LOGO，持续学习中 |
| 18:00 | content-master 技能 | ✅ 正常 | 框架已建立，等待案例学习 |
| 18:00 | 案例库整理 | ✅ 无新内容 |

## 今日对话总结
- 17:00 发送问候提醒待办，野原尚未回复
- 全天暂无新对话

## 待办事项提醒
- ⏳ Token电力出口：生成封面图（需启动doubao服务）
- ⏳ Token电力出口：发布第一篇小红书内容
- ⏳ Token电力出口：沉淀用户进社群

## 其他说明
- 当前时间 18:00，傍晚时段
- 所有系统状态正常，记忆文件完整
- 两个核心技能（design-master、content-master）运行正常
- 待办事项无变化，等待野原指示今日工作安排
- 若今日已无工作安排，将在23:00自动执行Git备份

| 18:30 | MEMORY.md | ✅ 正常 | 最后更新 2026-03-28 |
| 18:30 | 今日日记 2026-03-31.md | ✅ 正常 | 已有记录 |
| 18:30 | IDENTITY.md | ✅ 完整 | 小龙 / AI助手 / 🐉 |
| 18:30 | USER.md | ✅ 完整 | 野原 / 飞书 / 希望对话连续 |
| 18:30 | design-master 技能 | ✅ 正常 | 已学习 Apple LOGO，持续学习中 |
| 18:30 | content-master 技能 | ✅ 正常 | 框架已建立，等待案例学习 |
| 18:30 | 案例库整理 | ✅ 无新内容 |

## 今日对话总结
- 17:00 发送问候提醒待办，野原尚未回复
- 全天暂无新对话

## 待办事项提醒
- ⏳ Token电力出口：生成封面图（需启动doubao服务）
- ⏳ Token电力出口：发布第一篇小红书内容
- ⏳ Token电力出口：沉淀用户进社群

## 其他说明
- 当前时间 18:30，傍晚晚餐时段
- 所有系统状态正常，记忆文件完整
- 两个核心技能（design-master、content-master）运行正常
- 待办事项无变化，等待野原指示工作安排
- 若今日已无工作安排，系统将在23:00自动执行Git备份

| 19:00 | MEMORY.md | ✅ 正常 | 最后更新 2026-03-28 |
| 19:00 | 今日日记 2026-03-31.md | ✅ 正常 | 已有记录 |
| 19:00 | IDENTITY.md | ✅ 完整 | 小龙 / AI助手 / 🐉 |
| 19:00 | USER.md | ✅ 完整 | 野原 / 飞书 / 希望对话连续 |
| 19:00 | design-master 技能 | ✅ 正常 | 已学习 Apple LOGO，持续学习中 |
| 19:00 | content-master 技能 | ✅ 正常 | 框架已建立，等待案例学习 |
| 19:00 | 案例库整理 | ✅ 无新内容 |

## 今日对话总结
- 17:00 发送问候提醒待办，野原尚未回复
- 全天暂无新对话

## 待办事项提醒
- ⏳ Token电力出口：生成封面图（需启动doubao服务）
- ⏳ Token电力出口：发布第一篇小红书内容
- ⏳ Token电力出口：沉淀用户进社群

## 其他说明
- 当前时间 19:00，晚餐时段
- 所有系统状态正常，记忆文件完整
- 两个核心技能（design-master、content-master）运行正常
- 待办事项无变化，等待野原指示工作安排
- 若今日已无工作安排，系统将在23:00自动执行Git备份

| 19:30 | MEMORY.md | ✅ 正常 | 最后更新 2026-03-28 |
| 19:30 | 今日日记 2026-03-31.md | ✅ 正常 | 已有记录 |
| 19:30 | IDENTITY.md | ✅ 完整 | 小龙 / AI助手 / 🐉 |
| 19:30 | USER.md | ✅ 完整 | 野原 / 飞书 / 希望对话连续 |
| 19:30 | design-master 技能 | ✅ 正常 | 已学习 Apple LOGO，持续学习中 |
| 19:30 | content-master 技能 | ✅ 正常 | 框架已建立，等待案例学习 |
| 19:30 | 案例库整理 | ✅ 无新内容 |

## 今日对话总结
- 17:00 发送问候提醒待办，野原尚未回复
- 全天暂无新对话

## 待办事项提醒
- ⏳ Token电力出口：生成封面图（需启动doubao服务）
- ⏳ Token电力出口：发布第一篇小红书内容
- ⏳ Token电力出口：沉淀用户进社群

## 其他说明
- 当前时间 19:30，晚间时段
- 所有系统状态正常，记忆文件完整
- 两个核心技能（design-master、content-master）运行正常
- 待办事项无变化，等待野原指示工作安排
- 若今日已无工作安排，系统将在23:00自动执行Git备份

| 20:00 | MEMORY.md | ✅ 正常 | 最后更新 2026-03-28 |
| 20:00 | 今日日记 2026-03-31.md | ✅ 正常 | 已有记录 |
| 20:00 | IDENTITY.md | ✅ 完整 | 小龙 / AI助手 / 🐉 |
| 20:00 | USER.md | ✅ 完整 | 野原 / 飞书 / 希望对话连续 |
| 20:00 | design-master 技能 | ✅ 正常 | 已学习 Apple LOGO，持续学习中 |
| 20:00 | content-master 技能 | ✅ 正常 | 框架已建立，等待案例学习 |
| 20:00 | 案例库整理 | ✅ 无新内容 |

## 今日对话总结
- 17:00 发送问候提醒待办，野原尚未回复
- 全天暂无新对话

## 待办事项提醒
- ⏳ Token电力出口：生成封面图（需启动doubao服务）
- ⏳ Token电力出口：发布第一篇小红书内容
- ⏳ Token电力出口：沉淀用户进社群

## 其他说明
- 当前时间 20:00，晚间时段
- 所有系统状态正常，记忆文件完整
- 两个核心技能（design-master、content-master）运行正常
- 待办事项无变化，等待野原指示工作安排
- 若今日已无工作安排，系统将在23:00自动执行Git备份

| 20:30 | MEMORY.md | ✅ 正常 | 最后更新 2026-03-28 |
| 20:30 | 今日日记 2026-03-31.md | ✅ 正常 | 已有记录 |
| 20:30 | IDENTITY.md | ✅ 完整 | 小龙 / AI助手 / 🐉 |
| 20:30 | USER.md | ✅ 完整 | 野原 / 飞书 / 希望对话连续 |
| 20:30 | design-master 技能 | ✅ 正常 | 已学习 Apple LOGO，持续学习中 |
| 20:30 | content-master 技能 | ✅ 正常 | 框架已建立，等待案例学习 |
| 20:30 | 案例库整理 | ✅ 无新内容 |

## 今日对话总结
- 17:00 发送问候提醒待办，野原尚未回复
- 全天2026-03-31暂无新对话

## 待办事项提醒
- ⏳ Token电力出口：生成封面图（需启动doubao服务）
- ⏳ Token电力出口：发布第一篇小红书内容
- ⏳ Token电力出口：沉淀用户进社群

## 其他说明
- 当前时间 20:30，晚间时段
- 所有系统状态正常，记忆文件完整
- 两个核心技能（design-master、content-master）运行正常
- 待办事项无变化，等待野原指示工作安排
- 距离23:00自动Git备份还有约2.5小时

| 21:00 | MEMORY.md | ✅ 正常 | 最后更新 2026-03-28 |
| 21:00 | 今日日记 2026-03-31.md | ✅ 正常 | 已有记录 |
| 21:00 | IDENTITY.md | ✅ 完整 | 小龙 / AI助手 / 🐉 |
| 21:00 | USER.md | ✅ 完整 | 野原 / 飞书 / 希望对话连续 |
| 21:00 | design-master 技能 | ✅ 正常 | 已学习 Apple LOGO，持续学习中 |
| 21:00 | content-master 技能 | ✅ 正常 | 框架已建立，等待案例学习 |
| 21:00 | 案例库整理 | ✅ 无新内容 |

## 今日对话总结
- 17:00 发送问候提醒待办，野原尚未回复
- 全天2026-03-31暂无新对话

## 待办事项提醒
- ⏳ Token电力出口：生成封面图（需启动doubao服务）
- ⏳ Token电力出口：发布第一篇小红书内容
- ⏳ Token电力出口：沉淀用户进社群

## 其他说明
- 当前时间 21:00，晚间时段
- 所有系统状态正常，记忆文件完整
- 两个核心技能（design-master、content-master）运行正常
- 待办事项无变化，等待野原指示工作安排
- 距离23:00自动Git备份还有约2小时
- 若今日已无其他工作安排，系统会在23:00自动完成备份

| 21:30 | MEMORY.md | ✅ 正常 | 最后更新 2026-03-28 |
| 21:30 | 今日日记 2026-03-31.md | ✅ 正常 | 已有记录 |
| 21:30 | IDENTITY.md | ✅ 完整 | 小龙 / AI助手 / 🐉 |
| 21:30 | USER.md | ✅ 完整 | 野原 / 飞书 / 希望对话连续 |
| 21:30 | design-master 技能 | ✅ 正常 | 已学习 Apple LOGO，持续学习中 |
| 21:30 | content-master 技能 | ✅ 正常 | 框架已建立，等待案例学习 |
| 21:30 | 案例库整理 | ✅ 无新内容 |

## 今日对话总结
- 17:00 发送问候提醒待办，野原尚未回复
- 全天2026-03-31暂无新对话

## 待办事项提醒
- ⏳ Token电力出口：生成封面图（需启动doubao服务）
- ⏳ Token电力出口：发布第一篇小红书内容
- ⏳ Token电力出口：沉淀用户进社群

## 其他说明
- 当前时间 21:30，晚间时段
- 所有系统状态正常，记忆文件完整
- 两个核心技能（design-master、content-master）运行正常
- 待办事项无变化，等待野原指示工作安排
- 距离23:00自动Git备份还有约1.5小时
- 若今日已无其他工作安排，系统会在23:00自动完成备份

| 22:00 | MEMORY.md | ✅ 正常 | 最后更新 2026-03-28 |
| 22:00 | 今日日记 2026-03-31.md | ✅ 正常 | 已有记录 |
| 22:00 | IDENTITY.md | ✅ 完整 | 小龙 / AI助手 / 🐉 |
| 22:00 | USER.md | ✅ 完整 | 野原 / 飞书 / 希望对话连续 |
| 22:00 | design-master 技能 | ✅ 正常 | 已学习 Apple LOGO，持续学习中 |
| 22:00 | content-master 技能 | ✅ 正常 | 框架已建立，等待案例学习 |
| 22:00 | 案例库整理 | ✅ 无新内容 |

## 今日对话总结
- 17:00 发送问候提醒待办，野原尚未回复
- 全天2026-03-31暂无新对话

## 待办事项提醒
- ⏳ Token电力出口：生成封面图（需启动doubao服务）
- ⏳ Token电力出口：发布第一篇小红书内容
- ⏳ Token电力出口：沉淀用户进社群

## 其他说明
- 当前时间 22:00，晚间时段
- 所有系统状态正常，记忆文件完整
- 两个核心技能（design-master、content-master）运行正常
- 待办事项无变化，等待野原指示工作安排
- 距离23:00自动Git备份还有约1小时
- 若今日已无其他工作安排，系统会在23:00自动完成备份

| 22:30 | MEMORY.md | ✅ 正常 | 最后更新 2026-03-28 |
| 22:30 | 今日日记 2026-03-31.md | ✅ 正常 | 已有记录 |
| 22:30 | IDENTITY.md | ✅ 完整 | 小龙 / AI助手 / 🐉 |
| 22:30 | USER.md | ✅ 完整 | 野原 / 飞书 / 希望对话连续 |
| 22:30 | design-master 技能 | ✅ 正常 | 已学习 Apple LOGO，持续学习中 |
| 22:30 | content-master 技能 | ✅ 正常 | 框架已建立，等待案例学习 |
| 22:30 | 案例库整理 | ✅ 无新内容 |

## 今日对话总结
- 17:00 发送问候提醒待办，野原尚未回复
- 全天2026-03-31暂无新对话

## 待办事项提醒
- ⏳ Token电力出口：生成封面图（需启动doubao服务）
- ⏳ Token电力出口：发布第一篇小红书内容
- ⏳ Token电力出口：沉淀用户进社群

## 其他说明
- 当前时间 22:30，晚间时段
- 所有系统状态正常，记忆文件完整
- 两个核心技能（design-master、content-master）运行正常
- 待办事项无变化，等待野原指示工作安排
- 距离23:00自动Git备份还有约30分钟
- 系统会在23:00准时自动完成今日记忆备份推送

| 23:00 | MEMORY.md | ✅ 正常 | 最后更新 2026-03-28 |
| 23:00 | 今日日记 2026-03-31.md | ✅ 正常 | 已有记录 |
| 23:00 | IDENTITY.md | ✅ 完整 | 小龙 / AI助手 / 🐉 |
| 23:00 | USER.md | ✅ 完整 | 野原 / 飞书 / 希望对话连续 |
| 23:00 | design-master 技能 | ✅ 正常 | 已学习 Apple LOGO，持续学习中 |
| 23:00 | content-master 技能 | ✅ 正常 | 框架已建立，等待案例学习 |
| 23:00 | 案例库整理 | ✅ 无新内容 |

## 今日对话总结
- 全天2026-03-31暂无新对话，野原今日未启动项目工作
- 07:00 和 17:00 分别发送问候提醒待办，均未收到回复

## 待办事项提醒
- ⏳ Token电力出口：生成封面图（需启动doubao服务）
- ⏳ Token电力出口：发布第一篇小红书内容
- ⏳ Token电力出口：沉淀用户进社群

## Git自动备份执行
- 当前时间 23:00，已执行自动备份任务
- ✅ 已添加今日新增文件：`memory/2026-03-31.md` `memory/heartbeat-2026-03-31.log`
- ✅ 已完成本地提交：`Daily update: 2026-03-31 - Token电力出口项目待启动，记忆维护完成`
- ❌ 第一次推送超时：`Connection timed out after 300050 milliseconds`
- 🔄 重试推送中...

## 其他说明
- 当前时间 23:06，深夜时段
- 所有系统状态正常，记忆文件完整
- 两个核心技能（design-master、content-master）运行正常
- 本地提交已完成，等待网络恢复后可重新推送
- 今日记忆整理维护完成，等待明日野原发起工作

---
检查人: 小龙
