# 心跳检查日志 - 2026-04-13 00:32 GMT+8

## 检查清单执行情况

### 1. 记忆文件状态
- ✅ MEMORY.md 存在且内容最新（最后更新 2026-04-12）
- ✅ 今日记忆文件 memory/2026-04-13.md 已创建，今日计划记录正常
- ✅ IDENTITY.md 完整，信息正确
- ✅ USER.md 完整，已更新野原业务信息
- ⏳ 今日对话尚未开始，待 23:00 执行 Git 提交推送

### 2. 技能状态
- ✅ design-master 技能已安装，状态正常
- ✅ content-master 技能已安装，状态正常
- ✅ hermes-autoskill 技能已创建，自主学习能力就绪
- ✅ designer-client-acquisition 技能已创建，获客策略记录完成
- ⏳ 案例库暂无新内容需要整理

### 3. 对话连续性维护
- ✅ 今日暂无对话，无需总结
- ✅ 野原偏好无变化
- ✅ 无新学习成果需要记录
- ✅ 昨日所有完成事项已归档

### 4. 每日固定任务
- ⏳ 每日 12:00 AI资讯+书籍推荐推送待执行
- ✅ 当前是深夜时段（00:32），野原应该在休息，不发送问候
- ⚠️ 仍有待办事项：提醒野原重启 OpenClaw Gateway 启用 MemPalace 记忆宫殿
- ✅ 无新技能可用需要介绍
- ⏳ 23:00 Git 提交任务待执行

## 检查结论
- 所有系统状态正常
- 今日准备工作完成
- 无需主动打扰，等待野原发起对话

记录人: 小龙
