# 心跳检查日志 - 2026-04-11 22:26 (Asia/Shanghai)

## 1. 记忆文件状态检查
- ✅ MEMORY.md 存在，最后更新: 2026-04-10，内容完整
- ✅ 今日记忆文件 memory/2026-04-11.md 存在，内容正常，今日推送已完成记录
- ✅ IDENTITY.md 完整：小龙 🐉 | AI助手 | 亲切直接有幽默感
- ✅ USER.md 完整：野原 | Asia/Shanghai | 飞书连接 | 需要对话连续性

## 2. 技能状态检查
- ✅ design-master 技能正常：已加载设计哲学、分析框架、已学习Apple LOGO案例，持续学习中
- ✅ content-master 技能正常：已建立多平台内容创作框架，整合小红书发布和AI设计工具，适配飞书推送机制，今日推送执行成功
- ✅ 案例库暂无新内容需要整理

## 3. 对话连续性维护
- 今日重要对话：11:26心跳触发每日推送完成，推送内容正常
- 野原偏好无变化
- 无新学习成果需要记录
- 今日推送已完成，待办：重启OpenClaw Gateway启用MemPalace（等待野原操作）

## 4. 每日固定任务检查
- ✅ 今日 12:00 左右推送已经完成，内容正常
- 距离上次推送约11小时，长时间未对话，但当前时间22:26接近深夜，不打扰用户
- 待办：重启 OpenClaw Gateway 启用 MemPalace 记忆宫殿（等待野原操作），无需重复提醒
- 无新技能需要介绍
- 当前时间 22:26，距离 23:00 还有约34分钟，等待到点执行Git提交上传

## 检查结论
一切正常，等待23:00执行Git提交。

---
检查完成时间: 2026-04-11 22:26 GMT+8
