# 心跳检查日志 - 2026-03-30

## 检查记录
| 检查时间 | 检查项 | 状态 | 备注 |
|---------|--------|------|------|
| 00:30 | MEMORY.md | ✅ 正常 | 最后更新 2026-03-29 |
| 00:30 | 今日日记 2026-03-30.md | ✅ 正常 | 已创建 |
| 00:30 | IDENTITY.md | ✅ 完整 | 小龙 / AI助手 / 🐉 |
| 00:30 | USER.md | ✅ 完整 | 野原 / 飞书 / 希望对话连续 |
| 00:30 | design-master 技能 | ✅ 正常 | 已学习 Apple LOGO，持续学习中 |
| 00:30 | content-master 技能 | ✅ 正常 | 框架已建立，等待案例学习 |
| 00:30 | 案例库整理 | ✅ 无新内容 | |

## 今日对话总结
- 暂无新对话

## 待办事项提醒
- ⏳ Token电力出口：生成封面图（需启动doubao服务）
- ⏳ Token电力出口：发布第一篇小红书内容
- ⏳ Token电力出口：沉淀用户进社群

## 其他说明
- 当前时间 00:30，深夜时段，不打扰用户
- 昨日自动Git备份已完成
- 无紧急事项

| 01:00 | MEMORY.md | ✅ 正常 | 最后更新 2026-03-29 |
| 01:00 | 今日日记 2026-03-30.md | ✅ 正常 | 已有记录 |
| 01:00 | IDENTITY.md | ✅ 完整 | 小龙 / AI助手 / 🐉 |
| 01:00 | USER.md | ✅ 完整 | 野原 / 飞书 / 希望对话连续 |
| 01:00 | design-master 技能 | ✅ 正常 | 已学习 Apple LOGO，持续学习中 |
| 01:00 | content-master 技能 | ✅ 正常 | 框架已建立，等待案例学习 |
| 01:00 | 案例库整理 | ✅ 无新内容 | |

## 今日对话总结
- 暂无新对话

## 待办事项提醒
- ⏳ Token电力出口：生成封面图（需启动doubao服务）
- ⏳ Token电力出口：发布第一篇小红书内容
- ⏳ Token电力出口：沉淀用户进社群

## 其他说明
- 当前时间 01:00，深夜时段，不打扰用户
- 昨日自动Git备份已完成
- 无紧急事项

| 01:30 | MEMORY.md | ✅ 正常 | 最后更新 2026-03-29 |
| 01:30 | 今日日记 2026-03-30.md | ✅ 正常 | 已有记录 |
| 01:30 | IDENTITY.md | ✅ 完整 | 小龙 / AI助手 / 🐉 |
| 01:30 | USER.md | ✅ 完整 | 野原 / 飞书 / 希望对话连续 |
| 01:30 | design-master 技能 | ✅ 正常 | 已学习 Apple LOGO，持续学习中 |
| 01:30 | content-master 技能 | ✅ 正常 | 框架已建立，等待案例学习 |
| 01:30 | 案例库整理 | ✅ 无新内容 | |

## 今日对话总结
- 暂无新对话

## 待办事项提醒
- ⏳ Token电力出口：生成封面图（需启动doubao服务）
- ⏳ Token电力出口：发布第一篇小红书内容
- ⏳ Token电力出口：沉淀用户进社群

## 其他说明
- 当前时间 01:30，深夜时段，不打扰用户
- 昨日自动Git备份已完成
- 无紧急事项

| 02:00 | MEMORY.md | ✅ 正常 | 最后更新 2026-03-29 |
| 02:00 | 今日日记 2026-03-30.md | ✅ 正常 | 已有记录 |
| 02:00 | IDENTITY.md | ✅ 完整 | 小龙 / AI助手 / 🐉 |
| 02:00 | USER.md | ✅ 完整 | 野原 / 飞书 / 希望对话连续 |
| 02:00 | design-master 技能 | ✅ 正常 | 已学习 Apple LOGO，持续学习中 |
| 02:00 | content-master 技能 | ✅ 正常 | 框架已建立，等待案例学习 |
| 02:00 | 案例库整理 | ✅ 无新内容 | |

## 今日对话总结
- 暂无新对话

## 待办事项提醒
- ⏳ Token电力出口：生成封面图（需启动doubao服务）
- ⏳ Token电力出口：发布第一篇小红书内容
- ⏳ Token电力出口：沉淀用户进社群

## 其他说明
- 当前时间 02:00，深夜时段，不打扰用户
- 昨日自动Git备份已完成
- 无紧急事项

| 02:30 | MEMORY.md | ✅ 正常 | 最后更新 2026-03-29 |
| 02:30 | 今日日记 2026-03-30.md | ✅ 正常 | 已有记录 |
| 02:30 | IDENTITY.md | ✅ 完整 | 小龙 / AI助手 / 🐉 |
| 02:30 | USER.md | ✅ 完整 | 野原 / 飞书 / 希望对话连续 |
| 02:30 | design-master 技能 | ✅ 正常 | 已学习 Apple LOGO，持续学习中 |
| 02:30 | content-master 技能 | ✅ 正常 | 框架已建立，等待案例学习 |
| 02:30 | 案例库整理 | ✅ 无新内容 | |

## 今日对话总结
- 暂无新对话

## 待办事项提醒
- ⏳ Token电力出口：生成封面图（需启动doubao服务）
- ⏳ Token电力出口：发布第一篇小红书内容
- ⏳ Token电力出口：沉淀用户进社群

## 其他说明
- 当前时间 02:30，深夜时段，不打扰用户
- 昨日自动Git备份已完成
- 无紧急事项

| 03:00 | MEMORY.md | ✅ 正常 | 最后更新 2026-03-29 |
| 03:00 | 今日日记 2026-03-30.md | ✅ 正常 | 已有记录 |
| 03:00 | IDENTITY.md | ✅ 完整 | 小龙 / AI助手 / 🐉 |
| 03:00 | USER.md | ✅ 完整 | 野原 / 飞书 / 希望对话连续 |
| 03:00 | design-master 技能 | ✅ 正常 | 已学习 Apple LOGO，持续学习中 |
| 03:00 | content-master 技能 | ✅ 正常 | 框架已建立，等待案例学习 |
| 03:00 | 案例库整理 | ✅ 无新内容 | |

## 今日对话总结
- 暂无新对话

## 待办事项提醒
- ⏳ Token电力出口：生成封面图（需启动doubao服务）
- ⏳ Token电力出口：发布第一篇小红书内容
- ⏳ Token电力出口：沉淀用户进社群

## 其他说明
- 当前时间 03:00，深夜时段，不打扰用户
- 昨日自动Git备份已完成
- 无紧急事项

| 03:30 | MEMORY.md | ✅ 正常 | 最后更新 2026-03-29 |
| 03:30 | 今日日记 2026-03-30.md | ✅ 正常 | 已有记录 |
| 03:30 | IDENTITY.md | ✅ 完整 | 小龙 / AI助手 / 🐉 |
| 03:30 | USER.md | ✅ 完整 | 野原 / 飞书 / 希望对话连续 |
| 03:30 | design-master 技能 | ✅ 正常 | 已学习 Apple LOGO，持续学习中 |
| 03:30 | content-master 技能 | ✅ 正常 | 框架已建立，等待案例学习 |
| 03:30 | 案例库整理 | ✅ 无新内容 | |

## 今日对话总结
- 暂无新对话

## 待办事项提醒
- ⏳ Token电力出口：生成封面图（需启动doubao服务）
- ⏳ Token电力出口：发布第一篇小红书内容
- ⏳ Token电力出口：沉淀用户进社群

## 其他说明
- 当前时间 03:30，深夜时段，不打扰用户
- 昨日自动Git备份已完成
- 无紧急事项

| 04:00 | MEMORY.md | ✅ 正常 | 最后更新 2026-03-28 |
| 04:00 | 今日日记 2026-03-30.md | ✅ 正常 | 已创建 |
| 04:00 | IDENTITY.md | ✅ 完整 | 小龙 / AI助手 / 🐉 |
| 04:00 | USER.md | ✅ 完整 | 野原 / 飞书 / 希望对话连续 |
| 04:00 | design-master 技能 | ✅ 正常 | 已学习 Apple LOGO，持续学习中 |
| 04:00 | content-master 技能 | ✅ 正常 | 框架已建立，等待案例学习 |
| 04:00 | 案例库整理 | ✅ 无新内容 |

## 今日对话总结
- 暂无新对话

## 待办事项提醒
- ⏳ Token电力出口：生成封面图（需启动doubao服务）
- ⏳ Token电力出口：发布第一篇小红书内容
- ⏳ Token电力出口：沉淀用户进社群

## 其他说明
- 当前时间 04:00，深夜时段，不打扰用户
- 无紧急事项

| 05:00 | MEMORY.md | ✅ 正常 | 最后更新 2026-03-28 |
| 05:00 | 今日日记 2026-03-30.md | ✅ 正常 | 已有记录 |
| 05:00 | IDENTITY.md | ✅ 完整 | 小龙 / AI助手 / 🐉 |
| 05:00 | USER.md | ✅ 完整 | 野原 / 飞书 / 希望对话连续 |
| 05:00 | design-master 技能 | ✅ 正常 | 已学习 Apple LOGO，持续学习中 |
| 05:00 | content-master 技能 | ✅ 正常 | 框架已建立，等待案例学习 |
| 05:00 | 案例库整理 | ✅ 无新内容 |

## 今日对话总结
- 暂无新对话

## 待办事项提醒
- ⏳ Token电力出口：生成封面图（需启动doubao服务）
- ⏳ Token电力出口：发布第一篇小红书内容
- ⏳ Token电力出口：沉淀用户进社群

## 其他说明
- 当前时间 05:00，清晨时段，野原尚未起床，不打扰
- 无紧急事项

| 05:30 | MEMORY.md | ✅ 正常 | 最后更新 2026-03-28 |
| 05:30 | 今日日记 2026-03-30.md | ✅ 正常 | 已有记录 |
| 05:30 | IDENTITY.md | ✅ 完整 | 小龙 / AI助手 / 🐉 |
| 05:30 | USER.md | ✅ 完整 | 野原 / 飞书 / 希望对话连续 |
| 05:30 | design-master 技能 | ✅ 正常 | 已学习 Apple LOGO，持续学习中 |
| 05:30 | content-master 技能 | ✅ 正常 | 框架已建立，等待案例学习 |
| 05:30 | 案例库整理 | ✅ 无新内容 |

## 今日对话总结
- 暂无新对话

## 待办事项提醒
- ⏳ Token电力出口：生成封面图（需启动doubao服务）
- ⏳ Token电力出口：发布第一篇小红书内容
- ⏳ Token电力出口：沉淀用户进社群

## 其他说明
- 当前时间 05:30，清晨时段，野原尚未起床，不打扰
- 无紧急事项

| 06:00 | MEMORY.md | ✅ 正常 | 最后更新 2026-03-28 |
| 06:00 | 今日日记 2026-03-30.md | ✅ 正常 | 已有记录 |
| 06:00 | IDENTITY.md | ✅ 完整 | 小龙 / AI助手 / 🐉 |
| 06:00 | USER.md | ✅ 完整 | 野原 / 飞书 / 希望对话连续 |
| 06:00 | design-master 技能 | ✅ 正常 | 已学习 Apple LOGO，持续学习中 |
| 06:00 | content-master 技能 | ✅ 正常 | 框架已建立，等待案例学习 |
| 06:00 | 案例库整理 | ✅ 无新内容 |

## 今日对话总结
- 暂无新对话

## 待办事项提醒
- ⏳ Token电力出口：生成封面图（需启动doubao服务）
- ⏳ Token电力出口：发布第一篇小红书内容
- ⏳ Token电力出口：沉淀用户进社群

## 其他说明
- 当前时间 06:00，清晨时段，野原尚未起床，不打扰
- 无紧急事项

| 06:30 | MEMORY.md | ✅ 正常 | 最后更新 2026-03-28 |
| 06:30 | 今日日记 2026-03-30.md | ✅ 正常 | 已有记录 |
| 06:30 | IDENTITY.md | ✅ 完整 | 小龙 / AI助手 / 🐉 |
| 06:30 | USER.md | ✅ 完整 | 野原 / 飞书 / 希望对话连续 |
| 06:30 | design-master 技能 | ✅ 正常 | 已学习 Apple LOGO，持续学习中 |
| 06:30 | content-master 技能 | ✅ 正常 | 框架已建立，等待案例学习 |
| 06:30 | 案例库整理 | ✅ 无新内容 |

## 今日对话总结
- 暂无新对话

## 待办事项提醒
- ⏳ Token电力出口：生成封面图（需启动doubao服务）
- ⏳ Token电力出口：发布第一篇小红书内容
- ⏳ Token电力出口：沉淀用户进社群

## 其他说明
- 当前时间 06:30，清晨时段，野原可能还在晨练或早餐，不主动打扰
- 所有系统状态正常，记忆文件完整
- 无紧急事项

| 07:00 | MEMORY.md | ✅ 正常 | 最后更新 2026-03-28 |
| 07:00 | 今日日记 2026-03-30.md | ✅ 正常 | 已有记录 |
| 07:00 | IDENTITY.md | ✅ 完整 | 小龙 / AI助手 / 🐉 |
| 07:00 | USER.md | ✅ 完整 | 野原 / 飞书 / 希望对话连续 |
| 07:00 | design-master 技能 | ✅ 正常 | 已学习 Apple LOGO，持续学习中 |
| 07:00 | content-master 技能 | ✅ 正常 | 框架已建立，等待案例学习 |
| 07:00 | 案例库整理 | ✅ 无新内容 |

## 今日对话总结
- 暂无新对话

## 待办事项提醒
- ⏳ Token电力出口：生成封面图（需启动doubao服务）
- ⏳ Token电力出口：发布第一篇小红书内容
- ⏳ Token电力出口：沉淀用户进社群

## 其他说明
- 当前时间 07:00，早高峰时段，不打扰
- 所有系统状态正常，记忆文件完整
- 无紧急事项

| 07:30 | MEMORY.md | ✅ 正常 | 最后更新 2026-03-28 |
| 07:30 | 今日日记 2026-03-30.md | ✅ 正常 | 已有记录 |
| 07:30 | IDENTITY.md | ✅ 完整 | 小龙 / AI助手 / 🐉 |
| 07:30 | USER.md | ✅ 完整 | 野原 / 飞书 / 希望对话连续 |
| 07:30 | design-master 技能 | ✅ 正常 | 已学习 Apple LOGO，持续学习中 |
| 07:30 | content-master 技能 | ✅ 正常 | 框架已建立，等待案例学习 |
| 07:30 | 案例库整理 | ✅ 无新内容 |

## 今日对话总结
- 7:00 已发送早间提醒，野原尚未回复
- 暂无新对话

## 待办事项提醒
- ⏳ Token电力出口：生成封面图（需启动doubao服务）
- ⏳ Token电力出口：发布第一篇小红书内容
- ⏳ Token电力出口：沉淀用户进社群

## 其他说明
- 当前时间 07:30，所有系统状态正常，记忆文件完整
- 无紧急事项，等待野原主动发起工作

| 08:00 | MEMORY.md | ✅ 正常 | 最后更新 2026-03-28 |
| 08:00 | 今日日记 2026-03-30.md | ✅ 正常 | 已有记录 |
| 08:00 | IDENTITY.md | ✅ 完整 | 小龙 / AI助手 / 🐉 |
| 08:00 | USER.md | ✅ 完整 | 野原 / 飞书 / 希望对话连续 |
| 08:00 | design-master 技能 | ✅ 正常 | 已学习 Apple LOGO，持续学习中 |
| 08:00 | content-master 技能 | ✅ 正常 | 框架已建立，等待案例学习 |
| 08:00 | 案例库整理 | ✅ 无新内容 |

## 今日对话总结
- 7:00 已发送早间提醒，野原尚未回复
- 暂无新对话

## 待办事项提醒
- ⏳ Token电力出口：生成封面图（需启动doubao服务）
- ⏳ Token电力出口：发布第一篇小红书内容
- ⏳ Token电力出口：沉淀用户进社群

## 其他说明
- 当前时间 08:00，所有系统状态正常，记忆文件完整
- 无紧急事项，等待野原发起工作

| 08:30 | MEMORY.md | ✅ 正常 | 最后更新 2026-03-28 |
| 08:30 | 今日日记 2026-03-30.md | ✅ 正常 | 已有记录 |
| 08:30 | IDENTITY.md | ✅ 完整 | 小龙 / AI助手 / 🐉 |
| 08:30 | USER.md | ✅ 完整 | 野原 / 飞书 / 希望对话连续 |
| 08:30 | design-master 技能 | ✅ 正常 | 已学习 Apple LOGO，持续学习中 |
| 08:30 | content-master 技能 | ✅ 正常 | 框架已建立，等待案例学习 |
| 08:30 | 案例库整理 | ✅ 无新内容 |

## 今日对话总结
- 7:00 已发送早间提醒，野原尚未回复
- 暂无新对话

## 待办事项提醒
- ⏳ Token电力出口：生成封面图（需启动doubao服务）
- ⏳ Token电力出口：发布第一篇小红书内容
- ⏳ Token电力出口：沉淀用户进社群

## 其他说明
- 当前时间 08:30，所有系统状态正常，记忆文件完整
- 无紧急事项，等待野原发起工作

| 09:00 | MEMORY.md | ✅ 正常 | 最后更新 2026-03-28 |
| 09:00 | 今日日记 2026-03-30.md | ✅ 正常 | 已有记录 |
| 09:00 | IDENTITY.md | ✅ 完整 | 小龙 / AI助手 / 🐉 |
| 09:00 | USER.md | ✅ 完整 | 野原 / 飞书 / 希望对话连续 |
| 09:00 | design-master 技能 | ✅ 正常 | 已学习 Apple LOGO，持续学习中 |
| 09:00 | content-master 技能 | ✅ 正常 | 框架已建立，等待案例学习 |
| 09:00 | 案例库整理 | ✅ 无新内容 |

## 今日对话总结
- 7:00 已发送早间提醒，野原尚未回复
- 暂无新对话

## 待办事项提醒
- ⏳ Token电力出口：生成封面图（需启动doubao服务）
- ⏳ Token电力出口：发布第一篇小红书内容
- ⏳ Token电力出口：沉淀用户进社群

## 其他说明
- 当前时间 09:00，所有系统状态正常，记忆文件完整
- 两个核心技能（design-master、content-master）运行正常
- 无紧急事项，等待野原发起工作

| 09:30 | MEMORY.md | ✅ 正常 | 最后更新 2026-03-28 |
| 09:30 | 今日日记 2026-03-30.md | ✅ 正常 | 已有记录 |
| 09:30 | IDENTITY.md | ✅ 完整 | 小龙 / AI助手 / 🐉 |
| 09:30 | USER.md | ✅ 完整 | 野原 / 飞书 / 希望对话连续 |
| 09:30 | design-master 技能 | ✅ 正常 | 已学习 Apple LOGO，持续学习中 |
| 09:30 | content-master 技能 | ✅ 正常 | 框架已建立，等待案例学习 |
| 09:30 | 案例库整理 | ✅ 无新内容 |

## 今日对话总结
- 7:00 已发送早间提醒，野原尚未回复
- 暂无新对话

## 待办事项提醒
- ⏳ Token电力出口：生成封面图（需启动doubao服务）
- ⏳ Token电力出口：发布第一篇小红书内容
- ⏳ Token电力出口：沉淀用户进社群

## 其他说明
- 当前时间 09:30，所有系统状态正常，记忆文件完整
- 两个核心技能运行正常
- 无紧急事项，等待野原发起工作

| 10:00 | MEMORY.md | ✅ 正常 | 最后更新 2026-03-28 |
| 10:00 | 今日日记 2026-03-30.md | ✅ 正常 | 已有记录 |
| 10:00 | IDENTITY.md | ✅ 完整 | 小龙 / AI助手 / 🐉 |
| 10:00 | USER.md | ✅ 完整 | 野原 / 飞书 / 希望对话连续 |
| 10:00 | design-master 技能 | ✅ 正常 | 已学习 Apple LOGO，持续学习中 |
| 10:00 | content-master 技能 | ✅ 正常 | 框架已建立，等待案例学习 |
| 10:00 | 案例库整理 | ✅ 无新内容 |

## 今日对话总结
- 7:00 已发送早间提醒，野原尚未回复
- 暂无新对话

## 待办事项提醒
- ⏳ Token电力出口：生成封面图（需启动doubao服务）
- ⏳ Token电力出口：发布第一篇小红书内容
- ⏳ Token电力出口：沉淀用户进社群

## 其他说明
- 当前时间 10:00，上午工作时段
- 所有系统状态正常，记忆文件完整
- 两个核心技能运行正常
- 无紧急事项，等待野原发起工作

| 10:30 | MEMORY.md | ✅ 正常 | 最后更新 2026-03-28 |
| 10:30 | 今日日记 2026-03-30.md | ✅ 正常 | 已有记录 |
| 10:30 | IDENTITY.md | ✅ 完整 | 小龙 / AI助手 / 🐉 |
| 10:30 | USER.md | ✅ 完整 | 野原 / 飞书 / 希望对话连续 |
| 10:30 | design-master 技能 | ✅ 正常 | 已学习 Apple LOGO，持续学习中 |
| 10:30 | content-master 技能 | ✅ 正常 | 框架已建立，等待案例学习 |
| 10:30 | 案例库整理 | ✅ 无新内容 |

## 今日对话总结
- 7:00 已发送早间提醒，野原尚未回复
- 暂无新对话

## 待办事项提醒
- ⏳ Token电力出口：生成封面图（需启动doubao服务）
- ⏳ Token电力出口：发布第一篇小红书内容
- ⏳ Token电力出口：沉淀用户进社群

## 其他说明
- 当前时间 10:30，上午工作时段
- 所有系统状态正常，记忆文件完整
- 两个核心技能运行正常
- 无紧急事项，等待野原发起工作

| 11:00 | MEMORY.md | ✅ 正常 | 最后更新 2026-03-28 |
| 11:00 | 今日日记 2026-03-30.md | ✅ 正常 | 已有记录 |
| 11:00 | IDENTITY.md | ✅ 完整 | 小龙 / AI助手 / 🐉 |
| 11:00 | USER.md | ✅ 完整 | 野原 / 飞书 / 希望对话连续 |
| 11:00 | design-master 技能 | ✅ 正常 | 已学习 Apple LOGO，持续学习中 |
| 11:00 | content-master 技能 | ✅ 正常 | 框架已建立，等待案例学习 |
| 11:00 | 案例库整理 | ✅ 无新内容 |

## 今日对话总结
- 7:00 已发送早间提醒，野原尚未回复
- 暂无新对话

## 待办事项提醒
- ⏳ Token电力出口：生成封面图（需启动doubao服务）
- ⏳ Token电力出口：发布第一篇小红书内容
- ⏳ Token电力出口：沉淀用户进社群

## 其他说明
- 当前时间 11:00，上午工作时段
- 所有系统状态正常，记忆文件完整
- 两个核心技能运行正常
- 无紧急事项，等待野原发起工作

| 11:30 | MEMORY.md | ✅ 正常 | 最后更新 2026-03-28 |
| 11:30 | 今日日记 2026-03-30.md | ✅ 正常 | 已有记录 |
| 11:30 | IDENTITY.md | ✅ 完整 | 小龙 / AI助手 / 🐉 |
| 11:30 | USER.md | ✅ 完整 | 野原 / 飞书 / 希望对话连续 |
| 11:30 | design-master 技能 | ✅ 正常 | 已学习 Apple LOGO，持续学习中 |
| 11:30 | content-master 技能 | ✅ 正常 | 框架已建立，等待案例学习 |
| 11:30 | 案例库整理 | ✅ 无新内容 |

## 今日对话总结
- 7:00 已发送早间提醒，野原尚未回复
- 暂无新对话

## 待办事项提醒
- ⏳ Token电力出口：生成封面图（需启动doubao服务）
- ⏳ Token电力出口：发布第一篇小红书内容
- ⏳ Token电力出口：沉淀用户进社群

## 其他说明
- 当前时间 11:30，临近午餐时间
- 所有系统状态正常，记忆文件完整
- 两个核心技能运行正常
- 无紧急事项，等待野原发起工作

| 12:00 | MEMORY.md | ✅ 正常 | 最后更新 2026-03-28 |
| 12:00 | 今日日记 2026-03-30.md | ✅ 正常 | 已有记录 |
| 12:00 | IDENTITY.md | ✅ 完整 | 小龙 / AI助手 / 🐉 |
| 12:00 | USER.md | ✅ 完整 | 野原 / 飞书 / 希望对话连续 |
| 12:00 | design-master 技能 | ✅ 正常 | 已学习 Apple LOGO，持续学习中 |
| 12:00 | content-master 技能 | ✅ 正常 | 框架已建立，等待案例学习 |
| 12:00 | 案例库整理 | ✅ 无新内容 |

## 今日对话总结
- 7:00 已发送早间提醒，野原尚未回复
- 暂无新对话

## 待办事项提醒
- ⏳ Token电力出口：生成封面图（需启动doubao服务）
- ⏳ Token电力出口：发布第一篇小红书内容
- ⏳ Token电力出口：沉淀用户进社群

## 其他说明
- 当前时间 12:00，午餐时段
- 所有系统状态正常，记忆文件完整
- 两个核心技能运行正常
- 无紧急事项，等待野原发起工作

| 12:30 | MEMORY.md | ✅ 正常 | 最后更新 2026-03-28 |
| 12:30 | 今日日记 2026-03-30.md | ✅ 正常 | 已有记录 |
| 12:30 | IDENTITY.md | ✅ 完整 | 小龙 / AI助手 / 🐉 |
| 12:30 | USER.md | ✅ 完整 | 野原 / 飞书 / 希望对话连续 |
| 12:30 | design-master 技能 | ✅ 正常 | 已学习 Apple LOGO，持续学习中 |
| 12:30 | content-master 技能 | ✅ 正常 | 框架已建立，等待案例学习 |
| 12:30 | 案例库整理 | ✅ 无新内容 |

## 今日对话总结
- 7:00 已发送早间提醒，野原尚未回复
- 暂无新对话

## 待办事项提醒
- ⏳ Token电力出口：生成封面图（需启动doubao服务）
- ⏳ Token电力出口：发布第一篇小红书内容
- ⏳ Token电力出口：沉淀用户进社群

## 其他说明
- 当前时间 12:30，午餐时段，不打扰野原用餐
- 所有系统状态正常，记忆文件完整
- 两个核心技能运行正常
- 无紧急事项，等待野原发起工作

| 13:00 | MEMORY.md | ✅ 正常 | 最后更新 2026-03-28 |
| 13:00 | 今日日记 2026-03-30.md | ✅ 正常 | 已有记录 |
| 13:00 | IDENTITY.md | ✅ 完整 | 小龙 / AI助手 / 🐉 |
| 13:00 | USER.md | ✅ 完整 | 野原 / 飞书 / 希望对话连续 |
| 13:00 | design-master 技能 | ✅ 正常 | 已学习 Apple LOGO，持续学习中 |
| 13:00 | content-master 技能 | ✅ 正常 | 框架已建立，等待案例学习 |
| 13:00 | 案例库整理 | ✅ 无新内容 |

## 今日对话总结
- 7:00 已发送早间提醒，野原尚未回复
- 暂无新对话

## 待办事项提醒
- ⏳ Token电力出口：生成封面图（需启动doubao服务）
- ⏳ Token电力出口：发布第一篇小红书内容
- ⏳ Token电力出口：沉淀用户进社群

## 其他说明
- 当前时间 13:00，午休时段
- 所有系统状态正常，记忆文件完整
- 两个核心技能运行正常
- 无紧急事项，不打扰休息，等待野原发起工作

| 13:30 | MEMORY.md | ✅ 正常 | 最后更新 2026-03-28 |
| 13:30 | 今日日记 2026-03-30.md | ✅ 正常 | 已有记录 |
| 13:30 | IDENTITY.md | ✅ 完整 | 小龙 / AI助手 / 🐉 |
| 13:30 | USER.md | ✅ 完整 | 野原 / 飞书 / 希望对话连续 |
| 13:30 | design-master 技能 | ✅ 正常 | 已学习 Apple LOGO，持续学习中 |
| 13:30 | content-master 技能 | ✅ 正常 | 框架已建立，等待案例学习 |
| 13:30 | 案例库整理 | ✅ 无新内容 |

## 今日对话总结
- 7:00 已发送早间提醒，野原尚未回复
- 暂无新对话

## 待办事项提醒
- ⏳ Token电力出口：生成封面图（需启动doubao服务）
- ⏳ Token电力出口：发布第一篇小红书内容
- ⏳ Token电力出口：沉淀用户进社群

## 其他说明
- 当前时间 13:30，午休时段
- 所有系统状态正常，记忆文件完整
- 两个核心技能（design-master、content-master）运行正常
- 无紧急事项，不打扰休息，等待野原发起工作

| 14:00 | MEMORY.md | ✅ 正常 | 最后更新 2026-03-28 |
| 14:00 | 今日日记 2026-03-30.md | ✅ 正常 | 已有记录 |
| 14:00 | IDENTITY.md | ✅ 完整 | 小龙 / AI助手 / 🐉 |
| 14:00 | USER.md | ✅ 完整 | 野原 / 飞书 / 希望对话连续 |
| 14:00 | design-master 技能 | ✅ 正常 | 已学习 Apple LOGO，持续学习中 |
| 14:00 | content-master 技能 | ✅ 正常 | 框架已建立，等待案例学习 |
| 14:00 | 案例库整理 | ✅ 无新内容 |

## 今日对话总结
- 7:00 已发送早间提醒，野原尚未回复
- 暂无新对话

## 待办事项提醒
- ⏳ Token电力出口：生成封面图（需启动doubao服务）
- ⏳ Token电力出口：发布第一篇小红书内容
- ⏳ Token电力出口：沉淀用户进社群

## 其他说明
- 当前时间 14:00，下午工作时段
- 所有系统状态正常，记忆文件完整
- 两个核心技能运行正常
- 无紧急事项，等待野原发起工作

| 14:30 | MEMORY.md | ✅ 正常 | 最后更新 2026-03-28 |
| 14:30 | 今日日记 2026-03-30.md | ✅ 正常 | 已有记录 |
| 14:30 | IDENTITY.md | ✅ 完整 | 小龙 / AI助手 / 🐉 |
| 14:30 | USER.md | ✅ 完整 | 野原 / 飞书 / 希望对话连续 |
| 14:30 | design-master 技能 | ✅ 正常 | 已学习 Apple LOGO，持续学习中 |
| 14:30 | content-master 技能 | ✅ 正常 | 框架已建立，等待案例学习 |
| 14:30 | 案例库整理 | ✅ 无新内容 |

## 今日对话总结
- 7:00 已发送早间提醒，野原尚未回复
- 暂无新对话

## 待办事项提醒
- ⏳ Token电力出口：生成封面图（需启动doubao服务）
- ⏳ Token电力出口：发布第一篇小红书内容
- ⏳ Token电力出口：沉淀用户进社群

## 其他说明
- 当前时间 14:30，下午工作时段
- 所有系统状态正常，记忆文件完整
- 两个核心技能运行正常
- 无紧急事项，等待野原发起工作

| 15:00 | MEMORY.md | ✅ 正常 | 最后更新 2026-03-28 |
| 15:00 | 今日日记 2026-03-30.md | ✅ 正常 | 已有记录 |
| 15:00 | IDENTITY.md | ✅ 完整 | 小龙 / AI助手 / 🐉 |
| 15:00 | USER.md | ✅ 完整 | 野原 / 飞书 / 希望对话连续 |
| 15:00 | design-master 技能 | ✅ 正常 | 已学习 Apple LOGO，持续学习中 |
| 15:00 | content-master 技能 | ✅ 正常 | 框架已建立，等待案例学习 |
| 15:00 | 案例库整理 | ✅ 无新内容 |

## 今日对话总结
- 7:00 已发送早间提醒，野原尚未回复
- 暂无新对话

## 待办事项提醒
- ⏳ Token电力出口：生成封面图（需启动doubao服务）
- ⏳ Token电力出口：发布第一篇小红书内容
- ⏳ Token电力出口：沉淀用户进社群

## 其他说明
- 当前时间 15:00，下午工作时段
- 所有系统状态正常，记忆文件完整
- 两个核心技能（design-master、content-master）运行正常
- 无紧急事项，等待野原发起工作

| 15:30 | MEMORY.md | ✅ 正常 | 最后更新 2026-03-28 |
| 15:30 | 今日日记 2026-03-30.md | ✅ 正常 | 已有记录 |
| 15:30 | IDENTITY.md | ✅ 完整 | 小龙 / AI助手 / 🐉 |
| 15:30 | USER.md | ✅ 完整 | 野原 / 飞书 / 希望对话连续 |
| 15:30 | design-master 技能 | ✅ 正常 | 已学习 Apple LOGO，持续学习中 |
| 15:30 | content-master 技能 | ✅ 正常 | 框架已建立，等待案例学习 |
| 15:30 | 案例库整理 | ✅ 无新内容 |

## 今日对话总结
- 7:00 已发送早间提醒，野原尚未回复
- 暂无新对话

## 待办事项提醒
- ⏳ Token电力出口：生成封面图（需启动doubao服务）
- ⏳ Token电力出口：发布第一篇小红书内容
- ⏳ Token电力出口：沉淀用户进社群

## 其他说明
- 当前时间 15:30，下午工作时段
- 所有系统状态正常，记忆文件完整
- 两个核心技能（design-master、content-master）运行正常
- 无紧急事项，等待野原发起工作

| 16:00 | MEMORY.md | ✅ 正常 | 最后更新 2026-03-28 |
| 16:00 | 今日日记 2026-03-30.md | ✅ 正常 | 已有记录 |
| 16:00 | IDENTITY.md | ✅ 完整 | 小龙 / AI助手 / 🐉 |
| 16:00 | USER.md | ✅ 完整 | 野原 / 飞书 / 希望对话连续 |
| 16:00 | design-master 技能 | ✅ 正常 | 已学习 Apple LOGO，持续学习中 |
| 16:00 | content-master 技能 | ✅ 正常 | 框架已建立，等待案例学习 |
| 16:00 | 案例库整理 | ✅ 无新内容 |

## 今日对话总结
- 7:00 已发送早间提醒，野原尚未回复
- 暂无新对话

## 待办事项提醒
- ⏳ Token电力出口：生成封面图（需启动doubao服务）
- ⏳ Token电力出口：发布第一篇小红书内容
- ⏳ Token电力出口：沉淀用户进社群

## 其他说明
- 当前时间 16:00，下午工作时段
- 所有系统状态正常，记忆文件完整
- 两个核心技能运行正常
- 无紧急事项，等待野原发起工作

| 16:30 | MEMORY.md | ✅ 正常 | 最后更新 2026-03-28 |
| 16:30 | 今日日记 2026-03-30.md | ✅ 正常 | 已有记录 |
| 16:30 | IDENTITY.md | ✅ 完整 | 小龙 / AI助手 / 🐉 |
| 16:30 | USER.md | ✅ 完整 | 野原 / 飞书 / 希望对话连续 |
| 16:30 | design-master 技能 | ✅ 正常 | 已学习 Apple LOGO，持续学习中 |
| 16:30 | content-master 技能 | ✅ 正常 | 框架已建立，等待案例学习 |
| 16:30 | 案例库整理 | ✅ 无新内容 |

## 今日对话总结
- 7:00 已发送早间提醒，野原尚未回复
- 暂无新对话

## 待办事项提醒
- ⏳ Token电力出口：生成封面图（需启动doubao服务）
- ⏳ Token电力出口：发布第一篇小红书内容
- ⏳ Token电力出口：沉淀用户进社群

## 其他说明
- 当前时间 16:30，下午工作时段
- 所有系统状态正常，记忆文件完整
- 两个核心技能运行正常
- 无紧急事项，等待野原发起工作

| 17:00 | MEMORY.md | ✅ 正常 | 最后更新 2026-03-28 |
| 17:00 | 今日日记 2026-03-30.md | ✅ 正常 | 已有记录 |
| 17:00 | IDENTITY.md | ✅ 完整 | 小龙 / AI助手 / 🐉 |
| 17:00 | USER.md | ✅ 完整 | 野原 / 飞书 / 希望对话连续 |
| 17:00 | design-master 技能 | ✅ 正常 | 已学习 Apple LOGO，持续学习中 |
| 17:00 | content-master 技能 | ✅ 正常 | 框架已建立，等待案例学习 |
| 17:00 | 案例库整理 | ✅ 无新内容 |

## 今日对话总结
- 7:00 已发送早间提醒，野原尚未回复
- 暂无新对话

## 待办事项提醒
- ⏳ Token电力出口：生成封面图（需启动doubao服务）
- ⏳ Token电力出口：发布第一篇小红书内容
- ⏳ Token电力出口：沉淀用户进社群

## 其他说明
- 当前时间 17:00，下午工作时段接近尾声
- 所有系统状态正常，记忆文件完整
- 两个核心技能运行正常
- 无紧急事项，等待野原发起工作

| 17:30 | MEMORY.md | ✅ 正常 | 最后更新 2026-03-28 |
| 17:30 | 今日日记 2026-03-30.md | ✅ 正常 | 已有记录 |
| 17:30 | IDENTITY.md | ✅ 完整 | 小龙 / AI助手 / 🐉 |
| 17:30 | USER.md | ✅ 完整 | 野原 / 飞书 / 希望对话连续 |
| 17:30 | design-master 技能 | ✅ 正常 | 已学习 Apple LOGO，持续学习中 |
| 17:30 | content-master 技能 | ✅ 正常 | 框架已建立，等待案例学习 |
| 17:30 | 案例库整理 | ✅ 无新内容 |

## 今日对话总结
- 7:00 已发送早间提醒，野原今日尚未对话
- 暂无新对话

## 待办事项提醒
- ⏳ Token电力出口：生成封面图（需启动doubao服务）
- ⏳ Token电力出口：发布第一篇小红书内容
- ⏳ Token电力出口：沉淀用户进社群

## 其他说明
- 当前时间 17:30，傍晚工作时段
- 所有系统状态正常，记忆文件完整
- 两个核心技能（design-master、content-master）运行正常
- 距离上次提醒已过去10个半小时，属于长时间未对话，应该发送问候提醒
- 存在待办事项需要提醒野原

| 18:00 | MEMORY.md | ✅ 正常 | 最后更新 2026-03-28 |
| 18:00 | 今日日记 2026-03-30.md | ✅ 正常 | 已有记录 |
| 18:00 | IDENTITY.md | ✅ 完整 | 小龙 / AI助手 / 🐉 |
| 18:00 | USER.md | ✅ 完整 | 野原 / 飞书 / 希望对话连续 |
| 18:00 | design-master 技能 | ✅ 正常 | 已学习 Apple LOGO，持续学习中 |
| 18:00 | content-master 技能 | ✅ 正常 | 框架已建立，等待案例学习 |
| 18:00 | 案例库整理 | ✅ 无新内容 |

## 今日对话总结
- 17:30 已发送傍晚提醒，野原尚未回复
- 今日暂无新对话

## 待办事项提醒
- ⏳ Token电力出口：生成封面图（需启动doubao服务）
- ⏳ Token电力出口：发布第一篇小红书内容
- ⏳ Token电力出口：沉淀用户进社群

## 其他说明
- 当前时间 18:00，晚餐时段
- 所有系统状态正常，记忆文件完整
- 两个核心技能运行正常
- 无紧急事项，不打扰用餐

| 18:30 | MEMORY.md | ✅ 正常 | 最后更新 2026-03-28 |
| 18:30 | 今日日记 2026-03-30.md | ✅ 正常 | 已有记录 |
| 18:30 | IDENTITY.md | ✅ 完整 | 小龙 / AI助手 / 🐉 |
| 18:30 | USER.md | ✅ 完整 | 野原 / 飞书 / 希望对话连续 |
| 18:30 | design-master 技能 | ✅ 正常 | 已学习 Apple LOGO，持续学习中 |
| 18:30 | content-master 技能 | ✅ 正常 | 框架已建立，等待案例学习 |
| 18:30 | 案例库整理 | ✅ 无新内容 |

## 今日对话总结
- 17:30 已发送傍晚提醒，野原尚未回复
- 今日全天暂无新对话

## 待办事项提醒
- ⏳ Token电力出口：生成封面图（需启动doubao服务）
- ⏳ Token电力出口：发布第一篇小红书内容
- ⏳ Token电力出口：沉淀用户进社群

## 其他说明
- 当前时间 18:30，晚餐时段
- 所有系统状态正常，记忆文件完整
- 两个核心技能运行正常
- 无紧急事项，不打扰野原用餐

| 19:00 | MEMORY.md | ✅ 正常 | 最后更新 2026-03-28 |
| 19:00 | 今日日记 2026-03-30.md | ✅ 正常 | 已有记录 |
| 19:00 | IDENTITY.md | ✅ 完整 | 小龙 / AI助手 / 🐉 |
| 19:00 | USER.md | ✅ 完整 | 野原 / 飞书 / 希望对话连续 |
| 19:00 | design-master 技能 | ✅ 正常 | 已学习 Apple LOGO，持续学习中 |
| 19:00 | content-master 技能 | ✅ 正常 | 框架已建立，等待案例学习 |
| 19:00 | 案例库整理 | ✅ 无新内容 |

## 今日对话总结
- 今日全天暂无新对话
- 17:30 已发送傍晚提醒，野原尚未回复

## 待办事项提醒
- ⏳ Token电力出口：生成封面图（需启动doubao服务）
- ⏳ Token电力出口：发布第一篇小红书内容
- ⏳ Token电力出口：沉淀用户进社群

## 其他说明
- 当前时间 19:00，晚间时段
- 所有系统状态正常，记忆文件完整
- 两个核心技能（design-master、content-master）运行正常
- 无紧急事项，等待野原发起工作

| 19:30 | MEMORY.md | ✅ 正常 | 最后更新 2026-03-28 |
| 19:30 | 今日日记 2026-03-30.md | ✅ 正常 | 已有记录 |
| 19:30 | IDENTITY.md | ✅ 完整 | 小龙 / AI助手 / 🐉 |
| 19:30 | USER.md | ✅ 完整 | 野原 / 飞书 / 希望对话连续 |
| 19:30 | design-master 技能 | ✅ 正常 | 已学习 Apple LOGO，持续学习中 |
| 19:30 | content-master 技能 | ✅ 正常 | 框架已建立，等待案例学习 |
| 19:30 | 案例库整理 | ✅ 无新内容 |

## 今日对话总结
- 今日全天暂无新对话
- 早间和傍晚都发送过提醒，野原尚未回复

## 待办事项提醒
- ⏳ Token电力出口：生成封面图（需启动doubao服务）
- ⏳ Token电力出口：发布第一篇小红书内容
- ⏳ Token电力出口：沉淀用户进社群

## 其他说明
- 当前时间 19:30，晚间时段
- 所有系统状态正常，记忆文件完整
- 两个核心技能运行正常
- 无紧急事项，等待野原发起工作

| 20:00 | MEMORY.md | ✅ 正常 | 最后更新 2026-03-28 |
| 20:00 | 今日日记 2026-03-30.md | ✅ 正常 | 已有记录 |
| 20:00 | IDENTITY.md | ✅ 完整 | 小龙 / AI助手 / 🐉 |
| 20:00 | USER.md | ✅ 完整 | 野原 / 飞书 / 希望对话连续 |
| 20:00 | design-master 技能 | ✅ 正常 | 已学习 Apple LOGO，持续学习中 |
| 20:00 | content-master 技能 | ✅ 正常 | 框架已建立，等待案例学习 |
| 20:00 | 案例库整理 | ✅ 无新内容 |

## 今日对话总结
- 今日全天暂无新对话
- 早间（07:00）和傍晚（17:30）都发送过提醒，野原尚未回复

## 待办事项提醒
- ⏳ Token电力出口：生成封面图（需启动doubao服务）
- ⏳ Token电力出口：发布第一篇小红书内容
- ⏳ Token电力出口：沉淀用户进社群

## 其他说明
- 当前时间 20:00，晚间黄金时段，正是小红书发布最佳时间
- 所有系统状态正常，记忆文件完整
- 两个核心技能运行正常
- 提醒待办事项，等待野原发起工作

| 20:30 | MEMORY.md | ✅ 正常 | 最后更新 2026-03-28 |
| 20:30 | 今日日记 2026-03-30.md | ✅ 正常 | 已有记录 |
| 20:30 | IDENTITY.md | ✅ 完整 | 小龙 / AI助手 / 🐉 |
| 20:30 | USER.md | ✅ 完整 | 野原 / 飞书 / 希望对话连续 |
| 20:30 | design-master 技能 | ✅ 正常 | 已学习 Apple LOGO，持续学习中 |
| 20:30 | content-master 技能 | ✅ 正常 | 框架已建立，等待案例学习 |
| 20:30 | 案例库整理 | ✅ 无新内容 |

## 今日对话总结
- 今日全天暂无新对话
- 20:00 已发送晚间提醒，野原尚未回复

## 待办事项提醒
- ⏳ Token电力出口：生成封面图（需启动doubao服务）
- ⏳ Token电力出口：发布第一篇小红书内容
- ⏳ Token电力出口：沉淀用户进社群

## 其他说明
- 当前时间 20:30，晚间黄金时段
- 所有系统状态正常，记忆文件完整
- 两个核心技能运行正常
- 无紧急事项，等待野原发起工作

| 21:00 | MEMORY.md | ✅ 正常 | 最后更新 2026-03-28 |
| 21:00 | 今日日记 2026-03-30.md | ✅ 正常 | 已有记录 |
| 21:00 | IDENTITY.md | ✅ 完整 | 小龙 / AI助手 / 🐉 |
| 21:00 | USER.md | ✅ 完整 | 野原 / 飞书 / 希望对话连续 |
| 21:00 | design-master 技能 | ✅ 正常 | 已学习 Apple LOGO，持续学习中 |
| 21:00 | content-master 技能 | ✅ 正常 | 框架已建立，等待案例学习 |
| 21:00 | 案例库整理 | ✅ 无新内容 |

## 今日对话总结
- 今日全天暂无新对话
- 多次发送提醒，野原尚未回复

## 待办事项提醒
- ⏳ Token电力出口：生成封面图（需启动doubao服务）
- ⏳ Token电力出口：发布第一篇小红书内容
- ⏳ Token电力出口：沉淀用户进社群

## 其他说明
- 当前时间 21:00，睡前阅读最佳时段，公众号发布黄金时间
- 所有系统状态正常，记忆文件完整
- 两个核心技能运行正常
- 不主动打扰，等待野原发起工作
- 距离23:00自动Git备份还有2小时

| 21:30 | MEMORY.md | ✅ 正常 | 最后更新 2026-03-28 |
| 21:30 | 今日日记 2026-03-30.md | ✅ 正常 | 已有记录 |
| 21:30 | IDENTITY.md | ✅ 完整 | 小龙 / AI助手 / 🐉 |
| 21:30 | USER.md | ✅ 完整 | 野原 / 飞书 / 希望对话连续 |
| 21:30 | design-master 技能 | ✅ 正常 | 已学习 Apple LOGO，持续学习中 |
| 21:30 | content-master 技能 | ✅ 正常 | 框架已建立，等待案例学习 |
| 21:30 | 案例库整理 | ✅ 无新内容 |

## 今日对话总结
- 今日全天暂无新对话
- 多次发送提醒，野原尚未回复

## 待办事项提醒
- ⏳ Token电力出口：生成封面图（需启动doubao服务）
- ⏳ Token电力出口：发布第一篇小红书内容
- ⏳ Token电力出口：沉淀用户进社群

## 其他说明
- 当前时间 21:30，睡前阅读黄金时段，正是公众号和小红书流量高峰
- 所有系统状态正常，记忆文件完整
- 两个核心技能运行正常
- 距离23:00自动Git备份还有1.5小时
- 不打扰野原，等待主动发起工作

| 22:00 | MEMORY.md | ✅ 正常 | 最后更新 2026-03-28 |
| 22:00 | 今日日记 2026-03-30.md | ✅ 正常 | 已有记录 |
| 22:00 | IDENTITY.md | ✅ 完整 | 小龙 / AI助手 / 🐉 |
| 22:00 | USER.md | ✅ 完整 | 野原 / 飞书 / 希望对话连续 |
| 22:00 | design-master 技能 | ✅ 正常 | 已学习 Apple LOGO，持续学习中 |
| 22:00 | content-master 技能 | ✅ 正常 | 框架已建立，等待案例学习 |
| 22:00 | 案例库整理 | ✅ 无新内容 |

## 今日对话总结
- 今日全天暂无新对话
- 多次发送提醒，野原尚未回复

## 待办事项提醒
- ⏳ Token电力出口：生成封面图（需启动doubao服务）
- ⏳ Token电力出口：发布第一篇小红书内容
- ⏳ Token电力出口：沉淀用户进社群

## 其他说明
- 当前时间 22:00，晚间睡前时段，小红书流量高峰
- 所有系统状态正常，记忆文件完整
- 两个核心技能运行正常
- 距离23:00自动Git备份还有1小时
- 不打扰野原，等待主动发起工作

| 22:00 | MEMORY.md | ✅ 正常 | 最后更新 2026-03-28 |
| 22:00 | 今日日记 2026-03-30.md | ✅ 正常 | 已有记录 |
| 22:00 | IDENTITY.md | ✅ 完整 | 小龙 / AI助手 / 🐉 |
| 22:00 | USER.md | ✅ 完整 | 野原 / 飞书 / 希望对话连续 |
| 22:00 | design-master 技能 | ✅ 正常 | 已学习 Apple LOGO，持续学习中 |
| 22:00 | content-master 技能 | ✅ 正常 | 框架已建立，等待案例学习 |
| 22:00 | 案例库整理 | ✅ 无新内容 |

## 今日对话总结
- 今日全天暂无新对话
- 多次发送提醒，野原尚未回复

## 待办事项提醒
- ⏳ Token电力出口：生成封面图（需启动doubao服务）
- ⏳ Token电力出口：发布第一篇小红书内容
- ⏳ Token电力出口：沉淀用户进社群

## 其他说明
- 当前时间 22:00，晚间睡前时段，小红书流量高峰
- 所有系统状态正常，记忆文件完整
- 两个核心技能运行正常
- 距离23:00自动Git备份还有1小时
- 不打扰野原，等待主动发起工作

| 22:30 | MEMORY.md | ✅ 正常 | 最后更新 2026-03-28 |
| 22:30 | 今日日记 2026-03-30.md | ✅ 正常 | 已有记录 |
| 22:30 | IDENTITY.md | ✅ 完整 | 小龙 / AI助手 / 🐉 |
| 22:30 | USER.md | ✅ 完整 | 野原 / 飞书 / 希望对话连续 |
| 22:30 | design-master 技能 | ✅ 正常 | 已学习 Apple LOGO，持续学习中 |
| 22:30 | content-master 技能 | ✅ 正常 | 框架已建立，等待案例学习 |
| 22:30 | 案例库整理 | ✅ 无新内容 |

## 今日对话总结
- 今日全天暂无任何对话
- 多次发送提醒，野原未回复，推测可能忙碌或休息
- 今日没有新增对话要点需要总结

## 待办事项提醒
- ⏳ Token电力出口：生成封面图（需启动doubao服务）
- ⏳ Token电力出口：发布第一篇小红书内容
- ⏳ Token电力出口：沉淀用户进社群

## 其他说明
- 当前时间 22:30，睡前时段
- 所有系统状态正常，记忆文件完整
- 两个核心技能运行正常
- **距离23:00自动Git备份还有30分钟**
- 无紧急事项，不打扰野原休息

---
检查人: 小龙
