# 心跳检查日志 - 2026-04-12 13:34 GMT+8

## 检查清单执行情况

### 1. 记忆文件状态
- ✅ MEMORY.md 存在且内容最新
- ✅ 今日记忆文件 memory/2026-04-12.md 存在，推送已完成记录，内容正常
- ✅ IDENTITY.md 完整，信息正确
- ✅ USER.md 完整，信息正确
- ⏳ 今日对话尚未结束，待 23:00 执行 Git 提交推送

### 2. 技能状态
- ✅ design-master 技能已安装，状态正常
- ✅ content-master 技能已安装，状态正常
- ⏳ 案例库暂无新内容需要整理

### 3. 对话连续性维护
- ✅ 今日 11:04 已执行推送准备，12:00 cron 定时推送完成，已记录到今日工作记录
- ✅ 野原偏好无变化
- ✅ 无新学习成果需要记录
- ✅ 推送任务已完成，可归档

### 4. 每日固定任务
- ✅ 今日 12:00 定时推送已完成（cron 任务执行）
- ✅ 当前无长时间未对话需要发送问候
- ✅ 无待办事项需要额外提醒（重启 Gateway 待野原操作）
- ✅ 无新技能可用需要介绍
- ⏳ 23:00 Git 提交任务待执行

## 今日推送状态确认
- 根据今日记忆文件记录，今日推送已在 12:04 完成记录，任务成功
- 推送内容已留存，符合约定

## 检查结论
- 所有系统状态正常
- 每日推送任务完成
- 无异常情况需要处理

记录人: 小龙
