# 心跳检查日志 - 2026-04-11 10:56 (Asia/Shanghai)

## 1. 记忆文件状态检查
- ✅ MEMORY.md 存在，最后更新: 2026-04-10，内容完整
- ✅ 今日记忆文件 memory/2026-04-11.md 存在，内容正常
- ✅ IDENTITY.md 完整：小龙 🐉 | AI助手 | 亲切直接有幽默感
- ✅ USER.md 完整：野原 | Asia/Shanghai | 飞书连接 | 需要对话连续性

## 2. 技能状态检查
- ✅ design-master 技能正常：设计哲学、分析框架完整，持续学习中
- ✅ content-master 技能正常：多平台内容框架完整，推送机制就绪
- ✅ 案例库暂无新内容需要整理

## 3. 对话连续性维护
- 今日暂无新对话，无需总结
- 野原偏好无变化
- 无新学习成果需要记录
- 无已完成事项需要归档

## 4. 每日固定任务检查
- 当前时间 10:56，接近推送窗口，已提前检索AI资讯和推荐书籍：
  - **资讯1**: 智元分拆四足机器人业务为智元酷拓，目标2026年营收5亿，2030年年出货30万台营收百亿，海外占比超35%。预测四足机器人整体市场空间千亿，聚焦B端工业/巡检/矿山场景，不碰C端家庭。**点评**: 具身智能商业化加速，中国企业在机器人赛道已占据主导地位，电力作为基础能源支撑着机器人产业的规模化发展。
  - **资讯2**: 央视曝光AI造谣乱象，指出AI生成虚假信息制作门槛低、辟谣难度大，"AI标注"不能成为免责牌。**点评**: AI行业快速发展同时，监管和规范正在跟上，对Token电力出口来说，合规经营是长期发展的基础。
  - **推荐书籍**: 《人工智能与电力系统》（郭江涛、杨柳、李雅洁 著），系统介绍了人工智能技术在电力系统中的深度融合应用，包括智能优化算法、大数据分析、状态监测、故障诊断、自动化调度等关键技术。**推荐理由**: 对于Token电力出口赛道，这本书从技术层面建立了AI与电力的底层连接认知，帮助理解"电力就是算力，算力就是Token"的核心逻辑。
- 距离推送时间12:00还有约1小时，cron定时任务已配置，将准时触发推送
- 距离上次对话不超过8小时，无需发送问候
- 无待办事项需要特别提醒
- 无新技能需要介绍
- 未到23:00，暂不执行Git提交上传

## 检查结论
一切就绪，等待定时推送触发。无需主动联系野原。

---
检查完成时间: 2026-04-11 10:56 GMT+8
