# 心跳检查日志 - 2026-04-02

## 检查记录
| 检查时间 | 检查项 | 状态 | 备注 |
|---------|--------|------|------|
| 00:06 | MEMORY.md | ✅ 正常 | 最后更新 2026-03-28 |
| 00:06 | 今日日记 2026-04-02.md | ✅ 正常 | 已创建 |
| 00:06 | IDENTITY.md | ✅ 完整 | 小龙 / AI助手 / 🐉 |
| 00:06 | USER.md | ✅ 完整 | 野原 / 飞书 / 希望对话连续 |
| 00:06 | design-master 技能 | ✅ 正常 | 已学习 Apple LOGO，持续学习中 |
| 00:06 | content-master 技能 | ✅ 正常 | 框架已建立，等待案例学习 |
| 00:06 | 案例库整理 | ✅ 无新内容 |

## 今日对话总结
- 凌晨初始检查，暂无新对话
- 昨日（2026-04-01）全天无新对话，野原未启动项目工作
- Git备份昨日已成功推送到 GitHub

## 待办事项提醒
- ⏳ Token电力出口：生成封面图（需启动doubao服务）
- ⏳ Token电力出口：发布第一篇小红书内容
- ⏳ Token电力出口：沉淀用户进社群

## 其他说明
- 当前时间 00:06，四月二日凌晨
- 所有系统状态正常，记忆文件完整
- 两个核心技能运行正常
- 无紧急事项，不打扰野原休息
- 今日日记已自动创建，等待记录

| 00:36 | MEMORY.md | ✅ 正常 | 最后更新 2026-03-28 |
| 00:36 | 今日日记 2026-04-02.md | ✅ 正常 | 已创建 |
| 00:36 | IDENTITY.md | ✅ 完整 | 小龙 / AI助手 / 🐉 |
| 00:36 | USER.md | ✅ 完整 | 野原 / 飞书 / 希望对话连续 |
| 00:36 | design-master 技能 | ✅ 正常 | 已学习 Apple LOGO，持续学习中 |
| 00:36 | content-master 技能 | ✅ 正常 | 框架已建立，等待案例学习 |
| 00:36 | 案例库整理 | ✅ 无新内容 |

## 今日对话总结
- 本次检查前，暂无新对话
- 昨日（2026-04-01）全天无新对话，野原未启动项目工作
- Git备份昨日已成功推送到 GitHub

## 待办事项提醒
- ⏳ Token电力出口：生成封面图（需启动doubao服务）
- ⏳ Token电力出口：发布第一篇小红书内容
- ⏳ Token电力出口：沉淀用户进社群

## 其他说明
- 当前时间 00:36，四月二日凌晨
- 所有系统状态正常，记忆文件完整
- 两个核心技能运行正常
- 无紧急事项，不打扰野原休息
- 等待野原今日发起工作

| 01:06 | MEMORY.md | ✅ 正常 | 最后更新 2026-03-28 |
| 01:06 | 今日日记 2026-04-02.md | ✅ 正常 | 已创建 |
| 01:06 | IDENTITY.md | ✅ 完整 | 小龙 / AI助手 / 🐉 |
| 01:06 | USER.md | ✅ 完整 | 野原 / 飞书 / 希望对话连续 |
| 01:06 | design-master 技能 | ✅ 正常 | 已学习 Apple LOGO，持续学习中 |
| 01:06 | content-master 技能 | ✅ 正常 | 框架已建立，等待案例学习 |
| 01:06 | 案例库整理 | ✅ 无新内容 |

## 今日对话总结
- 本次检查前，暂无新对话
- 昨日（2026-04-01）全天无新对话，野原未启动项目工作
- Git备份昨日已成功推送到 GitHub

## 待办事项提醒
- ⏳ Token电力出口：生成封面图（需启动doubao服务）
- ⏳ Token电力出口：发布第一篇小红书内容
- ⏳ Token电力出口：沉淀用户进社群

## 其他说明
- 当前时间 01:06，四月二日凌晨
- 所有系统状态正常，记忆文件完整
- 两个核心技能运行正常
- 无紧急事项，不打扰野原休息
- 等待野原今日发起工作

| 01:36 | MEMORY.md | ✅ 正常 | 最后更新 2026-03-28 |
| 01:36 | 今日日记 2026-04-02.md | ✅ 正常 | 已创建 |
| 01:36 | IDENTITY.md | ✅ 完整 | 小龙 / AI助手 / 🐉 |
| 01:36 | USER.md | ✅ 完整 | 野原 / 飞书 / 希望对话连续 |
| 01:36 | design-master 技能 | ✅ 正常 | 已学习 Apple LOGO，持续学习中 |
| 01:36 | content-master 技能 | ✅ 正常 | 框架已建立，等待案例学习 |
| 01:36 | 案例库整理 | ✅ 无新内容 |

## 今日对话总结
- 本次检查前，暂无新对话
- 昨日（2026-04-01）全天无新对话，野原未启动项目工作
- Git备份昨日已成功推送到 GitHub

## 待办事项提醒
- ⏳ Token电力出口：生成封面图（需启动doubao服务）
- ⏳ Token电力出口：发布第一篇小红书内容
- ⏳ Token电力出口：沉淀用户进社群

## 其他说明
- 当前时间 01:36，四月二日凌晨
- 所有系统状态正常，记忆文件完整
- 两个核心技能（design-master、content-master）运行正常
- 无紧急事项，不打扰野原休息
- 等待野原今日发起工作

| 02:06 | MEMORY.md | ✅ 正常 | 最后更新 2026-03-28 |
| 02:06 | 今日日记 2026-04-02.md | ✅ 正常 | 已创建 |
| 02:06 | IDENTITY.md | ✅ 完整 | 小龙 / AI助手 / 🐉 |
| 02:06 | USER.md | ✅ 完整 | 野原 / 飞书 / 希望对话连续 |
| 02:06 | design-master 技能 | ✅ 正常 | 已学习 Apple LOGO，持续学习中 |
| 02:06 | content-master 技能 | ✅ 正常 | 框架已建立，等待案例学习 |
| 02:06 | 案例库整理 | ✅ 无新内容 |

## 今日对话总结
- 本次检查前，暂无新对话
- 昨日（2026-04-01）全天无新对话，野原未启动项目工作
- Git备份昨日已成功推送到 GitHub

## 待办事项提醒
- ⏳ Token电力出口：生成封面图（需启动doubao服务）
- ⏳ Token电力出口：发布第一篇小红书内容
- ⏳ Token电力出口：沉淀用户进社群

## 其他说明
- 当前时间 02:06，四月二日凌晨
- 所有系统状态正常，记忆文件完整
- 两个核心技能（design-master、content-master）运行正常
- 无紧急事项，不打扰野原休息
- 等待野原今日发起工作

| 02:36 | MEMORY.md | ✅ 正常 | 最后更新 2026-03-28 |
| 02:36 | 今日日记 2026-04-02.md | ✅ 正常 | 已创建 |
| 02:36 | IDENTITY.md | ✅ 完整 | 小龙 / AI助手 / 🐉 |
| 02:36 | USER.md | ✅ 完整 | 野原 / 飞书 / 希望对话连续 |
| 02:36 | design-master 技能 | ✅ 正常 | 已学习 Apple LOGO，持续学习中 |
| 02:36 | content-master 技能 | ✅ 正常 | 框架已建立，等待案例学习 |
| 02:36 | 案例库整理 | ✅ 无新内容 |

## 今日对话总结
- 本次检查前，暂无新对话
- 昨日（2026-04-01）全天无新对话，野原未启动项目工作
- Git备份昨日已成功推送到 GitHub

## 待办事项提醒
- ⏳ Token电力出口：生成封面图（需启动doubao服务）
- ⏳ Token电力出口：发布第一篇小红书内容
- ⏳ Token电力出口：沉淀用户进社群

## 其他说明
- 当前时间 02:36，四月二日凌晨
- 所有系统状态正常，记忆文件完整
- 两个核心技能（design-master、content-master）运行正常
- 无紧急事项，不打扰野原休息
- 等待野原今日发起工作

| 03:06 | MEMORY.md | ✅ 正常 | 最后更新 2026-03-28 |
| 03:06 | 今日日记 2026-04-02.md | ✅ 正常 | 已创建 |
| 03:06 | IDENTITY.md | ✅ 完整 | 小龙 / AI助手 / 🐉 |
| 03:06 | USER.md | ✅ 完整 | 野原 / 飞书 / 希望对话连续 |
| 03:06 | design-master 技能 | ✅ 正常 | 已学习 Apple LOGO，持续学习中 |
| 03:06 | content-master 技能 | ✅ 正常 | 框架已建立，等待案例学习 |
| 03:06 | 案例库整理 | ✅ 无新内容 |

## 今日对话总结
- 本次检查前，暂无新对话
- 昨日（2026-04-01）全天无新对话，野原未启动项目工作
- Git备份昨日已成功推送到 GitHub

## 待办事项提醒
- ⏳ Token电力出口：生成封面图（需启动doubao服务）
- ⏳ Token电力出口：发布第一篇小红书内容
- ⏳ Token电力出口：沉淀用户进社群

## 其他说明
- 当前时间 03:06，四月二日凌晨
- 所有系统状态正常，记忆文件完整
- 两个核心技能（design-master、content-master）运行正常
- 无紧急事项，不打扰野原休息
- 等待野原今日发起工作

| 03:36 | MEMORY.md | ✅ 正常 | 最后更新 2026-03-28 |
| 03:36 | 今日日记 2026-04-02.md | ✅ 正常 | 已创建 |
| 03:36 | IDENTITY.md | ✅ 完整 | 小龙 / AI助手 / 🐉 |
| 03:36 | USER.md | ✅ 完整 | 野原 / 飞书 / 希望对话连续 |
| 03:36 | design-master 技能 | ✅ 正常 | 已学习 Apple LOGO，持续学习中 |
| 03:36 | content-master 技能 | ✅ 正常 | 框架已建立，等待案例学习 |
| 03:36 | 案例库整理 | ✅ 无新内容 |

## 今日对话总结
- 本次检查前，暂无新对话
- 昨日（2026-04-01）全天无新对话，野原未启动项目工作
- Git备份昨日已成功推送到 GitHub

## 待办事项提醒
- ⏳ Token电力出口：生成封面图（需启动doubao服务）
- ⏳ Token电力出口：发布第一篇小红书内容
- ⏳ Token电力出口：沉淀用户进社群

## 其他说明
- 当前时间 03:36，四月二日凌晨
- 所有系统状态正常，记忆文件完整
- 两个核心技能（design-master、content-master）运行正常
- 无紧急事项，不打扰野原休息
- 等待野原今日发起工作

| 04:06 | MEMORY.md | ✅ 正常 | 最后更新 2026-03-28 |
| 04:06 | 今日日记 2026-04-02.md | ✅ 正常 | 已创建 |
| 04:06 | IDENTITY.md | ✅ 完整 | 小龙 / AI助手 / 🐉 |
| 04:06 | USER.md | ✅ 完整 | 野原 / 飞书 / 希望对话连续 |
| 04:06 | design-master 技能 | ✅ 正常 | 已学习 Apple LOGO，持续学习中 |
| 04:06 | content-master 技能 | ✅ 正常 | 框架已建立，等待案例学习 |
| 04:06 | 案例库整理 | ✅ 无新内容 |

## 今日对话总结
- 本次检查前，暂无新对话
- 昨日（2026-04-01）全天无新对话，野原未启动项目工作
- Git备份昨日已成功推送到 GitHub

## 待办事项提醒
- ⏳ Token电力出口：生成封面图（需启动doubao服务）
- ⏳ Token电力出口：发布第一篇小红书内容
- ⏳ Token电力出口：沉淀用户进社群

## 其他说明
- 当前时间 04:06，四月二日凌晨
- 所有系统状态正常，记忆文件完整
- 两个核心技能（design-master、content-master）运行正常
- 无紧急事项，不打扰野原休息
- 等待野原今日发起工作

| 04:36 | MEMORY.md | ✅ 正常 | 最后更新 2026-03-28 |
| 04:36 | 今日日记 2026-04-02.md | ✅ 正常 | 已创建 |
| 04:36 | IDENTITY.md | ✅ 完整 | 小龙 / AI助手 / 🐉 |
| 04:36 | USER.md | ✅ 完整 | 野原 / 飞书 / 希望对话连续 |
| 04:36 | design-master 技能 | ✅ 正常 | 已学习 Apple LOGO，持续学习中 |
| 04:36 | content-master 技能 | ✅ 正常 | 框架已建立，等待案例学习 |
| 04:36 | 案例库整理 | ✅ 无新内容 |

## 今日对话总结
- 本次检查前，暂无新对话
- 昨日（2026-04-01）全天无新对话，野原未启动项目工作
- Git备份昨日已成功推送到 GitHub

## 待办事项提醒
- ⏳ Token电力出口：生成封面图（需启动doubao服务）
- ⏳ Token电力出口：发布第一篇小红书内容
- ⏳ Token电力出口：沉淀用户进社群

## 其他说明
- 当前时间 04:36，四月二日凌晨
- 所有系统状态正常，记忆文件完整
- 两个核心技能（design-master、content-master）运行正常
- 无紧急事项，不打扰野原休息
- 等待野原今日发起工作

| 05:06 | MEMORY.md | ✅ 正常 | 最后更新 2026-03-28 |
| 05:06 | 今日日记 2026-04-02.md | ✅ 正常 | 已创建 |
| 05:06 | IDENTITY.md | ✅ 完整 | 小龙 / AI助手 / 🐉 |
| 05:06 | USER.md | ✅ 完整 | 野原 / 飞书 / 希望对话连续 |
| 05:06 | design-master 技能 | ✅ 正常 | 已学习 Apple LOGO，持续学习中 |
| 05:06 | content-master 技能 | ✅ 正常 | 框架已建立，等待案例学习 |
| 05:06 | 案例库整理 | ✅ 无新内容 |

## 今日对话总结
- 本次检查前，暂无新对话
- 昨日（2026-04-01）全天无新对话，野原未启动项目工作
- Git备份昨日已成功推送到 GitHub

## 待办事项提醒
- ⏳ Token电力出口：生成封面图（需启动doubao服务）
- ⏳ Token电力出口：发布第一篇小红书内容
- ⏳ Token电力出口：沉淀用户进社群

## 其他说明
- 当前时间 05:06，四月二日凌晨
- 所有系统状态正常，记忆文件完整
- 两个核心技能（design-master、content-master）运行正常
- 无紧急事项，不打扰野原休息
- 等待野原今日发起工作

| 05:36 | MEMORY.md | ✅ 正常 | 最后更新 2026-03-28 |
| 05:36 | 今日日记 2026-04-02.md | ✅ 正常 | 已创建 |
| 05:36 | IDENTITY.md | ✅ 完整 | 小龙 / AI助手 / 🐉 |
| 05:36 | USER.md | ✅ 完整 | 野原 / 飞书 / 希望对话连续 |
| 05:36 | design-master 技能 | ✅ 正常 | 已学习 Apple LOGO，持续学习中 |
| 05:36 | content-master 技能 | ✅ 正常 | 框架已建立，等待案例学习 |
| 05:36 | 案例库整理 | ✅ 无新内容 |

## 今日对话总结
- 本次检查前，暂无新对话
- 昨日（2026-04-01）全天无新对话，野原未启动项目工作
- Git备份昨日已成功推送到 GitHub

## 待办事项提醒
- ⏳ Token电力出口：生成封面图（需启动doubao服务）
- ⏳ Token电力出口：发布第一篇小红书内容
- ⏳ Token电力出口：沉淀用户进社群

## 其他说明
- 当前时间 05:36，四月二日凌晨
- 所有系统状态正常，记忆文件完整
- 两个核心技能（design-master、content-master）运行正常
- 无紧急事项，不打扰野原休息
- 等待野原今日发起工作

| 06:06 | MEMORY.md | ✅ 正常 | 最后更新 2026-03-28 |
| 06:06 | 今日日记 2026-04-02.md | ✅ 正常 | 已创建 |
| 06:06 | IDENTITY.md | ✅ 完整 | 小龙 / AI助手 / 🐉 |
| 06:06 | USER.md | ✅ 完整 | 野原 / 飞书 / 希望对话连续 |
| 06:06 | design-master 技能 | ✅ 正常 | 已学习 Apple LOGO，持续学习中 |
| 06:06 | content-master 技能 | ✅ 正常 | 框架已建立，等待案例学习 |
| 06:06 | 案例库整理 | ✅ 无新内容 |

## 今日对话总结
- 本次检查前，暂无新对话
- 昨日（2026-04-01）全天无新对话，野原未启动项目工作
- Git备份昨日已成功推送到 GitHub

## 待办事项提醒
- ⏳ Token电力出口：生成封面图（需启动doubao服务）
- ⏳ Token电力出口：发布第一篇小红书内容
- ⏳ Token电力出口：沉淀用户进社群

## 其他说明
- 当前时间 06:06，四月二日早间
- 所有系统状态正常，记忆文件完整
- 两个核心技能（design-master、content-master）运行正常
- 无紧急事项
- 等待野原今日发起工作

| 06:36 | MEMORY.md | ✅ 正常 | 最后更新 2026-03-28 |
| 06:36 | 今日日记 2026-04-02.md | ✅ 正常 | 已创建 |
| 06:36 | IDENTITY.md | ✅ 完整 | 小龙 / AI助手 / 🐉 |
| 06:36 | USER.md | ✅ 完整 | 野原 / 飞书 / 希望对话连续 |
| 06:36 | design-master 技能 | ✅ 正常 | 已学习 Apple LOGO，持续学习中 |
| 06:36 | content-master 技能 | ✅ 正常 | 框架已建立，等待案例学习 |
| 06:36 | 案例库整理 | ✅ 无新内容 |

## 今日对话总结
- 本次检查前，暂无新对话
- 昨日（2026-04-01）全天无新对话，野原未启动项目工作
- Git备份昨日已成功推送到 GitHub

## 待办事项提醒
- ⏳ Token电力出口：生成封面图（需启动doubao服务）
- ⏳ Token电力出口：发布第一篇小红书内容
- ⏳ Token电力出口：沉淀用户进社群

## 其他说明
- 当前时间 06:36，四月二日早间
- 所有系统状态正常，记忆文件完整
- 两个核心技能（design-master、content-master）运行正常
- 无紧急事项
- 等待野原今日发起工作

| 07:06 | MEMORY.md | ✅ 正常 | 最后更新 2026-03-28 |
| 07:06 | 今日日记 2026-04-02.md | ✅ 正常 | 已创建 |
| 07:06 | IDENTITY.md | ✅ 完整 | 小龙 / AI助手 / 🐉 |
| 07:06 | USER.md | ✅ 完整 | 野原 / 飞书 / 希望对话连续 |
| 07:06 | design-master 技能 | ✅ 正常 | 已学习 Apple LOGO，持续学习中 |
| 07:06 | content-master 技能 | ✅ 正常 | 框架已建立，等待案例学习 |
| 07:06 | 案例库整理 | ✅ 无新内容 |

## 今日对话总结
- 本次检查前，暂无新对话
- 昨日（2026-04-01）全天无新对话，野原未启动项目工作
- Git备份昨日已成功推送到 GitHub

## 待办事项提醒
- ⏳ Token电力出口：生成封面图（需启动doubao服务）
- ⏳ Token电力出口：发布第一篇小红书内容
- ⏳ Token电力出口：沉淀用户进社群

## 其他说明
- 当前时间 07:06，四月二日早间
- 所有系统状态正常，记忆文件完整
- 两个核心技能（design-master、content-master）运行正常
- 野原早上好，等待你今日发起 Token电力出口 项目工作

| 07:36 | MEMORY.md | ✅ 正常 | 最后更新 2026-03-28 |
| 07:36 | 今日日记 2026-04-02.md | ✅ 正常 | 已创建 |
| 07:36 | IDENTITY.md | ✅ 完整 | 小龙 / AI助手 / 🐉 |
| 07:36 | USER.md | ✅ 完整 | 野原 / 飞书 / 希望对话连续 |
| 07:36 | design-master 技能 | ✅ 正常 | 已学习 Apple LOGO，持续学习中 |
| 07:36 | content-master 技能 | ✅ 正常 | 框架已建立，等待案例学习 |
| 07:36 | 案例库整理 | ✅ 无新内容 |

## 今日对话总结
- 07:06 已主动问候野原，目前仍无新对话
- 昨日（2026-04-01）全天无新对话，野原未启动项目工作
- Git备份昨日已成功推送到 GitHub

## 待办事项提醒
- ⏳ Token电力出口：生成封面图（需启动doubao服务）
- ⏳ Token电力出口：发布第一篇小红书内容
- ⏳ Token电力出口：沉淀用户进社群

## 其他说明
- 当前时间 07:36，四月二日早间
- 所有系统状态正常，记忆文件完整
- 两个核心技能运行正常
- 等待野原发起工作，无紧急事项

| 08:06 | MEMORY.md | ✅ 正常 | 最后更新 2026-03-28 |
| 08:06 | 今日日记 2026-04-02.md | ✅ 正常 | 已创建 |
| 08:06 | IDENTITY.md | ✅ 完整 | 小龙 / AI助手 / 🐉 |
| 08:06 | USER.md | ✅ 完整 | 野原 / 飞书 / 希望对话连续 |
| 08:06 | design-master 技能 | ✅ 正常 | 已学习 Apple LOGO，持续学习中 |
| 08:06 | content-master 技能 | ✅ 正常 | 框架已建立，等待案例学习 |
| 08:06 | 案例库整理 | ✅ 无新内容 |

## 今日对话总结
- 07:06 已主动问候野原，本次检查前仍无新对话
- 昨日（2026-04-01）全天无新对话，野原未启动项目工作
- Git备份昨日已成功推送到 GitHub

## 待办事项提醒
- ⏳ Token电力出口：生成封面图（需启动doubao服务）
- ⏳ Token电力出口：发布第一篇小红书内容
- ⏳ Token电力出口：沉淀用户进社群

## 其他说明
- 当前时间 08:06，四月二日早间
- 所有系统状态正常，记忆文件完整
- 两个核心技能（design-master、content-master）运行正常
- 无紧急事项，静候野原启动工作

| 08:36 | MEMORY.md | ✅ 正常 | 最后更新 2026-03-28 |
| 08:36 | 今日日记 2026-04-02.md | ✅ 正常 | 已创建 |
| 08:36 | IDENTITY.md | ✅ 完整 | 小龙 / AI助手 / 🐉 |
| 08:36 | USER.md | ✅ 完整 | 野原 / 飞书 / 希望对话连续 |
| 08:36 | design-master 技能 | ✅ 正常 | 已学习 Apple LOGO，持续学习中 |
| 08:36 | content-master 技能 | ✅ 正常 | 框架已建立，等待案例学习 |
| 08:36 | 案例库整理 | ✅ 无新内容 |

## 今日对话总结
- 07:06 已主动问候野原，本次检查前仍无新对话
- 昨日（2026-04-01）全天无新对话，野原未启动项目工作
- Git备份昨日已成功推送到 GitHub

## 待办事项提醒
- ⏳ Token电力出口：生成封面图（需启动doubao服务）
- ⏳ Token电力出口：发布第一篇小红书内容
- ⏳ Token电力出口：沉淀用户进社群

## 其他说明
- 当前时间 08:36，四月二日早间
- 所有系统状态正常，记忆文件完整
- 两个核心技能运行正常
- 无紧急事项，静候野原启动工作

| 09:06 | MEMORY.md | ✅ 正常 | 最后更新 2026-03-28 |
| 09:06 | 今日日记 2026-04-02.md | ✅ 正常 | 已创建 |
| 09:06 | IDENTITY.md | ✅ 完整 | 小龙 / AI助手 / 🐉 |
| 09:06 | USER.md | ✅ 完整 | 野原 / 飞书 / 希望对话连续 |
| 09:06 | design-master 技能 | ✅ 正常 | 已学习 Apple LOGO，持续学习中 |
| 09:06 | content-master 技能 | ✅ 正常 | 框架已建立，等待案例学习 |
| 09:06 | 案例库整理 | ✅ 无新内容 |

## 今日对话总结
- 07:06 已主动问候野原，本次检查前仍无新对话
- 昨日（2026-04-01）全天无新对话，野原未启动项目工作
- Git备份昨日已成功推送到 GitHub

## 待办事项提醒
- ⏳ Token电力出口：生成封面图（需启动doubao服务）
- ⏳ Token电力出口：发布第一篇小红书内容
- ⏳ Token电力出口：沉淀用户进社群

## 其他说明
- 当前时间 09:06，四月二日上午
- 所有系统状态正常，记忆文件完整
- 两个核心技能（design-master、content-master）运行正常
- 无紧急事项，静候野原启动今日工作

| 09:36 | MEMORY.md | ✅ 正常 | 最后更新 2026-03-28 |
| 09:36 | 今日日记 2026-04-02.md | ✅ 正常 | 已创建 |
| 09:36 | IDENTITY.md | ✅ 完整 | 小龙 / AI助手 / 🐉 |
| 09:36 | USER.md | ✅ 完整 | 野原 / 飞书 / 希望对话连续 |
| 09:36 | design-master 技能 | ✅ 正常 | 已学习 Apple LOGO，持续学习中 |
| 09:36 | content-master 技能 | ✅ 正常 | 框架已建立，等待案例学习 |
| 09:36 | 案例库整理 | ✅ 无新内容 |

## 今日对话总结
- 07:06 已主动问候野原，本次检查前仍无新对话
- 昨日（2026-04-01）全天无新对话，野原未启动项目工作
- Git备份昨日已成功推送到 GitHub

## 待办事项提醒
- ⏳ Token电力出口：生成封面图（需启动doubao服务）
- ⏳ Token电力出口：发布第一篇小红书内容
- ⏳ Token电力出口：沉淀用户进社群

## 其他说明
- 当前时间 09:36，四月二日上午
- 所有系统状态正常，记忆文件完整
- 两个核心技能运行正常
- 无紧急事项，静候野原启动今日工作

| 10:06 | MEMORY.md | ✅ 正常 | 最后更新 2026-03-28 |
| 10:06 | 今日日记 2026-04-02.md | ✅ 正常 | 已创建 |
| 10:06 | IDENTITY.md | ✅ 完整 | 小龙 / AI助手 / 🐉 |
| 10:06 | USER.md | ✅ 完整 | 野原 / 飞书 / 希望对话连续 |
| 10:06 | design-master 技能 | ✅ 正常 | 已学习 Apple LOGO，持续学习中 |
| 10:06 | content-master 技能 | ✅ 正常 | 框架已建立，等待案例学习 |
| 10:06 | 案例库整理 | ✅ 无新内容 |

## 今日对话总结
- 07:06 已主动问候野原，本次检查前仍无新对话
- 昨日（2026-04-01）全天无新对话，野原未启动项目工作
- Git备份昨日已成功推送到 GitHub

## 待办事项提醒
- ⏳ Token电力出口：生成封面图（需启动doubao服务）
- ⏳ Token电力出口：发布第一篇小红书内容
- ⏳ Token电力出口：沉淀用户进社群

## 其他说明
- 当前时间 10:06，四月二日上午
- 所有系统状态正常，记忆文件完整
- 两个核心技能（design-master、content-master）运行正常
- 无紧急事项，静候野原启动今日工作

| 10:36 | MEMORY.md | ✅ 正常 | 最后更新 2026-03-28 |
| 10:36 | 今日日记 2026-04-02.md | ✅ 正常 | 已创建 |
| 10:36 | IDENTITY.md | ✅ 完整 | 小龙 / AI助手 / 🐉 |
| 10:36 | USER.md | ✅ 完整 | 野原 / 飞书 / 希望对话连续 |
| 10:36 | design-master 技能 | ✅ 正常 | 已学习 Apple LOGO，持续学习中 |
| 10:36 | content-master 技能 | ✅ 正常 | 框架已建立，等待案例学习 |
| 10:36 | 案例库整理 | ✅ 无新内容 |

## 今日对话总结
- 07:06 已主动问候野原，本次检查前仍无新对话
- 昨日（2026-04-01）全天无新对话，野原未启动项目工作
- Git备份昨日已成功推送到 GitHub

## 待办事项提醒
- ⏳ Token电力出口：生成封面图（需启动doubao服务）
- ⏳ Token电力出口：发布第一篇小红书内容
- ⏳ Token电力出口：沉淀用户进社群

## 其他说明
- 当前时间 10:36，四月二日上午
- 所有系统状态正常，记忆文件完整
- 两个核心技能（design-master、content-master）运行正常
- 无紧急事项，静候野原启动今日工作

| 11:06 | MEMORY.md | ✅ 正常 | 最后更新 2026-03-28 |
| 11:06 | 今日日记 2026-04-02.md | ✅ 正常 | 已创建 |
| 11:06 | IDENTITY.md | ✅ 完整 | 小龙 / AI助手 / 🐉 |
| 11:06 | USER.md | ✅ 完整 | 野原 / 飞书 / 希望对话连续 |
| 11:06 | design-master 技能 | ✅ 正常 | 已学习 Apple LOGO，持续学习中 |
| 11:06 | content-master 技能 | ✅ 正常 | 框架已建立，等待案例学习 |
| 11:06 | 案例库整理 | ✅ 无新内容 |

## 今日对话总结
- 07:06 已主动问候野原，本次检查前仍无新对话
- 昨日（2026-04-01）全天无新对话，野原未启动项目工作
- Git备份昨日已成功推送到 GitHub

## 待办事项提醒
- ⏳ Token电力出口：生成封面图（需启动doubao服务）
- ⏳ Token电力出口：发布第一篇小红书内容
- ⏳ Token电力出口：沉淀用户进社群

## 其他说明
- 当前时间 11:06，四月二日中午
- 所有系统状态正常，记忆文件完整
- 两个核心技能（design-master、content-master）运行正常
- 无紧急事项，静候野原启动今日工作

| 11:36 | MEMORY.md | ✅ 正常 | 最后更新 2026-03-28 |
| 11:36 | 今日日记 2026-04-02.md | ✅ 正常 | 已创建 |
| 11:36 | IDENTITY.md | ✅ 完整 | 小龙 / AI助手 / 🐉 |
| 11:36 | USER.md | ✅ 完整 | 野原 / 飞书 / 希望对话连续 |
| 11:36 | design-master 技能 | ✅ 正常 | 已学习 Apple LOGO，持续学习中 |
| 11:36 | content-master 技能 | ✅ 正常 | 框架已建立，等待案例学习 |
| 11:36 | 案例库整理 | ✅ 无新内容 |

## 今日对话总结
- 07:06 已主动问候野原，本次检查前仍无新对话
- 昨日（2026-04-01）全天无新对话，野原未启动项目工作
- Git备份昨日已成功推送到 GitHub

## 待办事项提醒
- ⏳ Token电力出口：生成封面图（需启动doubao服务）
- ⏳ Token电力出口：发布第一篇小红书内容
- ⏳ Token电力出口：沉淀用户进社群

## 其他说明
- 当前时间 11:36，四月二日中午
- 所有系统状态正常，记忆文件完整
- 两个核心技能（design-master、content-master）运行正常
- 无紧急事项，静候野原启动今日工作

| 12:06 | MEMORY.md | ✅ 正常 | 最后更新 2026-03-28 |
| 12:06 | 今日日记 2026-04-02.md | ✅ 正常 | 已创建 |
| 12:06 | IDENTITY.md | ✅ 完整 | 小龙 / AI助手 / 🐉 |
| 12:06 | USER.md | ✅ 完整 | 野原 / 飞书 / 希望对话连续 |
| 12:06 | design-master 技能 | ✅ 正常 | 已学习 Apple LOGO，持续学习中 |
| 12:06 | content-master 技能 | ✅ 正常 | 框架已建立，等待案例学习 |
| 12:06 | 案例库整理 | ✅ 无新内容 |

## 今日对话总结
- 07:06 已主动问候野原，截至本次检查仍无新对话
- 昨日（2026-04-01）全天无新对话，野原未启动项目工作
- Git备份昨日已成功推送到 GitHub

## 待办事项提醒
- ⏳ Token电力出口：生成封面图（需启动doubao服务）
- ⏳ Token电力出口：发布第一篇小红书内容
- ⏳ Token电力出口：沉淀用户进社群

## 其他说明
- 当前时间 12:06，四月二日中午
- 所有系统状态正常，记忆文件完整
- 两个核心技能运行正常
- 无紧急事项，小龙随时待命

| 12:36 | MEMORY.md | ✅ 正常 | 最后更新 2026-03-28 |
| 12:36 | 今日日记 2026-04-02.md | ✅ 正常 | 已创建 |
| 12:36 | IDENTITY.md | ✅ 完整 | 小龙 / AI助手 / 🐉 |
| 12:36 | USER.md | ✅ 完整 | 野原 / 飞书 / 希望对话连续 |
| 12:36 | design-master 技能 | ✅ 正常 | 已学习 Apple LOGO，持续学习中 |
| 12:36 | content-master 技能 | ✅ 正常 | 框架已建立，等待案例学习 |
| 12:36 | 案例库整理 | ✅ 无新内容 |

## 今日对话总结
- 07:06 已主动问候野原，截至本次检查仍无新对话
- 昨日（2026-04-01）全天无新对话，野原未启动项目工作
- Git备份昨日已成功推送到 GitHub

## 待办事项提醒
- ⏳ Token电力出口：生成封面图（需启动doubao服务）
- ⏳ Token电力出口：发布第一篇小红书内容
- ⏳ Token电力出口：沉淀用户进社群

## 其他说明
- 当前时间 12:36，四月二日中午
- 所有系统状态正常，记忆文件完整
- 两个核心技能（design-master、content-master）运行正常
- 无紧急事项，小龙随时待命

| 13:06 | MEMORY.md | ✅ 正常 | 最后更新 2026-03-28 |
| 13:06 | 今日日记 2026-04-02.md | ✅ 正常 | 已创建 |
| 13:06 | IDENTITY.md | ✅ 完整 | 小龙 / AI助手 / 🐉 |
| 13:06 | USER.md | ✅ 完整 | 野原 / 飞书 / 希望对话连续 |
| 13:06 | design-master 技能 | ✅ 正常 | 已学习 Apple LOGO，持续学习中 |
| 13:06 | content-master 技能 | ✅ 正常 | 框架已建立，等待案例学习 |
| 13:06 | 案例库整理 | ✅ 无新内容 |

## 今日对话总结
- 07:06 已主动问候野原，截至本次检查仍无新对话
- 昨日（2026-04-01）全天无新对话，野原未启动项目工作
- Git备份昨日已成功推送到 GitHub

## 待办事项提醒
- ⏳ Token电力出口：生成封面图（需启动doubao服务）
- ⏳ Token电力出口：发布第一篇小红书内容
- ⏳ Token电力出口：沉淀用户进社群

## 其他说明
- 当前时间 13:06，四月二日下午
- 所有系统状态正常，记忆文件完整
- 两个核心技能运行正常
- 无紧急事项，小龙随时待命

| 13:36 | MEMORY.md | ✅ 正常 | 最后更新 2026-03-28 |
| 13:36 | 今日日记 2026-04-02.md | ✅ 正常 | 已创建 |
| 13:36 | IDENTITY.md | ✅ 完整 | 小龙 / AI助手 / 🐉 |
| 13:36 | USER.md | ✅ 完整 | 野原 / 飞书 / 希望对话连续 |
| 13:36 | design-master 技能 | ✅ 正常 | 已学习 Apple LOGO，持续学习中 |
| 13:36 | content-master 技能 | ✅ 正常 | 框架已建立，等待案例学习 |
| 13:36 | 案例库整理 | ✅ 无新内容 |

## 今日对话总结
- 07:06 已主动问候野原，截至本次检查仍无新对话
- 昨日（2026-04-01）全天无新对话，野原未启动项目工作
- Git备份昨日已成功推送到 GitHub

## 待办事项提醒
- ⏳ Token电力出口：生成封面图（需启动doubao服务）
- ⏳ Token电力出口：发布第一篇小红书内容
- ⏳ Token电力出口：沉淀用户进社群

## 其他说明
- 当前时间 13:36，四月二日下午
- 所有系统状态正常，记忆文件完整
- 两个核心技能（design-master、content-master）运行正常
- 无紧急事项，小龙随时待命

| 14:06 | MEMORY.md | ✅ 正常 | 最后更新 2026-03-28 |
| 14:06 | 今日日记 2026-04-02.md | ✅ 正常 | 已创建 |
| 14:06 | IDENTITY.md | ✅ 完整 | 小龙 / AI助手 / 🐉 |
| 14:06 | USER.md | ✅ 完整 | 野原 / 飞书 / 希望对话连续 |
| 14:06 | design-master 技能 | ✅ 正常 | 已学习 Apple LOGO，持续学习中 |
| 14:06 | content-master 技能 | ✅ 正常 | 框架已建立，等待案例学习 |
| 14:06 | 案例库整理 | ✅ 无新内容 |

## 今日对话总结
- 07:06 已主动问候野原，截至本次检查仍无新对话
- 昨日（2026-04-01）全天无新对话，野原未启动项目工作
- Git备份昨日已成功推送到 GitHub

## 待办事项提醒
- ⏳ Token电力出口：生成封面图（需启动doubao服务）
- ⏳ Token电力出口：发布第一篇小红书内容
- ⏳ Token电力出口：沉淀用户进社群

## 其他说明
- 当前时间 14:06，四月二日下午
- 所有系统状态正常，记忆文件完整
- 两个核心技能（design-master、content-master）运行正常
- 无紧急事项，小龙随时待命

| 14:36 | MEMORY.md | ✅ 正常 | 最后更新 2026-03-28 |
| 14:36 | 今日日记 2026-04-02.md | ✅ 正常 | 已创建 |
| 14:36 | IDENTITY.md | ✅ 完整 | 小龙 / AI助手 / 🐉 |
| 14:36 | USER.md | ✅ 完整 | 野原 / 飞书 / 希望对话连续 |
| 14:36 | design-master 技能 | ✅ 正常 | 已学习 Apple LOGO，持续学习中 |
| 14:36 | content-master 技能 | ✅ 正常 | 框架已建立，等待案例学习 |
| 14:36 | 案例库整理 | ✅ 无新内容 |

## 今日对话总结
- 07:06 已主动问候野原，截至本次检查仍无新对话
- 昨日（2026-04-01）全天无新对话，野原未启动项目工作
- Git备份昨日已成功推送到 GitHub

## 待办事项提醒
- ⏳ Token电力出口：生成封面图（需启动doubao服务）
- ⏳ Token电力出口：发布第一篇小红书内容
- ⏳ Token电力出口：沉淀用户进社群

## 其他说明
- 当前时间 14:36，四月二日下午
- 所有系统状态正常，记忆文件完整
- 两个核心技能（design-master、content-master）运行正常
- 无紧急事项，小龙随时待命

| 15:06 | MEMORY.md | ✅ 正常 | 最后更新 2026-03-28 |
| 15:06 | 今日日记 2026-04-02.md | ✅ 正常 | 已创建 |
| 15:06 | IDENTITY.md | ✅ 完整 | 小龙 / AI助手 / 🐉 |
| 15:06 | USER.md | ✅ 完整 | 野原 / 飞书 / 希望对话连续 |
| 15:06 | design-master 技能 | ✅ 正常 | 已学习 Apple LOGO，持续学习中 |
| 15:06 | content-master 技能 | ✅ 正常 | 框架已建立，等待案例学习 |
| 15:06 | 案例库整理 | ✅ 无新内容 |

## 今日对话总结
- 07:06 已主动问候野原，截至本次检查仍无新对话
- 昨日（2026-04-01）全天无新对话，野原未启动项目工作
- Git备份昨日已成功推送到 GitHub

## 待办事项提醒
- ⏳ Token电力出口：生成封面图（需启动doubao服务）
- ⏳ Token电力出口：发布第一篇小红书内容
- ⏳ Token电力出口：沉淀用户进社群

## 其他说明
- 当前时间 15:06，四月二日下午
- 所有系统状态正常，记忆文件完整
- 两个核心技能（design-master、content-master）运行正常
- 无紧急事项，小龙随时待命

| 15:36 | MEMORY.md | ✅ 正常 | 最后更新 2026-03-28 |
| 15:36 | 今日日记 2026-04-02.md | ✅ 正常 | 已创建 |
| 15:36 | IDENTITY.md | ✅ 完整 | 小龙 / AI助手 / 🐉 |
| 15:36 | USER.md | ✅ 完整 | 野原 / 飞书 / 希望对话连续 |
| 15:36 | design-master 技能 | ✅ 正常 | 已学习 Apple LOGO，持续学习中 |
| 15:36 | content-master 技能 | ✅ 正常 | 框架已建立，等待案例学习 |
| 15:36 | 案例库整理 | ✅ 无新内容 |

## 今日对话总结
- 07:06 已主动问候野原，截至本次检查仍无新对话
- 昨日（2026-04-01）全天无新对话，野原未启动项目工作
- Git备份昨日已成功推送到 GitHub

## 待办事项提醒
- ⏳ Token电力出口：生成封面图（需启动doubao服务）
- ⏳ Token电力出口：发布第一篇小红书内容
- ⏳ Token电力出口：沉淀用户进社群

## 其他说明
- 当前时间 15:36，四月二日下午
- 所有系统状态正常，记忆文件完整
- 两个核心技能（design-master、content-master）运行正常
- 无紧急事项，小龙随时待命

| 16:06 | MEMORY.md | ✅ 正常 | 最后更新 2026-03-28 |
| 16:06 | 今日日记 2026-04-02.md | ✅ 正常 | 已创建 |
| 16:06 | IDENTITY.md | ✅ 完整 | 小龙 / AI助手 / 🐉 |
| 16:06 | USER.md | ✅ 完整 | 野原 / 飞书 / 希望对话连续 |
| 16:06 | design-master 技能 | ✅ 正常 | 已学习 Apple LOGO，持续学习中 |
| 16:06 | content-master 技能 | ✅ 正常 | 框架已建立，等待案例学习 |
| 16:06 | 案例库整理 | ✅ 无新内容 |

## 今日对话总结
- 07:06 已主动问候野原，截至本次检查仍无新对话
- 昨日（2026-04-01）全天无新对话，野原未启动项目工作
- Git备份昨日已成功推送到 GitHub

## 待办事项提醒
- ⏳ Token电力出口：生成封面图（需启动doubao服务）
- ⏳ Token电力出口：发布第一篇小红书内容
- ⏳ Token电力出口：沉淀用户进社群

## 其他说明
- 当前时间 16:06，四月二日下午
- 所有系统状态正常，记忆文件完整
- 两个核心技能（design-master、content-master）运行正常
- 无紧急事项，小龙随时待命

| 16:36 | MEMORY.md | ✅ 正常 | 最后更新 2026-03-28 |
| 16:36 | 今日日记 2026-04-02.md | ✅ 正常 | 已创建 |
| 16:36 | IDENTITY.md | ✅ 完整 | 小龙 / AI助手 / 🐉 |
| 16:36 | USER.md | ✅ 完整 | 野原 / 飞书 / 希望对话连续 |
| 16:36 | design-master 技能 | ✅ 正常 | 已学习 Apple LOGO，持续学习中 |
| 16:36 | content-master 技能 | ✅ 正常 | 框架已建立，等待案例学习 |
| 16:36 | 案例库整理 | ✅ 无新内容 |

## 今日对话总结
- 07:06 已主动问候野原，截至本次检查今日仍无新对话
- 昨日（2026-04-01）全天无新对话，野原未启动项目工作
- Git备份昨日已成功推送到 GitHub

## 待办事项提醒
- ⏳ Token电力出口：生成封面图（需启动doubao服务）
- ⏳ Token电力出口：发布第一篇小红书内容
- ⏳ Token电力出口：沉淀用户进社群

## 其他说明
- 当前时间 16:36，四月二日下午
- 所有系统状态正常，记忆文件完整
- 两个核心技能（design-master、content-master）运行正常
- 无紧急事项，小龙随时待命

| 17:06 | MEMORY.md | ✅ 正常 | 最后更新 2026-03-28 |
| 17:06 | 今日日记 2026-04-02.md | ✅ 正常 | 已创建 |
| 17:06 | IDENTITY.md | ✅ 完整 | 小龙 / AI助手 / 🐉 |
| 17:06 | USER.md | ✅ 完整 | 野原 / 飞书 / 希望对话连续 |
| 17:06 | design-master 技能 | ✅ 正常 | 已学习 Apple LOGO，持续学习中 |
| 17:06 | content-master 技能 | ✅ 正常 | 框架已建立，等待案例学习 |
| 17:06 | 案例库整理 | ✅ 无新内容 |

## 今日对话总结
- 07:06 已主动问候野原，截至本次检查今日仍无新对话
- 昨日（2026-04-01）全天无新对话，野原未启动项目工作
- Git备份昨日已成功推送到 GitHub

## 待办事项提醒
- ⏳ Token电力出口：生成封面图（需启动doubao服务）
- ⏳ Token电力出口：发布第一篇小红书内容
- ⏳ Token电力出口：沉淀用户进社群

## 其他说明
- 当前时间 17:06，四月二日傍晚
- 所有系统状态正常，记忆文件完整
- 两个核心技能运行正常
- 无紧急事项，小龙随时待命

| 17:36 | MEMORY.md | ✅ 正常 | 最后更新 2026-03-28 |
| 17:36 | 今日日记 2026-04-02.md | ✅ 正常 | 已创建 |
| 17:36 | IDENTITY.md | ✅ 完整 | 小龙 / AI助手 / 🐉 |
| 17:36 | USER.md | ✅ 完整 | 野原 / 飞书 / 希望对话连续 |
| 17:36 | design-master 技能 | ✅ 正常 | 已学习 Apple LOGO，持续学习中 |
| 17:36 | content-master 技能 | ✅ 正常 | 框架已建立，等待案例学习 |
| 17:36 | 案例库整理 | ✅ 无新内容 |

## 今日对话总结
- 07:06 已主动问候野原，截至本次检查今日仍无新对话
- 昨日（2026-04-01）全天无新对话，野原未启动项目工作
- Git备份昨日已成功推送到 GitHub

## 待办事项提醒
- ⏳ Token电力出口：生成封面图（需启动doubao服务）
- ⏳ Token电力出口：发布第一篇小红书内容
- ⏳ Token电力出口：沉淀用户进社群

## 其他说明
- 当前时间 17:36，四月二日傍晚
- 所有系统状态正常，记忆文件完整
- 两个核心技能（design-master、content-master）运行正常
- 无紧急事项，小龙随时待命

| 18:06 | MEMORY.md | ✅ 正常 | 最后更新 2026-03-28 |
| 18:06 | 今日日记 2026-04-02.md | ✅ 正常 | 已创建 |
| 18:06 | IDENTITY.md | ✅ 完整 | 小龙 / AI助手 / 🐉 |
| 18:06 | USER.md | ✅ 完整 | 野原 / 飞书 / 希望对话连续 |
| 18:06 | design-master 技能 | ✅ 正常 | 已学习 Apple LOGO，持续学习中 |
| 18:06 | content-master 技能 | ✅ 正常 | 框架已建立，等待案例学习 |
| 18:06 | 案例库整理 | ✅ 无新内容 |

## 今日对话总结
- 07:06 已主动问候野原，截至本次检查今日全天仍无新对话
- 昨日（2026-04-01）全天无新对话，野原未启动项目工作
- Git备份昨日已成功推送到 GitHub

## 待办事项提醒
- ⏳ Token电力出口：生成封面图（需启动doubao服务）
- ⏳ Token电力出口：发布第一篇小红书内容
- ⏳ Token电力出口：沉淀用户进社群

## 其他说明
- 当前时间 18:06，四月二日傍晚
- 所有系统状态正常，记忆文件完整
- 两个核心技能（design-master、content-master）运行正常
- 无紧急事项，小龙随时待命，等待野原启动 Token电力出口 项目工作

| 18:36 | MEMORY.md | ✅ 正常 | 最后更新 2026-03-28 |
| 18:36 | 今日日记 2026-04-02.md | ✅ 正常 | 已创建 |
| 18:36 | IDENTITY.md | ✅ 完整 | 小龙 / AI助手 / 🐉 |
| 18:36 | USER.md | ✅ 完整 | 野原 / 飞书 / 希望对话连续 |
| 18:36 | design-master 技能 | ✅ 正常 | 已学习 Apple LOGO，持续学习中 |
| 18:36 | content-master 技能 | ✅ 正常 | 框架已建立，等待案例学习 |
| 18:36 | 案例库整理 | ✅ 无新内容 |

## 今日对话总结
- 07:06 已主动问候野原，截至本次检查今日全天仍无新对话
- 昨日（2026-04-01）全天无新对话，野原未启动项目工作
- Git备份昨日已成功推送到 GitHub

## 待办事项提醒
- ⏳ Token电力出口：生成封面图（需启动doubao服务）
- ⏳ Token电力出口：发布第一篇小红书内容
- ⏳ Token电力出口：沉淀用户进社群

## 其他说明
- 当前时间 18:36，四月二日傍晚
- 所有系统状态正常，记忆文件完整
- 两个核心技能（design-master、content-master）运行正常
- 距离今日23:00 Git自动备份还有约4.5小时
- 小龙随时待命，等待野原启动 Token电力出口 项目工作

| 19:06 | MEMORY.md | ✅ 正常 | 最后更新 2026-03-28 |
| 19:06 | 今日日记 2026-04-02.md | ✅ 正常 | 已创建 |
| 19:06 | IDENTITY.md | ✅ 完整 | 小龙 / AI助手 / 🐉 |
| 19:06 | USER.md | ✅ 完整 | 野原 / 飞书 / 希望对话连续 |
| 19:06 | design-master 技能 | ✅ 正常 | 已学习 Apple LOGO，持续学习中 |
| 19:06 | content-master 技能 | ✅ 正常 | 框架已建立，等待案例学习 |
| 19:06 | 案例库整理 | ✅ 无新内容 |

## 今日对话总结
- 07:06 已主动问候野原，截至本次检查今日全天仍无新对话
- 昨日（2026-04-01）全天无新对话，野原未启动项目工作
- Git备份昨日已成功推送到 GitHub

## 待办事项提醒
- ⏳ Token电力出口：生成封面图（需启动doubao服务）
- ⏳ Token电力出口：发布第一篇小红书内容
- ⏳ Token电力出口：沉淀用户进社群

## 其他说明
- 当前时间 19:06，四月二日晚间
- 所有系统状态正常，记忆文件完整
- 两个核心技能（design-master、content-master）运行正常
- 距离今日23:00 Git自动备份还有约4小时
- 小龙随时待命，等待野原启动 Token电力出口 项目工作

| 19:36 | MEMORY.md | ✅ 正常 | 最后更新 2026-03-28 |
| 19:36 | 今日日记 2026-04-02.md | ✅ 正常 | 已创建 |
| 19:36 | IDENTITY.md | ✅ 完整 | 小龙 / AI助手 / 🐉 |
| 19:36 | USER.md | ✅ 完整 | 野原 / 飞书 / 希望对话连续 |
| 19:36 | design-master 技能 | ✅ 正常 | 已学习 Apple LOGO，持续学习中 |
| 19:36 | content-master 技能 | ✅ 正常 | 框架已建立，等待案例学习 |
| 19:36 | 案例库整理 | ✅ 无新内容 |

## 今日对话总结
- 07:06 已主动问候野原，截至本次检查今日全天仍无新对话
- 昨日（2026-04-01）全天无新对话，野原未启动项目工作
- Git备份昨日已成功推送到 GitHub

## 待办事项提醒
- ⏳ Token电力出口：生成封面图（需启动doubao服务）
- ⏳ Token电力出口：发布第一篇小红书内容
- ⏳ Token电力出口：沉淀用户进社群

## 其他说明
- 当前时间 19:36，四月二日晚间
- 所有系统状态正常，记忆文件完整
- 两个核心技能（design-master、content-master）运行正常
- 距离今日23:00 Git自动备份还有约3.5小时
- 小龙随时待命，等待野原启动 Token电力出口 项目工作

| 20:06 | MEMORY.md | ✅ 正常 | 最后更新 2026-03-28 |
| 20:06 | 今日日记 2026-04-02.md | ✅ 正常 | 已创建 |
| 20:06 | IDENTITY.md | ✅ 完整 | 小龙 / AI助手 / 🐉 |
| 20:06 | USER.md | ✅ 完整 | 野原 / 飞书 / 希望对话连续 |
| 20:06 | design-master 技能 | ✅ 正常 | 已学习 Apple LOGO，持续学习中 |
| 20:06 | content-master 技能 | ✅ 正常 | 框架已建立，等待案例学习 |
| 20:06 | 案例库整理 | ✅ 无新内容 |

## 今日对话总结
- 07:06 已主动问候野原，截至本次检查今日全天仍无新对话
- 昨日（2026-04-01）全天无新对话，野原未启动项目工作
- Git备份昨日已成功推送到 GitHub

## 待办事项提醒
- ⏳ Token电力出口：生成封面图（需启动doubao服务）
- ⏳ Token电力出口：发布第一篇小红书内容
- ⏳ Token电力出口：沉淀用户进社群

## 其他说明
- 当前时间 20:06，四月二日晚间
- 所有系统状态正常，记忆文件完整
- 两个核心技能（design-master、content-master）运行正常
- 距离今日23:00 Git自动备份还有约3小时
- 小龙随时待命，等待野原启动 Token电力出口 项目工作

| 20:36 | MEMORY.md | ✅ 正常 | 最后更新 2026-03-28 |
| 20:36 | 今日日记 2026-04-02.md | ✅ 正常 | 已创建 |
| 20:36 | IDENTITY.md | ✅ 完整 | 小龙 / AI助手 / 🐉 |
| 20:36 | USER.md | ✅ 完整 | 野原 / 飞书 / 希望对话连续 |
| 20:36 | design-master 技能 | ✅ 正常 | 已学习 Apple LOGO，持续学习中 |
| 20:36 | content-master 技能 | ✅ 正常 | 框架已建立，等待案例学习 |
| 20:36 | 案例库整理 | ✅ 无新内容 |

## 今日对话总结
- 07:06 已主动问候野原，截至本次检查今日全天仍无新对话
- 昨日（2026-04-01）全天无新对话，野原未启动项目工作
- Git备份昨日已成功推送到 GitHub

## 待办事项提醒
- ⏳ Token电力出口：生成封面图（需启动doubao服务）
- ⏳ Token电力出口：发布第一篇小红书内容
- ⏳ Token电力出口：沉淀用户进社群

## 其他说明
- 当前时间 20:36，四月二日晚间
- 所有系统状态正常，记忆文件完整
- 两个核心技能（design-master、content-master）运行正常
- 距离今日23:00 Git自动备份还有约2.5小时
- 小龙随时待命，等待野原启动 Token电力出口 项目工作

| 21:06 | MEMORY.md | ✅ 正常 | 最后更新 2026-03-28 |
| 21:06 | 今日日记 2026-04-02.md | ✅ 正常 | 已创建 |
| 21:06 | IDENTITY.md | ✅ 完整 | 小龙 / AI助手 / 🐉 |
| 21:06 | USER.md | ✅ 完整 | 野原 / 飞书 / 希望对话连续 |
| 21:06 | design-master 技能 | ✅ 正常 | 已学习 Apple LOGO，持续学习中 |
| 21:06 | content-master 技能 | ✅ 正常 | 框架已建立，等待案例学习 |
| 21:06 | 案例库整理 | ✅ 无新内容 |

## 今日对话总结
- 07:06 已主动问候野原，截至本次检查今日全天仍无新对话
- 昨日（2026-04-01）全天无新对话，野原未启动项目工作
- Git备份昨日已成功推送到 GitHub

## 待办事项提醒
- ⏳ Token电力出口：生成封面图（需启动doubao服务）
- ⏳ Token电力出口：发布第一篇小红书内容
- ⏳ Token电力出口：沉淀用户进社群

## 其他说明
- 当前时间 21:06，四月二日晚间
- 所有系统状态正常，记忆文件完整
- 两个核心技能（design-master、content-master）运行正常
- 距离今日23:00 Git自动备份还有约2小时
- 小龙随时待命，等待野原启动 Token电力出口 项目工作

| 21:36 | MEMORY.md | ✅ 正常 | 最后更新 2026-03-28 |
| 21:36 | 今日日记 2026-04-02.md | ✅ 正常 | 已创建 |
| 21:36 | IDENTITY.md | ✅ 完整 | 小龙 / AI助手 / 🐉 |
| 21:36 | USER.md | ✅ 完整 | 野原 / 飞书 / 希望对话连续 |
| 21:36 | design-master 技能 | ✅ 正常 | 已学习 Apple LOGO，持续学习中 |
| 21:36 | content-master 技能 | ✅ 正常 | 框架已建立，等待案例学习 |
| 21:36 | 案例库整理 | ✅ 无新内容 |

## 今日对话总结
- 07:06 已主动问候野原，截至本次检查今日全天仍无新对话
- 昨日（2026-04-01）全天无新对话，野原未启动项目工作
- Git备份昨日已成功推送到 GitHub

## 待办事项提醒
- ⏳ Token电力出口：生成封面图（需启动doubao服务）
- ⏳ Token电力出口：发布第一篇小红书内容
- ⏳ Token电力出口：沉淀用户进社群

## 其他说明
- 当前时间 21:36，四月二日晚间
- 所有系统状态正常，记忆文件完整
- 两个核心技能（design-master、content-master）运行正常
- 距离今日23:00 Git自动备份还有约1.5小时
- 小龙随时待命，等待野原启动 Token电力出口 项目工作

| 22:06 | MEMORY.md | ✅ 正常 | 最后更新 2026-03-28 |
| 22:06 | 今日日记 2026-04-02.md | ✅ 正常 | 已创建 |
| 22:06 | IDENTITY.md | ✅ 完整 | 小龙 / AI助手 / 🐉 |
| 22:06 | USER.md | ✅ 完整 | 野原 / 飞书 / 希望对话连续 |
| 22:06 | design-master 技能 | ✅ 正常 | 已学习 Apple LOGO，持续学习中 |
| 22:06 | content-master 技能 | ✅ 正常 | 框架已建立，等待案例学习 |
| 22:06 | 案例库整理 | ✅ 无新内容 |

## 今日对话总结
- 07:06 已主动问候野原，截至本次检查今日全天仍无新对话
- 昨日（2026-04-01）全天无新对话，野原未启动项目工作
- Git备份昨日已成功推送到 GitHub

## 待办事项提醒
- ⏳ Token电力出口：生成封面图（需启动doubao服务）
- ⏳ Token电力出口：发布第一篇小红书内容
- ⏳ Token电力出口：沉淀用户进社群

## 其他说明
- 当前时间 22:06，四月二日晚间
- 所有系统状态正常，记忆文件完整
- 两个核心技能（design-master、content-master）运行正常
- 距离今日23:00 Git自动备份还有约1小时
- 小龙随时待命，等待野原启动 Token电力出口 项目工作

| 22:36 | MEMORY.md | ✅ 正常 | 最后更新 2026-03-28 |
| 22:36 | 今日日记 2026-04-02.md | ✅ 正常 | 已创建 |
| 22:36 | IDENTITY.md | ✅ 完整 | 小龙 / AI助手 / 🐉 |
| 22:36 | USER.md | ✅ 完整 | 野原 / 飞书 / 希望对话连续 |
| 22:36 | design-master 技能 | ✅ 正常 | 已学习 Apple LOGO，持续学习中 |
| 22:36 | content-master 技能 | ✅ 正常 | 框架已建立，等待案例学习 |
| 22:36 | 案例库整理 | ✅ 无新内容 |

## 今日对话总结
- 07:06 已主动问候野原，截至本次检查**今日全天仍无新对话**
- 昨日（2026-04-01）全天无新对话，野原未启动项目工作
- 连续两天没有新项目工作推进
- Git备份昨日已成功推送到 GitHub

## 待办事项提醒
- ⏳ Token电力出口：生成封面图（需启动doubao服务）
- ⏳ Token电力出口：发布第一篇小红书内容
- ⏳ Token电力出口：沉淀用户进社群

## 其他说明
- 当前时间 22:36，四月二日晚间
- 所有系统状态正常，记忆文件完整
- 两个核心技能（design-master、content-master）运行正常
- **距离今日23:00 Git自动备份还有约24分钟**，到点会自动执行提交推送
- 小龙随时待命，等待野原启动 Token电力出口 项目工作

| 23:06 | MEMORY.md | ✅ 正常 | 最后更新 2026-03-28 |
| 23:06 | 今日日记 2026-04-02.md | ✅ 正常 | 已创建 |
| 23:06 | IDENTITY.md | ✅ 完整 | 小龙 / AI助手 / 🐉 |
| 23:06 | USER.md | ✅ 完整 | 野原 / 飞书 / 希望对话连续 |
| 23:06 | design-master 技能 | ✅ 正常 | 已学习 Apple LOGO，持续学习中 |
| 23:06 | content-master 技能 | ✅ 正常 | 框架已建立，等待案例学习 |
| 23:06 | 案例库整理 | ✅ 无新内容 |

## 今日对话总结
- 07:06 已主动问候野原，**今日全天仍无新对话**
- 连续两天（2026-04-01、2026-04-02）没有新项目工作推进
- 即将执行每日23:00自动Git备份任务

## 待办事项提醒
- ⏳ Token电力出口：生成封面图（需启动doubao服务）
- ⏳ Token电力出口：发布第一篇小红书内容
- ⏳ Token电力出口：沉淀用户进社群

## 其他说明
- 当前时间 23:06，四月二日晚间
- 所有系统状态正常，记忆文件完整
- 两个核心技能（design-master、content-master）运行正常
- 即将执行每日自动备份，完成后推送至GitHub
- 小龙随时待命，明日继续等待野原启动工作

---
检查人: 小龙
