# 心跳检查日志 - 2026-03-29

## 检查记录
| 检查时间 | 检查项 | 状态 | 备注 |
|---------|--------|------|------|
| 04:08 | MEMORY.md | ✅ 正常 | 最后更新 2026-03-28 |
| 04:08 | 今日日记 2026-03-29.md | ✅ 正常 | 已创建 |
| 04:08 | IDENTITY.md | ✅ 完整 | 小龙 / AI助手 / 🐉 |
| 04:08 | USER.md | ✅ 完整 | 野原 / 飞书 / 希望对话连续 |
| 04:08 | design-master 技能 | ✅ 正常 | 已学习 Apple LOGO，持续学习中 |
| 04:08 | content-master 技能 | ✅ 正常 | 框架已建立，等待案例学习 |
| 04:08 | 案例库整理 | ✅ 无新内容 | |

## 今日对话总结
- 暂无新对话

## 待办事项提醒
- ⏳ Token电力出口：生成封面图（需启动doubao服务）
- ⏳ Token电力出口：发布第一篇小红书内容
- ⏳ Token电力出口：沉淀用户进社群

## 其他说明
- 当前时间 04:08，属于深夜时段，不打扰用户
- 无紧急事项需要处理

| 06:00 | MEMORY.md | ✅ 正常 | 最后更新 2026-03-28 |
| 06:00 | 今日日记 2026-03-29.md | ✅ 正常 | 已有记录 |
| 06:00 | IDENTITY.md | ✅ 完整 | 小龙 / AI助手 / 🐉 |
| 06:00 | USER.md | ✅ 完整 | 野原 / 飞书 / 希望对话连续 |
| 06:00 | design-master 技能 | ✅ 正常 | 已学习 Apple LOGO，持续学习中 |
| 06:00 | content-master 技能 | ✅ 正常 | 框架已建立，等待案例学习 |
| 06:00 | 案例库整理 | ✅ 无新内容 | |

## 今日对话总结
- 暂无新对话

## 待办事项提醒
- ⏳ Token电力出口：生成封面图（需启动doubao服务）
- ⏳ Token电力出口：发布第一篇小红书内容
- ⏳ Token电力出口：沉淀用户进社群

## 其他说明
- 当前时间 06:00，清晨时段，用户尚未起床
- 无紧急事项需要处理

| 06:30 | MEMORY.md | ✅ 正常 | 最后更新 2026-03-28 |
| 06:30 | 今日日记 2026-03-29.md | ✅ 正常 | 已有记录 |
| 06:30 | IDENTITY.md | ✅ 完整 | 小龙 / AI助手 / 🐉 |
| 06:30 | USER.md | ✅ 完整 | 野原 / 飞书 / 希望对话连续 |
| 06:30 | design-master 技能 | ✅ 正常 | 已学习 Apple LOGO，持续学习中 |
| 06:30 | content-master 技能 | ✅ 正常 | 框架已建立，等待案例学习 |
| 06:30 | 案例库整理 | ✅ 无新内容 | |

## 今日对话总结
- 暂无新对话

## 待办事项提醒
- ⏳ Token电力出口：生成封面图（需启动doubao服务）
- ⏳ Token电力出口：发布第一篇小红书内容
- ⏳ Token电力出口：沉淀用户进社群

## 其他说明
- 当前时间 06:30，清晨时段，用户尚未起床
- 无紧急事项需要处理

| 08:00 | MEMORY.md | ✅ 正常 | 最后更新 2026-03-28 |
| 08:00 | 今日日记 2026-03-29.md | ✅ 正常 | 已有记录 |
| 08:00 | IDENTITY.md | ✅ 完整 | 小龙 / AI助手 / 🐉 |
| 08:00 | USER.md | ✅ 完整 | 野原 / 飞书 / 希望对话连续 |
| 08:00 | design-master 技能 | ✅ 正常 | 已学习 Apple LOGO，持续学习中 |
| 08:00 | content-master 技能 | ✅ 正常 | 框架已建立，等待案例学习 |
| 08:00 | 案例库整理 | ✅ 无新内容 | |

## 今日对话总结
- 暂无新对话

## 待办事项提醒
- ⏳ Token电力出口：生成封面图（需启动doubao服务）
- ⏳ Token电力出口：发布第一篇小红书内容
- ⏳ Token电力出口：沉淀用户进社群

## 其他说明
- 当前时间 08:00，用户已起床，待办事项有效提醒
- Git备份已在07:00完成

| 09:00 | MEMORY.md | ✅ 正常 | 最后更新 2026-03-28 |
| 09:00 | 今日日记 2026-03-29.md | ✅ 正常 | 已有记录 |
| 09:00 | IDENTITY.md | ✅ 完整 | 小龙 / AI助手 / 🐉 |
| 09:00 | USER.md | ✅ 完整 | 野原 / 飞书 / 希望对话连续 |
| 09:00 | design-master 技能 | ✅ 正常 | 已学习 Apple LOGO，持续学习中 |
| 09:00 | content-master 技能 | ✅ 正常 | 框架已建立，等待案例学习 |
| 09:00 | 案例库整理 | ✅ 无新内容 | |

## 今日对话总结
- 暂无新对话

## 待办事项提醒
- ⏳ Token电力出口：生成封面图（需启动doubao服务）
- ⏳ Token电力出口：发布第一篇小红书内容
- ⏳ Token电力出口：沉淀用户进社群

## 其他说明
- 当前时间 09:00，周末上午，用户可能已经开始工作
- Git备份已完成，待办事项持续提醒

| 09:30 | MEMORY.md | ✅ 正常 | 最后更新 2026-03-28 |
| 09:30 | 今日日记 2026-03-29.md | ✅ 正常 | 已有记录 |
| 09:30 | IDENTITY.md | ✅ 完整 | 小龙 / AI助手 / 🐉 |
| 09:30 | USER.md | ✅ 完整 | 野原 / 飞书 / 希望对话连续 |
| 09:30 | design-master 技能 | ✅ 正常 | 已学习 Apple LOGO，持续学习中 |
| 09:30 | content-master 技能 | ✅ 正常 | 框架已建立，等待案例学习 |
| 09:30 | 案例库整理 | ✅ 无新内容 | |

## 今日对话总结
- 暂无新对话

## 待办事项提醒
- ⏳ Token电力出口：生成封面图（需启动doubao服务）
- ⏳ Token电力出口：发布第一篇小红书内容
- ⏳ Token电力出口：沉淀用户进社群

## 其他说明
- 当前时间 09:30，周末上午，待办事项持续提醒
- Git备份已完成，所有状态正常

| 10:30 | MEMORY.md | ✅ 正常 | 最后更新 2026-03-28 |
| 10:30 | 今日日记 2026-03-29.md | ✅ 正常 | 已有记录 |
| 10:30 | IDENTITY.md | ✅ 完整 | 小龙 / AI助手 / 🐉 |
| 10:30 | USER.md | ✅ 完整 | 野原 / 飞书 / 希望对话连续 |
| 10:30 | design-master 技能 | ✅ 正常 | 已学习 Apple LOGO，持续学习中 |
| 10:30 | content-master 技能 | ✅ 正常 | 框架已建立，等待案例学习 |
| 10:30 | 案例库整理 | ✅ 无新内容 | |

## 今日对话总结
- 暂无新对话

## 待办事项提醒
- ⏳ Token电力出口：生成封面图（需启动doubao服务）
- ⏳ Token电力出口：发布第一篇小红书内容
- ⏳ Token电力出口：沉淀用户进社群

## 其他说明
- 当前时间 10:30，周末上午，一切状态正常
- Git备份已完成，无紧急事项

| 11:00 | MEMORY.md | ✅ 正常 | 最后更新 2026-03-28 |
| 11:00 | 今日日记 2026-03-29.md | ✅ 正常 | 已有记录 |
| 11:00 | IDENTITY.md | ✅ 完整 | 小龙 / AI助手 / 🐉 |
| 11:00 | USER.md | ✅ 完整 | 野原 / 飞书 / 希望对话连续 |
| 11:00 | design-master 技能 | ✅ 正常 | 已学习 Apple LOGO，持续学习中 |
| 11:00 | content-master 技能 | ✅ 正常 | 框架已建立，等待案例学习 |
| 11:00 | 案例库整理 | ✅ 无新内容 | |

## 今日对话总结
- 暂无新对话

## 待办事项提醒
- ⏳ Token电力出口：生成封面图（需启动doubao服务）
- ⏳ Token电力出口：发布第一篇小红书内容
- ⏳ Token电力出口：沉淀用户进社群

## 其他说明
- 当前时间 11:00，周末中午，状态一切正常
- Git备份已完成，无紧急事项需要处理

| 11:30 | MEMORY.md | ✅ 正常 | 最后更新 2026-03-28 |
| 11:30 | 今日日记 2026-03-29.md | ✅ 正常 | 已有记录 |
| 11:30 | IDENTITY.md | ✅ 完整 | 小龙 / AI助手 / 🐉 |
| 11:30 | USER.md | ✅ 完整 | 野原 / 飞书 / 希望对话连续 |
| 11:30 | design-master 技能 | ✅ 正常 | 已学习 Apple LOGO，持续学习中 |
| 11:30 | content-master 技能 | ✅ 正常 | 框架已建立，等待案例学习 |
| 11:30 | 案例库整理 | ✅ 无新内容 | |

## 今日对话总结
- 暂无新对话

## 待办事项提醒
- ⏳ Token电力出口：生成封面图（需启动doubao服务）
- ⏳ Token电力出口：发布第一篇小红书内容
- ⏳ Token电力出口：沉淀用户进社群

## 其他说明
- 当前时间 11:30，周末中午，状态一切正常
- Git备份已完成，无紧急事项

| 12:00 | MEMORY.md | ✅ 正常 | 最后更新 2026-03-28 |
| 12:00 | 今日日记 2026-03-29.md | ✅ 正常 | 已有记录 |
| 12:00 | IDENTITY.md | ✅ 完整 | 小龙 / AI助手 / 🐉 |
| 12:00 | USER.md | ✅ 完整 | 野原 / 飞书 / 希望对话连续 |
| 12:00 | design-master 技能 | ✅ 正常 | 已学习 Apple LOGO，持续学习中 |
| 12:00 | content-master 技能 | ✅ 正常 | 框架已建立，等待案例学习 |
| 12:00 | 案例库整理 | ✅ 无新内容 | |

## 今日对话总结
- 暂无新对话

## 待办事项提醒
- ⏳ Token电力出口：生成封面图（需启动doubao服务）
- ⏳ Token电力出口：发布第一篇小红书内容
- ⏳ Token电力出口：沉淀用户进社群

## 其他说明
- 当前时间 12:00，午餐时间，状态正常
- Git备份已完成，无紧急事项

| 12:30 | MEMORY.md | ✅ 正常 | 最后更新 2026-03-28 |
| 12:30 | 今日日记 2026-03-29.md | ✅ 正常 | 已有记录 |
| 12:30 | IDENTITY.md | ✅ 完整 | 小龙 / AI助手 / 🐉 |
| 12:30 | USER.md | ✅ 完整 | 野原 / 飞书 / 希望对话连续 |
| 12:30 | design-master 技能 | ✅ 正常 | 已学习 Apple LOGO，持续学习中 |
| 12:30 | content-master 技能 | ✅ 正常 | 框架已建立，等待案例学习 |
| 12:30 | 案例库整理 | ✅ 无新内容 | |

## 今日对话总结
- 暂无新对话

## 待办事项提醒
- ⏳ Token电力出口：生成封面图（需启动doubao服务）
- ⏳ Token电力出口：发布第一篇小红书内容
- ⏳ Token电力出口：沉淀用户进社群

## 其他说明
- 当前时间 12:30，午餐后休息时间，状态正常
- Git备份已完成，无紧急事项

| 13:00 | MEMORY.md | ✅ 正常 | 最后更新 2026-03-28 |
| 13:00 | 今日日记 2026-03-29.md | ✅ 正常 | 已有记录 |
| 13:00 | IDENTITY.md | ✅ 完整 | 小龙 / AI助手 / 🐉 |
| 13:00 | USER.md | ✅ 完整 | 野原 / 飞书 / 希望对话连续 |
| 13:00 | design-master 技能 | ✅ 正常 | 已学习 Apple LOGO，持续学习中 |
| 13:00 | content-master 技能 | ✅ 正常 | 框架已建立，等待案例学习 |
| 13:00 | 案例库整理 | ✅ 无新内容 | |

## 今日对话总结
- 暂无新对话

## 待办事项提醒
- ⏳ Token电力出口：生成封面图（需启动doubao服务）
- ⏳ Token电力出口：发布第一篇小红书内容
- ⏳ Token电力出口：沉淀用户进社群

## 其他说明
- 当前时间 13:00，下午时段，状态一切正常
- Git备份已完成，无紧急事项

| 13:30 | MEMORY.md | ✅ 正常 | 最后更新 2026-03-28 |
| 13:30 | 今日日记 2026-03-29.md | ✅ 正常 | 已有记录 |
| 13:30 | IDENTITY.md | ✅ 完整 | 小龙 / AI助手 / 🐉 |
| 13:30 | USER.md | ✅ 完整 | 野原 / 飞书 / 希望对话连续 |
| 13:30 | design-master 技能 | ✅ 正常 | 已学习 Apple LOGO，持续学习中 |
| 13:30 | content-master 技能 | ✅ 正常 | 框架已建立，等待案例学习 |
| 13:30 | 案例库整理 | ✅ 无新内容 | |

## 今日对话总结
- 暂无新对话

## 待办事项提醒
- ⏳ Token电力出口：生成封面图（需启动doubao服务）
- ⏳ Token电力出口：发布第一篇小红书内容
- ⏳ Token电力出口：沉淀用户进社群

## 其他说明
- 当前时间 13:30，下午，状态一切正常
- Git备份已完成，无紧急事项

| 14:00 | MEMORY.md | ✅ 正常 | 最后更新 2026-03-28 |
| 14:00 | 今日日记 2026-03-29.md | ✅ 正常 | 已有记录 |
| 14:00 | IDENTITY.md | ✅ 完整 | 小龙 / AI助手 / 🐉 |
| 14:00 | USER.md | ✅ 完整 | 野原 / 飞书 / 希望对话连续 |
| 14:00 | design-master 技能 | ✅ 正常 | 已学习 Apple LOGO，持续学习中 |
| 14:00 | content-master 技能 | ✅ 正常 | 框架已建立，等待案例学习 |
| 14:00 | 案例库整理 | ✅ 无新内容 | |

## 今日对话总结
- 暂无新对话

## 待办事项提醒
- ⏳ Token电力出口：生成封面图（需启动doubao服务）
- ⏳ Token电力出口：发布第一篇小红书内容
- ⏳ Token电力出口：沉淀用户进社群

## 其他说明
- 当前时间 14:00，下午周末，状态一切正常
- Git备份已完成，无紧急事项

| 14:30 | MEMORY.md | ✅ 正常 | 最后更新 2026-03-28 |
| 14:30 | 今日日记 2026-03-29.md | ✅ 正常 | 已有记录 |
| 14:30 | IDENTITY.md | ✅ 完整 | 小龙 / AI助手 / 🐉 |
| 14:30 | USER.md | ✅ 完整 | 野原 / 飞书 / 希望对话连续 |
| 14:30 | design-master 技能 | ✅ 正常 | 已学习 Apple LOGO，持续学习中 |
| 14:30 | content-master 技能 | ✅ 正常 | 框架已建立，等待案例学习 |
| 14:30 | 案例库整理 | ✅ 无新内容 | |

## 今日对话总结
- 暂无新对话

## 待办事项提醒
- ⏳ Token电力出口：生成封面图（需启动doubao服务）
- ⏳ Token电力出口：发布第一篇小红书内容
- ⏳ Token电力出口：沉淀用户进社群

## 其他说明
- 当前时间 14:30，下午周末，状态一切正常
- Git备份已完成，无紧急事项

| 15:00 | MEMORY.md | ✅ 正常 | 最后更新 2026-03-28 |
| 15:00 | 今日日记 2026-03-29.md | ✅ 正常 | 已有记录 |
| 15:00 | IDENTITY.md | ✅ 完整 | 小龙 / AI助手 / 🐉 |
| 15:00 | USER.md | ✅ 完整 | 野原 / 飞书 / 希望对话连续 |
| 15:00 | design-master 技能 | ✅ 正常 | 已学习 Apple LOGO，持续学习中 |
| 15:00 | content-master 技能 | ✅ 正常 | 框架已建立，等待案例学习 |
| 15:00 | 案例库整理 | ✅ 无新内容 | |

## 今日对话总结
- 暂无新对话

## 待办事项提醒
- ⏳ Token电力出口：生成封面图（需启动doubao服务）
- ⏳ Token电力出口：发布第一篇小红书内容
- ⏳ Token电力出口：沉淀用户进社群

## 其他说明
- 当前时间 15:00，下午周末，状态一切正常
- Git备份已完成，无紧急事项

| 15:30 | MEMORY.md | ✅ 正常 | 最后更新 2026-03-28 |
| 15:30 | 今日日记 2026-03-29.md | ✅ 正常 | 已有记录 |
| 15:30 | IDENTITY.md | ✅ 完整 | 小龙 / AI助手 / 🐉 |
| 15:30 | USER.md | ✅ 完整 | 野原 / 飞书 / 希望对话连续 |
| 15:30 | design-master 技能 | ✅ 正常 | 已学习 Apple LOGO，持续学习中 |
| 15:30 | content-master 技能 | ✅ 正常 | 框架已建立，等待案例学习 |
| 15:30 | 案例库整理 | ✅ 无新内容 | |

## 今日对话总结
- 暂无新对话

## 待办事项提醒
- ⏳ Token电力出口：生成封面图（需启动doubao服务）
- ⏳ Token电力出口：发布第一篇小红书内容
- ⏳ Token电力出口：沉淀用户进社群

## 其他说明
- 当前时间 15:30，下午周末，状态一切正常
- Git备份已完成，无紧急事项

| 16:00 | MEMORY.md | ✅ 正常 | 最后更新 2026-03-28 |
| 16:00 | 今日日记 2026-03-29.md | ✅ 正常 | 已有记录 |
| 16:00 | IDENTITY.md | ✅ 完整 | 小龙 / AI助手 / 🐉 |
| 16:00 | USER.md | ✅ 完整 | 野原 / 飞书 / 希望对话连续 |
| 16:00 | design-master 技能 | ✅ 正常 | 已学习 Apple LOGO，持续学习中 |
| 16:00 | content-master 技能 | ✅ 正常 | 框架已建立，等待案例学习 |
| 16:00 | 案例库整理 | ✅ 无新内容 | |

## 今日对话总结
- 暂无新对话

## 待办事项提醒
- ⏳ Token电力出口：生成封面图（需启动doubao服务）
- ⏳ Token电力出口：发布第一篇小红书内容
- ⏳ Token电力出口：沉淀用户进社群

## 其他说明
- 当前时间 16:00，下午周末，状态一切正常
- Git备份已完成，无紧急事项

| 16:30 | MEMORY.md | ✅ 正常 | 最后更新 2026-03-28 |
| 16:30 | 今日日记 2026-03-29.md | ✅ 正常 | 已有记录 |
| 16:30 | IDENTITY.md | ✅ 完整 | 小龙 / AI助手 / 🐉 |
| 16:30 | USER.md | ✅ 完整 | 野原 / 飞书 / 希望对话连续 |
| 16:30 | design-master 技能 | ✅ 正常 | 已学习 Apple LOGO，持续学习中 |
| 16:30 | content-master 技能 | ✅ 正常 | 框架已建立，等待案例学习 |
| 16:30 | 案例库整理 | ✅ 无新内容 | |

## 今日对话总结
- 暂无新对话

## 待办事项提醒
- ⏳ Token电力出口：生成封面图（需启动doubao服务）
- ⏳ Token电力出口：发布第一篇小红书内容
- ⏳ Token电力出口：沉淀用户进社群

## 其他说明
- 当前时间 16:30，下午周末，状态一切正常
- Git备份已完成，无紧急事项

| 17:00 | MEMORY.md | ✅ 正常 | 最后更新 2026-03-28 |
| 17:00 | 今日日记 2026-03-29.md | ✅ 正常 | 已有记录 |
| 17:00 | IDENTITY.md | ✅ 完整 | 小龙 / AI助手 / 🐉 |
| 17:00 | USER.md | ✅ 完整 | 野原 / 飞书 / 希望对话连续 |
| 17:00 | design-master 技能 | ✅ 正常 | 已学习 Apple LOGO，持续学习中 |
| 17:00 | content-master 技能 | ✅ 正常 | 框架已建立，等待案例学习 |
| 17:00 | 案例库整理 | ✅ 无新内容 | |

## 今日对话总结
- 暂无新对话

## 待办事项提醒
- ⏳ Token电力出口：生成封面图（需启动doubao服务）
- ⏳ Token电力出口：发布第一篇小红书内容
- ⏳ Token电力出口：沉淀用户进社群

## 其他说明
- 当前时间 17:00，傍晚时段，周末状态一切正常
- Git备份已完成，无紧急事项

| 17:30 | MEMORY.md | ✅ 正常 | 最后更新 2026-03-28 |
| 17:30 | 今日日记 2026-03-29.md | ✅ 正常 | 已有记录 |
| 17:30 | IDENTITY.md | ✅ 完整 | 小龙 / AI助手 / 🐉 |
| 17:30 | USER.md | ✅ 完整 | 野原 / 飞书 / 希望对话连续 |
| 17:30 | design-master 技能 | ✅ 正常 | 已学习 Apple LOGO，持续学习中 |
| 17:30 | content-master 技能 | ✅ 正常 | 框架已建立，等待案例学习 |
| 17:30 | 案例库整理 | ✅ 无新内容 | |

## 今日对话总结
- 暂无新对话

## 待办事项提醒
- ⏳ Token电力出口：生成封面图（需启动doubao服务）
- ⏳ Token电力出口：发布第一篇小红书内容
- ⏳ Token电力出口：沉淀用户进社群

## 其他说明
- 当前时间 17:30，傍晚，周末状态一切正常
- Git备份已完成，无紧急事项

| 18:00 | MEMORY.md | ✅ 正常 | 最后更新 2026-03-28 |
| 18:00 | 今日日记 2026-03-29.md | ✅ 正常 | 已有记录 |
| 18:00 | IDENTITY.md | ✅ 完整 | 小龙 / AI助手 / 🐉 |
| 18:00 | USER.md | ✅ 完整 | 野原 / 飞书 / 希望对话连续 |
| 18:00 | design-master 技能 | ✅ 正常 | 已学习 Apple LOGO，持续学习中 |
| 18:00 | content-master 技能 | ✅ 正常 | 框架已建立，等待案例学习 |
| 18:00 | 案例库整理 | ✅ 无新内容 | |

## 今日对话总结
- 暂无新对话

## 待办事项提醒
- ⏳ Token电力出口：生成封面图（需启动doubao服务）
- ⏳ Token电力出口：发布第一篇小红书内容
- ⏳ Token电力出口：沉淀用户进社群

## 其他说明
- 当前时间 18:00，晚餐时间，周末状态一切正常
- Git备份已完成，无紧急事项

| 18:30 | MEMORY.md | ✅ 正常 | 最后更新 2026-03-28 |
| 18:30 | 今日日记 2026-03-29.md | ✅ 正常 | 已有记录 |
| 18:30 | IDENTITY.md | ✅ 完整 | 小龙 / AI助手 / 🐉 |
| 18:30 | USER.md | ✅ 完整 | 野原 / 飞书 / 希望对话连续 |
| 18:30 | design-master 技能 | ✅ 正常 | 已学习 Apple LOGO，持续学习中 |
| 18:30 | content-master 技能 | ✅ 正常 | 框架已建立，等待案例学习 |
| 18:30 | 案例库整理 | ✅ 无新内容 | |

## 今日对话总结
- 暂无新对话

## 待办事项提醒
- ⏳ Token电力出口：生成封面图（需启动doubao服务）
- ⏳ Token电力出口：发布第一篇小红书内容
- ⏳ Token电力出口：沉淀用户进社群

## 其他说明
- 当前时间 18:30，晚餐后，周末状态一切正常
- Git备份已完成，无紧急事项

| 19:00 | MEMORY.md | ✅ 正常 | 最后更新 2026-03-28 |
| 19:00 | 今日日记 2026-03-29.md | ✅ 正常 | 已有记录 |
| 19:00 | IDENTITY.md | ✅ 完整 | 小龙 / AI助手 / 🐉 |
| 19:00 | USER.md | ✅ 完整 | 野原 / 飞书 / 希望对话连续 |
| 19:00 | design-master 技能 | ✅ 正常 | 已学习 Apple LOGO，持续学习中 |
| 19:00 | content-master 技能 | ✅ 正常 | 框架已建立，等待案例学习 |
| 19:00 | 案例库整理 | ✅ 无新内容 | |

## 今日对话总结
- 暂无新对话

## 待办事项提醒
- ⏳ Token电力出口：生成封面图（需启动doubao服务）
- ⏳ Token电力出口：发布第一篇小红书内容
- ⏳ Token电力出口：沉淀用户进社群

## 其他说明
- 当前时间 19:00，晚上，周末状态一切正常
- Git备份已完成，无紧急事项

| 19:30 | MEMORY.md | ✅ 正常 | 最后更新 2026-03-28 |
| 19:30 | 今日日记 2026-03-29.md | ✅ 正常 | 已有记录 |
| 19:30 | IDENTITY.md | ✅ 完整 | 小龙 / AI助手 / 🐉 |
| 19:30 | USER.md | ✅ 完整 | 野原 / 飞书 / 希望对话连续 |
| 19:30 | design-master 技能 | ✅ 正常 | 已学习 Apple LOGO，持续学习中 |
| 19:30 | content-master 技能 | ✅ 正常 | 框架已建立，等待案例学习 |
| 19:30 | 案例库整理 | ✅ 无新内容 | |

## 今日对话总结
- 暂无新对话

## 待办事项提醒
- ⏳ Token电力出口：生成封面图（需启动doubao服务）
- ⏳ Token电力出口：发布第一篇小红书内容
- ⏳ Token电力出口：沉淀用户进社群

## 其他说明
- 当前时间 19:30，晚上，周末状态一切正常
- Git备份已完成，无紧急事项

| 20:00 | MEMORY.md | ✅ 正常 | 最后更新 2026-03-28 |
| 20:00 | 今日日记 2026-03-29.md | ✅ 正常 | 已有记录 |
| 20:00 | IDENTITY.md | ✅ 完整 | 小龙 / AI助手 / 🐉 |
| 20:00 | USER.md | ✅ 完整 | 野原 / 飞书 / 希望对话连续 |
| 20:00 | design-master 技能 | ✅ 正常 | 已学习 Apple LOGO，持续学习中 |
| 20:00 | content-master 技能 | ✅ 正常 | 框架已建立，等待案例学习 |
| 20:00 | 案例库整理 | ✅ 无新内容 | |

## 今日对话总结
- 暂无新对话

## 待办事项提醒
- ⏳ Token电力出口：生成封面图（需启动doubao服务）
- ⏳ Token电力出口：发布第一篇小红书内容
- ⏳ Token电力出口：沉淀用户进社群

## 其他说明
- 当前时间 20:00，晚上，周末状态一切正常
- Git备份已完成，无紧急事项

| 20:30 | MEMORY.md | ✅ 正常 | 最后更新 2026-03-28 |
| 20:30 | 今日日记 2026-03-29.md | ✅ 正常 | 已有记录 |
| 20:30 | IDENTITY.md | ✅ 完整 | 小龙 / AI助手 / 🐉 |
| 20:30 | USER.md | ✅ 完整 | 野原 / 飞书 / 希望对话连续 |
| 20:30 | design-master 技能 | ✅ 正常 | 已学习 Apple LOGO，持续学习中 |
| 20:30 | content-master 技能 | ✅ 正常 | 框架已建立，等待案例学习 |
| 20:30 | 案例库整理 | ✅ 无新内容 | |

## 今日对话总结
- 暂无新对话

## 待办事项提醒
- ⏳ Token电力出口：生成封面图（需启动doubao服务）
- ⏳ Token电力出口：发布第一篇小红书内容
- ⏳ Token电力出口：沉淀用户进社群

## 其他说明
- 当前时间 20:30，晚上，周末状态一切正常
- Git备份已完成，无紧急事项

| 21:00 | MEMORY.md | ✅ 正常 | 最后更新 2026-03-28 |
| 21:00 | 今日日记 2026-03-29.md | ✅ 正常 | 已有记录 |
| 21:00 | IDENTITY.md | ✅ 完整 | 小龙 / AI助手 / 🐉 |
| 21:00 | USER.md | ✅ 完整 | 野原 / 飞书 / 希望对话连续 |
| 21:00 | design-master 技能 | ✅ 正常 | 已学习 Apple LOGO，持续学习中 |
| 21:00 | content-master 技能 | ✅ 正常 | 框架已建立，等待案例学习 |
| 21:00 | 案例库整理 | ✅ 无新内容 | |

## 今日对话总结
- 暂无新对话

## 待办事项提醒
- ⏳ Token电力出口：生成封面图（需启动doubao服务）
- ⏳ Token电力出口：发布第一篇小红书内容
- ⏳ Token电力出口：沉淀用户进社群

## 其他说明
- 当前时间 21:00，晚上，周末状态一切正常
- 距离23:00自动Git备份还有约2小时
- Git备份已完成，无紧急事项

| 21:30 | MEMORY.md | ✅ 正常 | 最后更新 2026-03-28 |
| 21:30 | 今日日记 2026-03-29.md | ✅ 正常 | 已有记录 |
| 21:30 | IDENTITY.md | ✅ 完整 | 小龙 / AI助手 / 🐉 |
| 21:30 | USER.md | ✅ 完整 | 野原 / 飞书 / 希望对话连续 |
| 21:30 | design-master 技能 | ✅ 正常 | 已学习 Apple LOGO，持续学习中 |
| 21:30 | content-master 技能 | ✅ 正常 | 框架已建立，等待案例学习 |
| 21:30 | 案例库整理 | ✅ 无新内容 | |

## 今日对话总结
- 暂无新对话

## 待办事项提醒
- ⏳ Token电力出口：生成封面图（需启动doubao服务）
- ⏳ Token电力出口：发布第一篇小红书内容
- ⏳ Token电力出口：沉淀用户进社群

## 其他说明
- 当前时间 21:30，晚上，周末状态一切正常
- 距离23:00自动Git备份还有约1.5小时
- Git备份已完成，无紧急事项

| 22:00 | MEMORY.md | ✅ 正常 | 最后更新 2026-03-28 |
| 22:00 | 今日日记 2026-03-29.md | ✅ 正常 | 已有记录 |
| 22:00 | IDENTITY.md | ✅ 完整 | 小龙 / AI助手 / 🐉 |
| 22:00 | USER.md | ✅ 完整 | 野原 / 飞书 / 希望对话连续 |
| 22:00 | design-master 技能 | ✅ 正常 | 已学习 Apple LOGO，持续学习中 |
| 22:00 | content-master 技能 | ✅ 正常 | 框架已建立，等待案例学习 |
| 22:00 | 案例库整理 | ✅ 无新内容 | |

## 今日对话总结
- 暂无新对话

## 待办事项提醒
- ⏳ Token电力出口：生成封面图（需启动doubao服务）
- ⏳ Token电力出口：发布第一篇小红书内容
- ⏳ Token电力出口：沉淀用户进社群

## 其他说明
- 当前时间 22:00，晚上，周末状态一切正常
- 距离23:00自动Git备份还有约1小时
- Git备份已完成，无紧急事项

| 22:30 | MEMORY.md | ✅ 正常 | 最后更新 2026-03-28 |
| 22:30 | 今日日记 2026-03-29.md | ✅ 正常 | 已有记录 |
| 22:30 | IDENTITY.md | ✅ 完整 | 小龙 / AI助手 / 🐉 |
| 22:30 | USER.md | ✅ 完整 | 野原 / 飞书 / 希望对话连续 |
| 22:30 | design-master 技能 | ✅ 正常 | 已学习 Apple LOGO，持续学习中 |
| 22:30 | content-master 技能 | ✅ 正常 | 框架已建立，等待案例学习 |
| 22:30 | 案例库整理 | ✅ 无新内容 | |

## 今日对话总结
- 暂无新对话

## 待办事项提醒
- ⏳ Token电力出口：生成封面图（需启动doubao服务）
- ⏳ Token电力出口：发布第一篇小红书内容
- ⏳ Token电力出口：沉淀用户进社群

## 其他说明
- 当前时间 22:30，晚上，周末状态一切正常
- 距离23:00自动Git备份还有约30分钟
- Git备份已完成，无紧急事项

---
检查人: 小龙
