# 心跳检查日志 - 2026-04-11 12:26 (Asia/Shanghai)

## 1. 记忆文件状态检查
- ✅ MEMORY.md 存在，最后更新: 2026-04-10，内容完整
- ✅ 今日记忆文件 memory/2026-04-11.md 已更新，记录了今日定时推送完成情况
- ✅ IDENTITY.md 完整：小龙 🐉 | AI助手 | 亲切直接有幽默感
- ✅ USER.md 完整：野原 | Asia/Shanghai | 飞书连接 | 需要对话连续性
- 未到23:00，暂不执行Git提交

## 2. 技能状态检查
- ✅ design-master 技能正常：已加载设计哲学、分析框架、已学习Apple LOGO案例，持续学习中
- ✅ content-master 技能正常：已建立多平台内容创作框架，整合小红书发布和AI设计工具，适配飞书推送机制
- ✅ 案例库暂无新内容需要整理

## 3. 对话连续性维护
- 今日重要对话：系统cron任务完成了第三次正式每日推送，推送机制验证稳定
- 野原偏好无变化
- 无新学习成果需要记录
- 推送任务已完成，已归档
- 待办：仍需等待野原重启OpenClaw Gateway启用MemPalace记忆宫殿

## 4. 每日固定任务检查
- ✅ 今日推送已由系统cron任务在12:00准时完成，内容：
  - 资讯1：阿里云通义模型单日调用量突破1.4万亿Token
  - 资讯2：智能体AI成为行业竞争新焦点，单任务Token消耗量激增百倍
  - 推荐书籍：《精益创业》
- 当前推送机制运行正常，独立cron任务推送可靠
- 距离上次对话不超过8小时，无需发送问候
- 无其他待办事项需要特别提醒
- 无新技能需要介绍
- 未到23:00，暂不执行Git提交上传

## 检查结论
一切正常，定时推送机制运行稳定。

---
检查完成时间: 2026-04-11 12:26 GMT+8
