# 心跳检查日志
检查时间: 2026-04-10 06:26 (Asia/Shanghai)

## 1. 记忆文件状态检查
- ✅ MEMORY.md 存在且最新 (最后更新: 2026-04-09)
- ✅ 今日记忆文件 2026-04-10.md 存在，内容正常
- ✅ IDENTITY.md 完整 (小龙 🐉)
- ✅ USER.md 完整 (野原，飞书连接，需要对话连续性)

## 2. 技能状态检查
- ✅ design-master 技能正常，SKILL.md 完整，设计哲学和分析框架清晰，持续学习中
- ✅ content-master 技能正常，多平台内容策略完整，已整合小红书发布和AI设计工具
- ✅ 案例库暂无新内容需要整理

## 3. 对话连续性维护
- 今日暂无新对话产生，维持现状
- 野原偏好无变化
- 无新学习成果需要记录
- 已完成事项均已归档

## 4. 每日固定任务检查
- 当前时间 06:26，不在 11:00-13:00 推送时段，今日推送由定时任务执行
- 距离上次对话不到8小时，无需发送问候
- 无待办事项需要提醒（仅待重启网关启用MemPalace，等待野原操作）
- 无新技能待介绍
- 当前时间未到 23:00，Git 上传任务待到时执行

## 检查结论
一切正常，无需特别处理。
