# 心跳检查日志 - 2026-03-17

**检查时间**: 2026-03-17 04:05 (Asia/Shanghai)
**执行者**: 小龙

## 检查结果

### 1. 记忆文件状态 ✅
- [x] `MEMORY.md` 存在且最新
- [x] `memory/2026-03-17.md` 今日记录正常
- [x] `IDENTITY.md` 完整
- [x] `USER.md` 完整

### 2. 技能状态 ✅
- [x] `design-master` 技能正常
- [x] `content-master` 技能正常
- [x] `futures-assistant` 技能正常
- [x] 案例库暂无新内容需要整理

### 3. 对话连续性维护
- **上次对话**: 2026-03-15（2天前）
- **待办事项**:
  - [ ] 了解野原的兴趣爱好和工作领域
  - [ ] 继续设计大师培养计划

### 4. 状态总结
- 所有核心文件正常
- 技能系统运行良好
- 2天未与野原对话，属于正常静默期
- 无紧急事项需要提醒

---

## 后续检查记录

### 07:35 检查
- 状态: 无新对话
- 系统: 一切正常

### 08:05 检查
- 状态: 无新对话
- 系统: 一切正常

### 08:35 检查
- 状态: 无新对话
- 系统: 一切正常

### 09:35 检查
- 状态: 无新对话
- 系统: 一切正常

### 10:35 检查
- 状态: 无新对话
- 系统: 一切正常

### 11:05 检查
- 状态: 无新对话
- 系统: 一切正常

### 12:05 检查
- 状态: 无新对话
- 系统: 一切正常

### 12:35 检查
- 状态: 无新对话
- 系统: 一切正常

### 13:05 检查
- 状态: 无新对话
- 系统: 一切正常

### 14:05 检查
- 状态: 无新对话
- 系统: 一切正常

### 14:35 检查
- 状态: 无新对话
- 系统: 一切正常

### 15:05 检查
- 状态: 无新对话
- 系统: 一切正常

### 16:05 检查
- 状态: 无新对话
- 系统: 一切正常

### 16:35 检查
- 状态: 无新对话
- 系统: 一切正常

### 18:35 检查
- 状态: 无新对话
- 系统: 一切正常

### 19:35 检查
- 状态: 无新对话
- 系统: 一切正常

### 20:05 检查
- 状态: 无新对话
- 系统: 一切正常

### 21:05 检查
- 状态: 无新对话
- 系统: 一切正常

### 21:35 检查
- 状态: 无新对话
- 系统: 一切正常

### 22:05 检查
- 状态: 无新对话
- 系统: 一切正常

### 22:36 检查
- 状态: 无新对话
- 系统: 一切正常

### 23:06 检查
- 状态: 无新对话
- 系统: 一切正常

---
*下次检查: 2026-03-18 00:05*
