
# 心跳检查日志 - 2026-04-05 07:01 (Asia/Shanghai)

## 1. 记忆文件状态检查
- ✅ MEMORY.md 存在，最后更新 2026-04-03，内容完整
- ✅ memory/2026-04-05.md 已存在，今日暂无新对话
- ✅ IDENTITY.md 完整（小龙，AI助手，亲切直接，🐉）
- ✅ USER.md 完整（野原，飞书连接，需要对话连续性）
- ⏳ 未到 23:00，暂不执行 Git 提交上传

## 2. 技能状态检查
- ✅ design-master 技能正常，已学习 Apple LOGO 分析，持续学习中
- ✅ content-master 技能正常，已建立多平台内容框架，整合了小红书发布和AI生成工具
- ✅ 案例库暂无新内容需要整理

## 3. 对话连续性维护
- 今日暂无新对话，无要点需要总结
- 野原偏好无变化
- 无新的学习成果需要记录
- 无已完成事项需要归档

## 4. 每日固定任务检查
- 当前时间 07:01，未到 12:00，不需要推送资讯和推荐书
- 距离上次对话仍在正常周期内
- **提醒**: 待办事项 - Token电力出口项目仍需生成封面图并发布第一篇小红书
- 无新技能可用
- 未到 23:00，不需要执行 Git 上传

## 检查结论
- 所有系统正常
- 有待办事项提醒：Token电力出口第一篇小红书封面图待生成

---
检查人: 小龙
