# 夜间心跳检查日志 - 2026-04-09 23:26 (Asia/Shanghai)

## 每日23:00归档任务 - 重试Git推送

### 检查状态
- ✅ MEMORY.md：已更新 ✓
- ✅ memory/2026-04-09.md：完整 ✓
- ✅ IDENTITY.md + USER.md：完整 ✓
- ✅ 本地Git提交已完成：116d4ec ✓

### Git推送结果
- ❌ GitHub连接失败：`Failed to connect to github.com port 443 after 2100 ms: Could not connect to server`
- 原因：网络连接问题（可能是代理或网络波动）
- 处理：本地提交已保存，等待下次网络恢复后自动重试推送

### 今日所有任务完成情况
1. ✅ 每日12:00 AI资讯推送：完成，验证成功
2. ✅ MemPalace记忆宫殿安装：完成，待重启生效
3. ✅ 记忆文件整理更新：完成
4. ✅ 本地Git提交：完成
5. ⚠️ GitHub推送：等待网络恢复重试

## 检查完成
- 所有本地任务已完成
- 无紧急事项需要处理
- 检查时间：2026-04-09 23:26
