# 心跳检查日志 - 2026-04-08 18:01 GMT+8

## 检查结果

### 1. 记忆文件状态
✅ MEMORY.md - 已更新（新增2026-04-08成果记录）
✅ memory/2026-04-08.md - 已创建今日记录
✅ IDENTITY.md - 完整
✅ USER.md - 完整

### 2. 技能状态
✅ design-master - 正常
✅ content-master - 已更新推送机制说明，正常
✅ feishu-daily-push - 新建完成
✅ 案例库 - 无新内容需要整理

### 3. 对话连续性维护
✅ 总结今日要点：解决飞书主动推送问题，创建cron定时任务
✅ 更新野原偏好：需要每日定时推送AI资讯
✅ 记录新学习：掌握OpenClaw飞书定时推送正确配置方法
✅ 归档完成：feishu-daily-push技能创建完成

### 4. 每日固定任务
- 12:00推送：今天12点前还没配置好，配置完成后从明天开始推送，无需补推
- 无待办事项需要提醒
- 新技能已创建完成（feishu-daily-push）

### 4. Git操作
等到23:00自动执行提交推送

---
检查完成，状态正常

---
## 第二次检查 - 2026-04-08 18:31 GMT+8

### 1. 记忆文件状态
✅ MEMORY.md - 已更新到最新，包含今日飞书推送技能创建记录
✅ memory/2026-04-08.md - 今日工作记录完整
✅ IDENTITY.md - 完整无变化
✅ USER.md - 完整无变化

### 2. 技能状态
✅ design-master - 文件完整，学习状态正常
✅ content-master - 文件完整，已更新推送机制说明
✅ feishu-daily-push - 新建完成，配置文档完整
✅ 案例库 - 无新内容需要整理

### 3. 对话连续性维护
✅ 今日要点已总结：解决飞书主动推送问题，配置了每天12:00的cron定时任务
✅ 野原偏好无变化：依旧需要每日定时推送AI资讯 + 对话连续性
✅ 新学习成果已记录：OpenClaw飞书定时推送正确配置方法
✅ 已完成事项已归档：feishu-daily-push技能创建完成，明天开始正式推送

### 4. 每日固定任务
- 12:00推送：今日推送因为配置问题未执行，从明天（4月9日）开始正式推送
- 无待办事项需要提醒（明天验证推送即可）
- 新技能feishu-daily-push已创建，等待明天验证
- 当前时间未到23:00，Git提交推送待23:00执行

## 检查结论
一切正常，无需要主动告知的事项。

---
## 第三次检查 - 2026-04-08 19:01 GMT+8

### 1. 记忆文件状态
✅ MEMORY.md - 已更新到最新，包含今日飞书推送技能创建记录
✅ memory/2026-04-08.md - 今日工作记录完整（飞书推送问题解决，定时任务创建完成）
✅ IDENTITY.md - 完整无变化
✅ USER.md - 完整无变化

### 2. 技能状态
✅ design-master - 文件完整，学习状态正常
✅ content-master - 文件完整，已更新推送机制说明
✅ feishu-daily-push - 新建完成，配置文档完整
✅ 案例库 - 无新内容需要整理

### 3. 对话连续性维护
✅ 今日要点已总结：解决飞书主动推送历史遗留问题，成功配置每天12:00的cron定时任务
✅ 野原偏好无变化：需要每日定时推送AI资讯 + 对话连续性
✅ 新学习成果已记录：OpenClaw飞书定时推送正确配置方法（agentTurn + isolated + --announce + 正确时区）
✅ 已完成事项已归档：feishu-daily-push技能创建完成，明天开始正式推送

### 4. 每日固定任务
- 12:00推送：今日推送因为配置问题未执行，已明确从明天（4月9日）开始正式推送
- 无待办事项需要提醒（明天验证推送即可）
- 新技能feishu-daily-push已创建完成，无需介绍
- 当前时间未到23:00，Git提交推送待23:00执行

## 检查结论
一切正常，无需要主动告知的事项。

---
## 第四次检查 - 2026-04-08 19:31 GMT+8

### 1. 记忆文件状态
✅ MEMORY.md - 已更新到最新，包含今日飞书推送技能创建记录
✅ memory/2026-04-08.md - 今日工作记录完整（飞书推送问题解决，定时任务创建完成）
✅ IDENTITY.md - 完整无变化
✅ USER.md - 完整无变化

### 2. 技能状态
✅ design-master - 文件完整，学习状态正常
✅ content-master - 文件完整，已更新推送机制说明
✅ feishu-daily-push - 新建完成，配置文档完整
✅ 案例库 - 无新内容需要整理

### 3. 对话连续性维护
✅ 今日要点已总结：解决飞书主动推送历史遗留问题，成功配置每天12:00的cron定时任务
✅ 野原偏好无变化：需要每日定时推送AI资讯 + 对话连续性
✅ 新学习成果已记录：OpenClaw飞书定时推送正确配置方法（agentTurn + isolated + --announce + 正确时区）
✅ 已完成事项已归档：feishu-daily-push技能创建完成，明天开始正式推送

### 4. 每日固定任务
- 12:00推送：今日推送因为配置问题未执行，已明确从明天（4月9日）开始正式推送
- 无待办事项需要提醒（明天验证推送即可）
- 新技能feishu-daily-push已创建完成，无需介绍
- 当前时间未到23:00，Git提交推送待23:00执行

## 检查结论
一切正常，无需要主动告知的事项。

---
## 第五次检查 - 2026-04-08 20:01 GMT+8

### 1. 记忆文件状态
✅ MEMORY.md - 已更新到最新，完整记录今日飞书推送技能创建成果
✅ memory/2026-04-08.md - 今日工作记录完整，包含配置过程和任务ID
✅ IDENTITY.md - 完整无变化（小龙 🐉）
✅ USER.md - 完整无变化（野原，飞书连接，需要对话连续性）

### 2. 技能状态
✅ design-master - 文件完整，学习状态正常，持续进化中
✅ content-master - 文件完整，已更新推送机制说明，适配飞书直连限制
✅ feishu-daily-push - 新建完成，配置文档完整，定时任务已创建
✅ 案例库 - 无新内容需要整理

### 3. 对话连续性维护
✅ 今日要点已完整总结：解决飞书主动推送历史遗留问题，成功配置每天12:00的cron定时任务
✅ 野原偏好无变化：依旧需要每日定时推送AI资讯 + 对话连续性
✅ 新学习成果已完整记录：OpenClaw飞书定时推送正确配置方法（必须配置 `agentTurn: true` + `runtime: isolated` + `--announce` 标志 + 正确时区 `Asia/Shanghai`）
✅ 已完成事项已归档：feishu-daily-push技能创建完成，明天开始正式推送

### 4. 每日固定任务
- 12:00推送：今日推送因为配置问题未执行，已明确从明天（4月9日）开始正式推送
- 末次对话时间在正常范围内，无需发送问候
- 无待办事项需要提醒（明天验证推送即可）
- 新技能feishu-daily-push已创建完成，等待明天验证效果
- 当前时间 **20:01**，未到 23:00，Git提交推送仍待 23:00 自动执行

## 检查结论
一切正常，无需要主动告知的事项。

---
## 第六次检查 - 2026-04-08 20:31 GMT+8

### 1. 记忆文件状态
✅ MEMORY.md - 已更新到最新，完整记录今日飞书推送技能创建成果
✅ memory/2026-04-08.md - 今日工作记录完整，包含配置过程和任务ID
✅ IDENTITY.md - 完整无变化（小龙 🐉）
✅ USER.md - 完整无变化（野原，飞书连接，需要对话连续性）

### 2. 技能状态
✅ design-master - 文件完整，学习状态正常，持续进化中
✅ content-master - 文件完整，已更新推送机制说明，适配飞书直连限制
✅ feishu-daily-push - 新建完成，配置文档完整，定时任务已创建
✅ 案例库 - 无新内容需要整理

### 3. 对话连续性维护
✅ 今日要点已完整总结：解决飞书主动推送历史遗留问题，成功配置每天12:00的cron定时任务
✅ 野原偏好无变化：依旧需要每日定时推送AI资讯 + 对话连续性
✅ 新学习成果已完整记录：OpenClaw飞书定时推送正确配置方法（必须配置 `agentTurn: true` + `runtime: isolated` + `--announce` 标志 + 正确时区 `Asia/Shanghai`）
✅ 已完成事项已归档：feishu-daily-push技能创建完成，明天开始正式推送

### 4. 每日固定任务
- 12:00推送：今日推送因为配置问题未执行，已明确从明天（4月9日）开始正式推送
- 末次对话时间在正常范围内，无需发送问候
- 无待办事项需要提醒（明天验证推送即可）
- 新技能feishu-daily-push已创建完成，等待明天验证效果
- 当前时间 **20:31**，未到 23:00，Git提交推送仍待 23:00 自动执行

## 检查结论
一切正常，无需要主动告知的事项。

---
## 第七次检查 - 2026-04-08 21:01 GMT+8

### 1. 记忆文件状态
✅ MEMORY.md - 已更新到最新，完整记录今日飞书推送技能创建成果
✅ memory/2026-04-08.md - 今日工作记录完整，包含配置过程和任务ID
✅ IDENTITY.md - 完整无变化（小龙 🐉）
✅ USER.md - 完整无变化（野原，飞书连接，需要对话连续性）

### 2. 技能状态
✅ design-master - 文件完整，学习状态正常，持续进化中
✅ content-master - 文件完整，已更新推送机制说明，适配飞书直连限制
✅ feishu-daily-push - 新建完成，配置文档完整，定时任务已创建
✅ 案例库 - 无新内容需要整理

### 3. 对话连续性维护
✅ 今日要点已完整总结：解决飞书主动推送历史遗留问题，成功配置每天12:00的cron定时任务
✅ 野原偏好无变化：依旧需要每日定时推送AI资讯 + 对话连续性
✅ 新学习成果已完整记录：OpenClaw飞书定时推送正确配置方法（必须配置 `agentTurn: true` + `runtime: isolated` + `--announce` 标志 + 正确时区 `Asia/Shanghai`）
✅ 已完成事项已归档：feishu-daily-push技能创建完成，明天开始正式推送

### 4. 每日固定任务
- 12:00推送：今日推送因为配置问题未执行，已明确从明天（4月9日）开始正式推送
- 末次对话时间在正常范围内，无需发送问候
- 无待办事项需要提醒（明天验证推送即可）
- 新技能feishu-daily-push已创建完成，等待明天验证效果
- 当前时间 **21:01**，未到 23:00，Git提交推送仍待 23:00 自动执行

## 检查结论
一切正常，无需要主动告知的事项。

---
## 第八次检查 - 2026-04-08 21:31 GMT+8

### 1. 记忆文件状态
✅ MEMORY.md - 已更新到最新，完整记录今日飞书推送技能创建成果
✅ memory/2026-04-08.md - 今日工作记录完整，包含配置过程和任务ID
✅ IDENTITY.md - 完整无变化（小龙 🐉）
✅ USER.md - 完整无变化（野原，飞书连接，需要对话连续性）

### 2. 技能状态
✅ design-master - 文件完整，学习状态正常，持续进化中
✅ content-master - 文件完整，已更新推送机制说明，适配飞书直连限制
✅ feishu-daily-push - 新建完成，配置文档完整，定时任务已创建
✅ 案例库 - 无新内容需要整理

### 3. 对话连续性维护
✅ 今日要点已完整总结：解决飞书主动推送历史遗留问题，成功配置每天12:00的cron定时任务
✅ 野原偏好无变化：依旧需要每日定时推送AI资讯 + 对话连续性
✅ 新学习成果已完整记录：OpenClaw飞书定时推送正确配置方法（必须配置 `agentTurn: true` + `runtime: isolated` + `--announce` 标志 + 正确时区 `Asia/Shanghai`）
✅ 已完成事项已归档：feishu-daily-push技能创建完成，明天开始正式推送

### 4. 每日固定任务
- 12:00推送：今日推送因为配置问题未执行，已明确从明天（4月9日）开始正式推送
- 末次对话时间在正常范围内，无需发送问候
- 无待办事项需要提醒（明天验证推送即可）
- 新技能feishu-daily-push已创建完成，等待明天验证效果
- 当前时间 **21:31**，未到 23:00，Git提交推送仍待 23:00 自动执行

## 检查结论
一切正常，无需要主动告知的事项。
