# 心跳检查日志
检查时间: 2026-04-10 17:26 (Asia/Shanghai)

## 1. 记忆文件状态检查
- ✅ MEMORY.md 存在且最新 (最后更新: 2026-04-09)
- ✅ 今日记忆文件 2026-04-10.md 存在且更新正常
- ✅ IDENTITY.md 完整 (小龙 🐉)
- ✅ USER.md 完整 (野原，飞书连接，需要对话连续性)
- 今日暂无新对话，无需Git提交，待23:00统一执行

## 2. 技能状态检查
- ✅ design-master 技能正常，SKILL.md 完整，已学习 Apple LOGO 案例，持续学习中
- ✅ content-master 技能正常，已建立多平台内容框架，整合小红书发布和AI设计工具
- ✅ 案例库暂无新内容需要整理

## 3. 对话连续性维护
- 今日完成12:00定时推送，无其他新对话
- 野原偏好无变化
- 无新学习成果需要记录
- 已完成事项均已归档

## 4. 每日固定任务检查
- ✅ 今日推送任务已在11:26完成
- 今日已有对话推送，无需发送问候
- 无待办事项需要提醒
- 无新技能可用，无需介绍
- 当前时间未到 23:00，Git 上传任务待到时执行

## 检查结论
一切正常，无需特别处理。
