# 心跳检查日志 - 2026-04-11 20:56 (Asia/Shanghai)

## 1. 记忆文件状态检查
- ✅ MEMORY.md 存在，最后更新: 2026-04-10，内容完整
- ✅ 今日记忆文件 memory/2026-04-11.md 存在，内容正常，已更新今日推送完成记录
- ✅ IDENTITY.md 完整：小龙 🐉 | AI助手 | 亲切直接有幽默感
- ✅ USER.md 完整：野原 | Asia/Shanghai | 飞书连接 | 需要对话连续性

## 2. 技能状态检查
- ✅ design-master 技能正常：已加载设计哲学、分析框架、已学习Apple LOGO案例，持续学习中
- ✅ content-master 技能正常：已建立多平台内容创作框架，整合小红书发布和AI设计工具，适配飞书推送机制
- ✅ 案例库暂无新内容需要整理

## 3. 对话连续性维护
- 今日11:26已完成AI资讯和书籍推送，用户未产生新对话，无需总结
- 野原偏好无变化
- 无新学习成果需要记录
- 推送已完成，可归档

## 4. 每日固定任务检查
- ✅ 今日 12:00 左右AI资讯+书籍推送已完成
- 距离上次对话不超过8小时，无需发送问候
- 待办：重启 OpenClaw Gateway 启用 MemPalace 记忆宫殿（仍等待野原操作）
- 无新技能需要介绍
- 未到23:00，暂不执行Git提交上传

## 检查结论
一切正常，无需主动联系野原。

---
检查完成时间: 2026-04-11 20:56 GMT+8
