# 心跳检查日志 - 2026-04-11 21:56 (Asia/Shanghai)

## 1. 记忆文件状态检查
- ✅ MEMORY.md 存在，最后更新: 2026-04-10，内容完整
- ✅ 今日记忆文件 memory/2026-04-11.md 存在，内容已更新，推送已完成
- ✅ IDENTITY.md 完整：小龙 🐉 | AI助手 | 亲切直接有幽默感
- ✅ USER.md 完整：野原 | Asia/Shanghai | 飞书连接 | 需要对话连续性

## 2. 技能状态检查
- ✅ design-master 技能正常：已加载设计哲学、分析框架、已学习Apple LOGO案例，持续学习中
- ✅ content-master 技能正常：已建立多平台内容创作框架，整合小红书发布和AI设计工具，适配飞书推送机制
- ✅ 案例库暂无新内容需要整理

## 3. 对话连续性维护
- 今日11:26已完成推送，推送内容：2条AI资讯 + 1本推荐书籍，无新对话，无需额外总结
- 野原偏好无变化
- 无新学习成果需要记录
- 推送任务已完成，可以归档

## 4. 每日固定任务检查
- ✅ 今日推送：11:26已完成，正常
- 距离上次推送不到4小时，距离上次对话不超过8小时，无需发送问候
- ⏳ 待办提醒：重启 OpenClaw Gateway 启用 MemPalace 记忆宫殿（等待野原操作）
- 无新技能需要介绍
- 当前时间 21:56，尚未到 23:00，暂不执行Git提交上传

## 检查结论
一切正常，提醒待办：重启 OpenClaw Gateway 启用 MemPalace 记忆宫殿。

---
检查完成时间: 2026-04-11 21:56 GMT+8
