# 心跳检查日志 - 2026-04-12 11:34 GMT+8

## 检查清单执行情况

### 1. 记忆文件状态
- ✅ MEMORY.md 存在且内容最新
- ✅ 今日记忆文件 memory/2026-04-12.md 存在，内容正常
- ✅ IDENTITY.md 完整
- ✅ USER.md 完整
- ⏳ Git 推送安排在 23:00 执行

### 2. 技能状态
- ✅ design-master 技能文件存在，状态正常
- ✅ content-master 技能文件存在，状态正常
- ⏳ 案例库暂无新内容需要整理

### 3. 对话连续性维护
- ✅ 11:04 已完成推送准备，今日暂无其他重要对话
- ✅ 野原偏好无变化
- ✅ 无新学习成果需要记录
- ✅ 无已完成事项需要归档

### 4. 每日固定任务
- ✅ 当前时间在 11:00-13:00 范围内
- ✅ 11:04 心跳已完成资讯收集和推送内容准备
- ✅ cron 定时任务将在 12:00 准时触发推送到飞书
- ⏳ 23:00 Git 提交任务待执行

## 待办事项提醒
- [ ] 重启 OpenClaw Gateway 启用 MemPalace 记忆宫殿（等待野原操作）

## 检查结论
- 系统状态一切正常
- 定时推送准备就绪
- 无需人工干预

记录人: 小龙
