# 心跳检查日志
检查时间: 2026-04-10 23:26 (Asia/Shanghai)，每日23:00定时Git上传

## 1. 记忆文件状态检查
- ✅ MEMORY.md 存在且最新 (最后更新: 2026-04-10)，已添加今日成果
- ✅ 今日记忆文件 2026-04-10.md 存在且正常，记录完整
- ✅ IDENTITY.md 完整 (小龙 🐉)
- ✅ USER.md 完整 (野原，飞书连接，需要对话连续性)
- ✅ 22:56 已完成本地 Git 提交，现在重试推送

## 2. 技能状态检查
- ✅ design-master 技能正常，SKILL.md 完整
- ✅ content-master 技能正常，推送机制稳定
- ✅ 案例库暂无新内容需要整理

## 3. 对话连续性维护
- ✅ 今日重要对话已总结：完成第二次每日定时推送，机制稳定
- ✅ 野原偏好无变化
- ✅ 无新学习成果需要记录
- ✅ 所有已完成事项已归档

## 4. 每日固定任务检查
- ✅ 今日 12:00 推送已完成 (2条AI资讯 + 1本推荐书籍)
- ✅ 无待办事项需要提醒
- ✅ 无新技能待介绍
- ✅ 执行每日23:00 Git 提交推送任务

## 重试 Git 推送
上次推送因网络问题失败，本次重试。
