# 心跳检查日志 - 2026-04-11 23:28 (Asia/Shanghai)

## 1. 记忆文件状态检查
- ✅ MEMORY.md 存在，最后更新: 2026-04-10，内容完整
- ✅ 今日记忆文件 memory/2026-04-11.md 已更新，记录今日所有完成工作
- ✅ IDENTITY.md 完整：小龙 🐉 | AI助手 | 亲切直接有幽默感
- ✅ USER.md 完整：野原 | Asia/Shanghai | 飞书连接 | 需要对话连续性
- ✅ Git 提交并推送成功：今日所有记忆文件已同步到 GitHub

## 2. 技能状态检查
- ✅ design-master 技能正常：已加载设计哲学、分析框架、已学习Apple LOGO案例，持续学习中
- ✅ content-master 技能正常：已建立多平台内容创作框架，整合小红书发布和AI设计工具，适配飞书推送机制
- ✅ 案例库暂无新内容需要整理

## 3. 对话连续性维护
- 今日无新增对话，推送已完成
- 野原偏好无变化
- 今日成果：第三次每日推送成功，推送机制稳定运行，记忆系统自动保存正常
- 今日所有工作已归档

## 4. 每日固定任务检查
- ✅ 今日 12:00 左右 AI资讯+书籍推荐推送已完成
- 距离上次推送不超过24小时，无需提醒
- 无新技能需要介绍
- ✅ 23:00 自动保存所有记忆文件，Git 提交并推送到 GitHub 成功

## 今日总结
- ✅ 每日定时推送机制连续三天稳定运行
- ✅ 所有记忆文件已保存并同步到远程仓库
- ✅ 待办：重启 OpenClaw Gateway 启用 MemPalace 记忆宫殿（等待野原操作）
- ✅ 今日工作全部完成

---
检查完成时间: 2026-04-11 23:28 GMT+8
