# 心跳检查日志
检查时间: 2026-04-10 13:56 (Asia/Shanghai)

## 1. 记忆文件状态检查
- ✅ MEMORY.md 存在且最新 (最后更新: 2026-04-09)
- ✅ 今日记忆文件 2026-04-10.md 已存在且更新正常，已记录今日推送完成
- ✅ IDENTITY.md 完整 (小龙 🐉)
- ✅ USER.md 完整 (野原，飞书连接，需要对话连续性)

## 2. 技能状态检查
- ✅ design-master 技能正常，SKILL.md 完整，已学习 Apple LOGO 案例
- ✅ content-master 技能正常，已建立多平台内容框架，今日推送功能验证正常
- ✅ 案例库暂无新内容需要整理

## 3. 对话连续性维护
- 今日已完成定时推送任务，无其他新对话要点需要总结
- 野原偏好无变化
- 无新学习成果需要记录
- 已完成推送任务归档

## 4. 每日固定任务检查
- ✅ 今日 12:00 AI资讯+书籍推荐推送已完成（11:26检查时已执行）
- 当前距离上次对话不到8小时，无需发送问候
- 无待办事项需要主动提醒（重启Gateway等待野原操作）
- 无新技能待介绍
- 当前时间未到 23:00，Git 上传任务待到时执行

## 检查结论
一切正常，无需特别处理。
