# 心跳检查日志 - 2026-04-06 15:02

## 检查结果

### 1. 记忆文件状态
- ✅ MEMORY.md 存在，内容完整
- ✅ memory/2026-04-06.md 已更新，记录今日对话（修复推送逻辑漏发问题，完成两次推送）
- ✅ IDENTITY.md 完整
- ✅ USER.md 完整
- ⏳ Git提交推送等待23:00执行

### 2. 技能状态
- ✅ design-master 正常，已学习Apple LOGO案例，持续学习中
- ✅ content-master 正常，框架完整，整合redbookskills和doubao-api
- ⚠️ 案例库暂无新内容需要整理

### 3. 对话连续性维护
- ✅ 今日重要对话已记录：修复推送触发逻辑，补推了4月5日资讯，完成4月6日推送
- ✅ 无偏好变化需要更新
- ✅ 无新学习成果需要记录（逻辑修复已记录）
- ✅ 已完成事项已归档（推送任务完成）

### 4. 每日固定任务
- ✅ 12:00 AI资讯+书籍推送 已完成
- 今日对话活跃，无需发送问候
- ⚠️ 提醒：仍有两个待办事项
  1. Token电力出口：生成第一篇小红书封面图
  2. Token电力出口：发布第一篇小红书内容
- 无新技能可用
- ⏳ 23:00 Git自动上传 等待执行

### 17:02 第二次检查

### 1. 记忆文件状态
- ✅ MEMORY.md 存在，内容完整
- ✅ memory/2026-04-06.md 已更新，今日记录正常
- ✅ IDENTITY.md 完整
- ✅ USER.md 完整
- ⏳ Git提交推送等待23:00执行

### 2. 技能状态
- ✅ design-master 正常
- ✅ content-master 正常
- ⚠️ 案例库暂无新内容需要整理

### 3. 对话连续性维护
- ✅ 今日重要对话已完整记录
- ✅ 无偏好变化需要更新
- ✅ 无新学习成果需要记录
- ✅ 已完成事项已归档

### 4. 每日固定任务
- ✅ 12:00 AI资讯+书籍推送 已完成
- 今日已有互动，无需发送问候
- ⚠️ 提醒：仍有两个待办事项
  1. Token电力出口：生成第一篇小红书封面图
  2. Token电力出口：发布第一篇小红书内容
- 无新技能可用
- ⏳ 23:00 Git自动上传 等待执行

### 19:02 第三次检查

### 1. 记忆文件状态
- ✅ MEMORY.md 存在，内容完整
- ✅ memory/2026-04-06.md 已更新，今日记录正常
- ✅ IDENTITY.md 完整
- ✅ USER.md 完整
- ⏳ Git提交推送等待23:00执行

### 2. 技能状态
- ✅ design-master 正常
- ✅ content-master 正常
- ⚠️ 案例库暂无新内容需要整理

### 3. 对话连续性维护
- ✅ 今日重要对话已完整记录
- ✅ 无偏好变化需要更新
- ✅ 无新学习成果需要记录
- ✅ 已完成事项已归档

### 4. 每日固定任务
- ✅ 12:00 AI资讯+书籍推送 已完成
- 今日已有多次互动，无需发送问候
- ⚠️ 提醒：仍有两个待办事项
  1. Token电力出口：生成第一篇小红书封面图
  2. Token电力出口：发布第一篇小红书内容
- 无新技能可用
- ⏳ 23:00 Git自动上传 等待执行

### 20:02 第四次检查

### 1. 记忆文件状态
- ✅ MEMORY.md 存在，内容完整
- ✅ memory/2026-04-06.md 已更新，今日记录正常
- ✅ IDENTITY.md 完整
- ✅ USER.md 完整
- ⏳ Git提交推送等待23:00执行

### 2. 技能状态
- ✅ design-master 正常
- ✅ content-master 正常
- ⚠️ 案例库暂无新内容需要整理

### 3. 对话连续性维护
- ✅ 今日重要对话已完整记录
- ✅ 无偏好变化需要更新
- ✅ 无新学习成果需要记录
- ✅ 已完成事项已归档

### 4. 每日固定任务
- ✅ 12:00 AI资讯+书籍推送 已完成
- 今日已有多次互动，无需发送问候
- ⚠️ 提醒：仍有两个待办事项
  1. Token电力出口：生成第一篇小红书封面图
  2. Token电力出口：发布第一篇小红书内容
- 无新技能可用
- ⏳ 23:00 Git自动上传 等待执行

### 20:32 第五次检查

### 1. 记忆文件状态
- ✅ MEMORY.md 存在，内容完整
- ✅ memory/2026-04-06.md 已更新，今日记录正常
- ✅ IDENTITY.md 完整
- ✅ USER.md 完整
- ⏳ Git提交推送等待23:00执行

### 2. 技能状态
- ✅ design-master 正常
- ✅ content-master 正常
- ⚠️ 案例库暂无新内容需要整理

### 3. 对话连续性维护
- ✅ 今日重要对话已完整记录
- ✅ 无偏好变化需要更新
- ✅ 无新学习成果需要记录
- ✅ 已完成事项已归档

### 4. 每日固定任务
- ✅ 12:00 AI资讯+书籍推送 已完成
- 今日已有多次互动，无需发送问候
- ⚠️ 提醒：仍有两个待办事项
  1. Token电力出口：生成第一篇小红书封面图
  2. Token电力出口：发布第一篇小红书内容
- 无新技能可用
- ⏳ 23:00 Git自动上传 等待执行（还有约2.5小时）

### 21:02 第六次检查

### 1. 记忆文件状态
- ✅ MEMORY.md 存在，内容完整
- ✅ memory/2026-04-06.md 已更新，今日记录正常
- ✅ IDENTITY.md 完整
- ✅ USER.md 完整
- ⏳ Git提交推送等待23:00执行（还有约2小时）

### 2. 技能状态
- ✅ design-master 正常
- ✅ content-master 正常
- ⚠️ 案例库暂无新内容需要整理

### 3. 对话连续性维护
- ✅ 今日重要对话已完整记录
- ✅ 无偏好变化需要更新
- ✅ 修复推送触发逻辑已记录为经验
- ✅ 已完成事项已归档

### 4. 每日固定任务
- ✅ 12:00 AI资讯+书籍推送 已完成
- 今日已有多次互动，无需发送问候
- ⚠️ 提醒：仍有两个待办事项
  1. Token电力出口：生成第一篇小红书封面图
  2. Token电力出口：发布第一篇小红书内容
- 无新技能可用
- ⏳ 23:00 Git自动上传 等待执行（还有约2小时）

### 21:32 第七次检查

### 1. 记忆文件状态
- ✅ MEMORY.md 存在，内容完整
- ✅ memory/2026-04-06.md 已更新，今日记录正常
- ✅ IDENTITY.md 完整
- ✅ USER.md 完整
- ⏳ Git提交推送等待23:00执行（还有约1.5小时）

### 2. 技能状态
- ✅ design-master 正常
- ✅ content-master 正常
- ⚠️ 案例库暂无新内容需要整理

### 3. 对话连续性维护
- ✅ 今日重要对话已完整记录
- ✅ 无偏好变化需要更新
- ✅ 修复推送触发逻辑已记录为经验
- ✅ 已完成事项已归档

### 4. 每日固定任务
- ✅ 12:00 AI资讯+书籍推送 已完成
- 今日已有多次互动，无需发送问候
- ⚠️ 提醒：仍有两个待办事项
  1. Token电力出口：生成第一篇小红书封面图
  2. Token电力出口：发布第一篇小红书内容
- 无新技能可用
- ⏳ 23:00 Git自动上传 等待执行（还有约1.5小时）

### 22:02 第八次检查

### 1. 记忆文件状态
- ✅ MEMORY.md 存在，内容完整
- ✅ memory/2026-04-06.md 已更新，今日记录正常
- ✅ IDENTITY.md 完整
- ✅ USER.md 完整
- ⏳ Git提交推送等待23:00执行（还有约1小时）

### 2. 技能状态
- ✅ design-master 正常
- ✅ content-master 正常
- ⚠️ 案例库暂无新内容需要整理

### 3. 对话连续性维护
- ✅ 今日重要对话已完整记录
- ✅ 无偏好变化需要更新
- ✅ 修复推送触发逻辑已记录为经验
- ✅ 已完成事项已归档（两天资讯推送完成）

### 4. 每日固定任务
- ✅ 12:00 AI资讯+书籍推送 已完成
- 今日已有多次互动，无需发送问候
- ⚠️ 提醒：仍有两个待办事项
  1. Token电力出口：生成第一篇小红书封面图
  2. Token电力出口：发布第一篇小红书内容
- 无新技能可用
- ⏳ 23:00 Git自动上传 等待执行（还有约1小时）

### 22:32 第九次检查

### 1. 记忆文件状态
- ✅ MEMORY.md 存在，内容完整
- ✅ memory/2026-04-06.md 已更新，今日记录正常
- ✅ IDENTITY.md 完整
- ✅ USER.md 完整
- ⏳ Git提交推送等待23:00执行（还有约28分钟）

### 2. 技能状态
- ✅ design-master 正常
- ✅ content-master 正常
- ⚠️ 案例库暂无新内容需要整理

### 3. 对话连续性维护
- ✅ 今日重要对话已完整记录
- ✅ 无偏好变化需要更新
- ✅ 修复推送触发逻辑已记录为经验
- ✅ 已完成事项已归档

### 4. 每日固定任务
- ✅ 12:00 AI资讯+书籍推送 已完成
- 今日已有多次互动，无需发送问候
- ⚠️ 提醒：仍有两个待办事项
  1. Token电力出口：生成第一篇小红书封面图
  2. Token电力出口：发布第一篇小红书内容
- 无新技能可用
- ⏳ 23:00 Git自动上传 等待执行（还有约28分钟）

---
检查完成: OK
