# 心跳检查日志 - 2026-03-27

检查时间: 2026-03-27 13:31 (GMT+8)

## 1. 记忆文件状态 ✅
- MEMORY.md: 存在，已更新（添加Token电力出口项目记录）
- memory/2026-03-27.md: 已创建，今日记录正常
- IDENTITY.md: 完整
- USER.md: 完整

## 2. 技能状态 ✅
- design-master: 正常
- content-master: 正常
- 新增技能: minimalist-entrepreneur（10个子技能）已安装
- 案例库: 暂无新内容需要整理

## 3. 对话连续性维护 ✅
- 今日重要要点: 安装极简创业技能、确定Token电力出口内容创业、组建团队
- 野原偏好: 无变化，需要对话连续性
- 新学习成果: 掌握了《极简创业者》方法论，能指导从零到一创业
- 已完成事项归档: 团队组建完成，第一篇文案完成

## 4. 主动提醒
- GitHub推送失败（网络连接被重置），需要时可重新推送
- 待办: 启动doubao服务生成封面图

---
检查结果: 一切正常

---

## 14:03 检查结果

### 1. 记忆文件状态 ✅
- MEMORY.md: 存在，已更新到最新（包含Token电力出口项目完整信息）
- 今日记忆文件 2026-03-27.md: 正常，已记录今日所有重要工作
- IDENTITY.md: 完整（小龙 🐉，亲切直接有幽默感）
- USER.md: 完整（野原，Asia/Shanghai，飞书连接需要上下文连续性）

### 2. 技能状态 ✅
- design-master: SKILL.md 正常，已学习 Apple LOGO 案例，掌握野原审美DNA
- content-master: SKILL.md 正常，多平台内容框架完整，已整合小红书发布工具
- futures-assistant: SKILL.md 正常，基础知识框架清晰，风险边界明确
- minimalist-entrepreneur: 已安装，包含10个子技能，可支持创业落地
- 案例库: 暂无新案例需要整理

### 3. 对话连续性维护 ✅
- 今日重要要点已记录: 安装极简创业技能、确定Token电力出口内容创业方向、完成第一篇小红书文案、组建团队、创建项目群
- 野原偏好: 无变化，核心需求仍是对话上下文连续性
- 新学习成果: 已掌握极简创业者方法论，可以配合野原推进内容创业项目
- 已完成事项已归档: ✅ 安装技能、✅ 分析方向、✅ 第一篇文案、✅ 团队组建
- 待办清晰: 生成小红书封面 → 发布内容 → 社群运营

### 4. 主动提醒
- 已知待办: 需要启动doubao-free-api生成封面图，等待野原发起
- 无新增紧急事项
- 所有系统运行正常

检查结果: 一切正常，等待下一步指令

---

## 14:33 检查结果

### 1. 记忆文件状态 ✅
- MEMORY.md: 存在，已更新到最新，完整记录Token电力出口创业项目信息（团队分工、项目群ID、doubao部署信息都齐全）
- 今日记忆文件 2026-03-27.md: 正常，详细记录了今日所有工作成果
- IDENTITY.md: 完整，小龙身份信息正确
- USER.md: 完整，野原信息和需求明确

### 2. 技能状态 ✅
- design-master: SKILL.md 正常，已学习 Apple LOGO 案例，掌握野原审美DNA（极简、圆润、有寓意），随时可以输出设计
- content-master: SKILL.md 正常，多平台内容框架完整，已整合小红书发布工具，可以配合创作发布
- futures-assistant: SKILL.md 正常，基础知识框架清晰，风险边界明确
- minimalist-entrepreneur: ✅ 已安装完成，包含10个子技能，极简创业方法论就绪
- 案例库: 暂无新案例需要整理

### 3. 对话连续性维护 ✅
- 今日重要要点已完整记录: 
  - 安装了极简创业者全套技能
  - 确定Token电力出口内容创业方向（电出不了国境，但Token可以）
  - 完成第一篇小红书文案
  - 组建团队: 野原（内容）+ LOng（社群）+ 小龙（AI助手）
  - 创建项目群oc_f1edb58c095b906de2f3a535ac7ab842
- 野原偏好: 无变化，核心需求仍是对话上下文连续性
- 新学习成果: 已掌握极简创业者从零到一创业方法论，可以配合野原推进项目
- 已完成事项已归档:
  - ✅ 安装极简创业者技能
  - ✅ 分析Token电力出口创业方向
  - ✅ 完成第一篇小红书文案
  - ✅ 团队分工和项目群搭建
- 待办清晰明确:
  - ⏳ 启动doubao-free-api生成小红书封面图
  - ⏳ 发布第一篇内容
  - ⏳ 开始社群运营沉淀用户

### 4. 主动提醒
- 已知待办都已记录，等待野原发起下一步操作
- 所有记忆系统、技能系统运行正常，无异常
- GitHub推送之前因网络问题失败，需要时可重新尝试

检查结果: 一切正常，等待野原下一步指令
