# 心跳检查日志
检查时间: 2026-04-10 20:26 (Asia/Shanghai)

## 1. 记忆文件状态检查
- ✅ MEMORY.md 存在且最新 (最后更新: 2026-04-09)
- ✅ 今日记忆文件 2026-04-10.md 已存在且更新正常，记录了今日推送完成
- ✅ IDENTITY.md 完整 (小龙 🐉)
- ✅ USER.md 完整 (野原，飞书连接，需要对话连续性)

## 2. 技能状态检查
- ✅ design-master 技能正常，SKILL.md 完整
- ✅ content-master 技能正常，每日推送机制运行稳定
- ✅ 案例库暂无新内容需要整理

## 3. 对话连续性维护
- 今日重要对话要点：完成每日AI资讯推送，内容已记录到今日工作记录
- 野原偏好无变化
- 今日无新学习成果需要记录
- 今日推送任务已完成归档

## 4. 每日固定任务检查
- ✅ 今日 12:00 AI资讯 + 书籍推荐推送已完成
- 当前距离上次推送约9小时，野原未发起新对话，无需发送问候
- 无待办事项需要提醒（重启Gateway等待野原操作）
- 无新技能可用待介绍
- 当前时间 20:26，距离 23:00 还有约2.5小时，Git 上传任务待到时执行

## 检查结论
一切正常，无需特别处理。
