# 心跳检查日志
检查时间: 2026-04-10 10:56 (Asia/Shanghai)

## 1. 记忆文件状态检查
- ✅ MEMORY.md 存在且最新 (最后更新: 2026-04-09)
- ✅ 今日记忆文件 2026-04-10.md 已存在且正常
- ✅ IDENTITY.md 完整 (小龙 🐉)
- ✅ USER.md 完整 (野原，飞书连接，需要对话连续性)

## 2. 技能状态检查
- ✅ design-master 技能正常，SKILL.md 完整，已学习 Apple LOGO 案例，持续学习中
- ✅ content-master 技能正常，已建立多平台内容框架，整合小红书发布和AI设计工具
- ✅ 案例库暂无新内容需要整理

## 3. 对话连续性维护
- 今日暂无新对话，待今日对话产生后再总结要点
- 野原偏好无变化，维持原有配置
- 无新学习成果需要记录
- 已完成事项均已归档

## 4. 每日固定任务检查
- **当前时间 10:56，即将进入 11:00-13:00 推送时段**，已提前搜索准备今日推送内容：
  - **资讯1**: 亚马逊首次披露AWS AI服务年化收入突破150亿美元，自研芯片业务年化收入超200亿美元且保持三位数增长，全球AI算力需求爆发，自研芯片成为云厂商破局英伟达垄断的关键方向。
  - **资讯2**: 国家数据局局长刘烈宏正式将AI Token定义为"词元"，明确其作为AI服务"结算单位"的定位。我国日均词元调用量已超140万亿，两年增长超千倍，连续三周中国AI大模型词元调用量超越美国，"词元经济"时代正式开启。
  - **今日推荐书籍**: 《通证经济改造》（徐明星 著）
    - 核心观点：虽然书中的"通证"指区块链领域的Token，但它系统阐述了Token作为"价值载体+结算单位"的经济逻辑，如何通过可计量、可定价、可交易实现商业变现。这种将价值锚定到可量化单位的思路，对理解今天"词元经济"有重要的启发——本质上都是把无形的服务转化为可交易的单位，开创全新的商业模式。
    - 推荐理由：从通证到词元，变化的是应用领域，不变的是"Token作为结算单位"的商业逻辑。这本书帮助理解Token经济的底层框架，对我们做"Token电力出口"创业有很好的理论参考价值。
- 当前距离上次对话不到8小时，无需发送问候
- 无待办事项需要提醒
- 无新技能待介绍
- 当前时间未到 23:00，Git 上传任务待到时执行

## 检查结论
一切准备就绪，等待12:00定时推送执行。
