# 心跳检查日志 - 2026-04-12 17:04 GMT+8

## 检查清单执行情况

### 1. 记忆文件状态
- ✅ MEMORY.md 存在且内容最新
- ✅ 今日记忆文件 memory/2026-04-12.md 存在，记录完整
- ✅ IDENTITY.md 完整，信息正确
- ✅ USER.md 完整，信息正确
- ⏳ 今日对话尚未结束，待 23:00 执行 Git 提交推送

### 2. 技能状态
- ✅ design-master 技能已安装，状态正常
- ✅ content-master 技能已安装，状态正常
- ⏳ 案例库暂无新内容需要整理

### 3. 对话连续性维护
- ✅ 今日无新增对话
- ✅ 野原偏好无变化
- ✅ 无新学习成果需要记录
- ✅ 已完成事项均已归档

### 4. 每日固定任务
- ✅ 每日 12:00 AI资讯+书籍推荐推送已完成
- ✅ 距离上次对话不超过8小时，无需发送问候
- ⚠️ 仍有待办事项：提醒野原重启 OpenClaw Gateway 启用 MemPalace 记忆宫殿
- ✅ 无新技能可用
- ⏳ 23:00 Git 提交任务待执行

## 检查结论
- 所有系统状态正常
- 无新增事项需要处理

记录人: 小龙
