# 心跳检查日志 - 2026-04-11 22:56 (Asia/Shanghai)

## 1. 记忆文件状态检查
- ✅ MEMORY.md 存在，最后更新: 2026-04-10，内容完整
- ✅ 今日记忆文件 memory/2026-04-11.md 存在，内容已更新今日推送完成记录
- ✅ IDENTITY.md 完整：小龙 🐉 | AI助手 | 亲切直接有幽默感
- ✅ USER.md 完整：野原 | Asia/Shanghai | 飞书连接 | 需要对话连续性
- ✅ Git 本地提交已完成：47个文件，包含今日所有心跳日志和记忆文件
- ⚠️ Git push 失败：网络连接被重置，推送未完成，下次心跳重试

## 2. 技能状态检查
- ✅ design-master 技能正常：已加载设计哲学、分析框架、已学习Apple LOGO案例，持续学习中
- ✅ content-master 技能正常：已建立多平台内容创作框架，整合小红书发布和AI设计工具，适配飞书推送机制
- ✅ 案例库暂无新内容需要整理

## 3. 对话连续性维护
- 今日只有一次推送，无新增对话，无需总结
- 野原偏好无变化
- 今日新增学习：完成第三次定时推送，推送机制稳定运行
- 今日推送已完成，可归档

## 4. 每日固定任务检查
- ✅ 今日 12:00 定时推送已完成（11:26心跳触发推送）
- ✅ 距离上次推送不超过24小时，无需提醒
- ✅ 无新技能需要介绍
- ✅ 已执行 23:00 自动保存记忆文件，Git 本地提交完成，等待下次网络正常时推送

## 今日成果总结
- ✅ 每日定时推送机制第三天稳定运行，成功推送2条AI资讯+1本推荐书籍
- ✅ 资讯要点：微软突破AI记忆技术（1亿词汇容量）；智谱AI市值暴涨8倍印证Token价值重估
- ✅ 推荐书籍：《AI无所不在的未来：当人工智能成为电力般的存在》，完美契合Token电力出口核心认知
- ✅ 所有今日记忆已保存，本地Git提交完成

---
检查完成时间: 2026-04-11 22:56 GMT+8
