# 心跳检查日志 - 2026-04-12 11:04 GMT+8

## 检查清单执行情况

### 1. 记忆文件状态
- ✅ MEMORY.md 存在且内容最新，最后更新于 2026-04-10
- ✅ 今日记忆文件 memory/2026-04-12.md 已创建，内容正常
- ✅ IDENTITY.md 完整，信息正确
- ✅ USER.md 完整，信息正确
- ⏳ 今日对话尚未结束，待 23:00 执行 Git 提交推送

### 2. 技能状态
- ✅ design-master 技能已安装，状态正常
- ✅ content-master 技能已安装，状态正常
- ⏳ 案例库暂无新内容需要整理

### 3. 对话连续性维护
- ✅ 今日暂无重要对话需要总结
- ✅ 野原偏好无变化
- ✅ 无新学习成果需要记录
- ✅ 无已完成事项需要归档

### 4. 每日固定任务
- ✅ 当前时间在 11:00-13:00 范围内，准备执行每日推送
- ⏳ 推送任务由 cron 定时任务触发，将在 12:00 准时执行
- ⏳ 23:00 Git 提交任务待执行

## 资讯收集结果（供定时推送使用）

### 筛选出2条最有价值AI资讯

1. **宇树科技人形机器人跑出10米/秒，逼近人类巅峰**
   - 4月11日，宇树科技宣布H1机器人实测峰值速度达到10米/秒，接近博尔特保持的人类巅峰速度10.44米/秒，刷新人形机器人速度世界纪录。创始人王兴兴曾表示今年年中中国人形机器人百米将突破10秒大关，超越博尔特。中国在具身智能领域进步神速。

2. **百度伐谋Agent 2.0登顶MLE-Bench，大模型Agent加速走向全栈自动化**
   - 百度智能云推出的企业级算法自主优化智能体伐谋Agent 2.0，再次登顶机器学习工程权威基准MLE-Bench并刷新最优成绩。这标志着AI Agent正从"单点工具"向"全栈自动化工程师"跨越，大幅降低企业应用大模型的试错成本。

### 推荐书籍：《电力数字化2030》

- 推荐理由：本书聚焦电力清洁低碳发展的行业新趋势，为电力行业寻找数字化创新场景，梳理关键技术，保障能源绿色安全，最大化提升能源利用效率。完美契合我们"Token电力出口"创业方向，理解电力数字化转型是理解AI算力+电力结合的基础。

## 检查结论
- 所有系统状态正常
- 定时推送准备就绪
- 无异常情况需要处理

记录人: 小龙
