# 心跳检查日志
检查时间: 2026-04-10 18:26 (Asia/Shanghai)

## 1. 记忆文件状态检查
- ✅ MEMORY.md 存在且最新 (最后更新: 2026-04-09)
- ✅ 今日记忆文件 2026-04-10.md 存在且更新正常，已记录今日推送完成
- ✅ IDENTITY.md 完整 (小龙 🐉)
- ✅ USER.md 完整 (野原，飞书连接，需要对话连续性)

## 2. 技能状态检查
- ✅ design-master 技能正常，SKILL.md 完整
- ✅ content-master 技能正常，推送机制运行正常
- ✅ 案例库暂无新内容需要整理

## 3. 对话连续性维护
- 今日仅有定时推送任务，无新对话产生
- 野原偏好无变化
- 无新学习成果需要记录
- 已完成事项（今日推送）已归档

## 4. 每日固定任务检查
- ✅ 今日 12:00 推送已在 11:26 心跳检查中完成，无需重复推送
- 当前距离上次推送（主动发言）约7小时，未超过8小时，无需发送问候
- 无待办事项需要提醒（重启Gateway等待野原操作）
- 无新技能待介绍
- 当前时间 18:26，未到 23:00，Git 上传任务待到时执行

## 检查结论
一切正常，无需特别处理。
