
# 心跳检查日志 - 2026-04-12 10:04 GMT+8

## 1. 记忆文件状态检查
- ✅ MEMORY.md 存在，最后更新于 2026-04-10，内容完整
- ✅ memory/2026-04-12.md 存在，今日记录正常，已有今日计划
- ✅ IDENTITY.md 完整：小龙 🐉，AI助手，亲切直接带点幽默
- ✅ USER.md 完整：野原，飞书连接，需要对话连续性

## 2. 技能状态检查
- ✅ design-master 技能正常：已加载，持续学习中，已学习Apple LOGO案例
- ✅ content-master 技能正常：已加载，包含公众号/小红书/抖音运营框架，每日推送机制已配置
- ✅ 案例库无新内容需要整理，等待野原提供新案例

## 3. 对话连续性维护
- 今日暂无新对话，无需总结
- 野原偏好无变化
- 无新学习成果需要记录
- 无已完成事项需要归档

## 4. 每日固定任务
- 当前时间 10:04，还未到 11:00-13:00 推送窗口，等待后续推送触发
- 距上次对话不久，无需发送问候
- 无待办事项需要提醒（重启 Gateway 等待野原操作）
- 无新技能可用需要介绍
- 距离 23:00 Git 提交还有时间，等待定时触发

## 检查结论
一切正常，无需处理。

---
检查人: 小龙
