# 心跳检查日志
检查时间: 2026-04-10 10:26 (Asia/Shanghai)

## 1. 记忆文件状态检查
- ✅ MEMORY.md 存在且最新 (最后更新: 2026-04-09)
- ✅ 今日记忆文件 2026-04-10.md 已存在，记录正常
- ✅ IDENTITY.md 完整 (小龙 🐉)
- ✅ USER.md 完整 (野原，飞书连接，需要对话连续性)

## 2. 技能状态检查
- ✅ design-master 技能正常，已学习 Apple LOGO 案例，符合设计哲学
- ✅ content-master 技能正常，已建立多平台内容框架，整合小红书发布工具
- ✅ 案例库暂无新内容需要整理

## 3. 对话连续性维护
- 今日暂无新对话，维持现有上下文
- 野原偏好无变化
- 无新学习成果需要记录
- 已完成事项均已归档

## 4. 每日固定任务检查
- 当前时间 10:26，接近推送时段但还未到 11:00，推送任务将由定时任务在 12:00 执行
- 距离上次对话不到 8 小时，无需发送问候
- 无待办事项需要特别提醒（重启网关等待野原操作）
- 无新技能待介绍
- 当前时间未到 23:00，Git 上传任务待到时执行

## 检查结论
一切正常，等待定时推送执行。
