# 心跳检查日志
检查时间: 2026-04-11 02:56 (Asia/Shanghai)，深夜例行检查

## 1. 记忆文件状态检查
- ✅ MEMORY.md 存在且最新 (最后更新: 2026-04-10)
- ✅ 今日记忆文件 2026-04-11.md 已创建，记录正常
- ✅ IDENTITY.md 完整 (小龙 🐉)
- ✅ USER.md 完整 (野原，飞书连接，需要对话连续性)

## 2. 技能状态检查
- ✅ design-master 技能正常，SKILL.md 完整
- ✅ content-master 技能正常，推送机制配置正确
- ✅ 案例库暂无新内容需要整理

## 3. 对话连续性维护
- 今日暂无新对话，等待野原发起
- 野原偏好无变化
- 无新学习成果需要记录
- 无已完成事项待归档

## 4. 每日固定任务检查
- 当前时间 02:56，不在推送时段，今日12:00推送待执行
- 当前是深夜(02:56)，野原休息中，不发送问候
- 无待办事项需要提醒
- 无新技能待介绍
- 当前未到23:00，Git上传任务待执行

## 检查结论
深夜例行检查完成，一切正常，无需要处理的事项。
