# 心跳检查日志 - 2026-04-13 02:32 GMT+8

## 检查清单执行情况

### 1. 记忆文件状态
- ✅ MEMORY.md 存在且内容最新（最后更新 2026-04-12）
- ✅ 今日记忆文件 memory/2026-04-13.md 已创建，计划记录完整
- ✅ IDENTITY.md 完整，信息正确
- ✅ USER.md 完整，信息已更新
- ⏳ 今日对话尚未结束，待 23:00 执行 Git 提交推送

### 2. 技能状态
- ✅ design-master 技能已安装，状态正常
- ✅ content-master 技能已安装，状态正常
- ✅ hermes-autoskill 技能已创建，状态正常
- ✅ designer-client-acquisition 技能已创建，状态正常
- ⏳ 案例库暂无新内容需要整理

### 3. 对话连续性维护
- ✅ 今日无新增对话
- ✅ 野原偏好无变化
- ✅ 无新学习成果需要记录
- ✅ 昨日已完成事项均已归档

### 4. 每日固定任务
- ⏳ 每日 12:00 AI资讯+书籍推荐推送尚未到时间
- ✅ 当前是深夜时段（02:32），野原应该在休息，不打扰
- ⚠️ 仍有待办事项：提醒野原重启 OpenClaw Gateway 启用 MemPalace 记忆宫殿（等待野原操作）
- ✅ 无新技能可用
- ⏳ 23:00 Git 提交任务待执行

## 检查结论
- 所有系统状态正常
- 无需主动打扰，静候野原发起对话

记录人: 小龙
