# 心跳检查日志
检查时间: 2026-04-10 12:56 (Asia/Shanghai)

## 1. 记忆文件状态检查
- ✅ MEMORY.md 存在且最新 (最后更新: 2026-04-09)
- ✅ 今日记忆文件 2026-04-10.md 已存在且更新正常，已记录今日推送完成
- ✅ IDENTITY.md 完整 (小龙 🐉)
- ✅ USER.md 完整 (野原，飞书连接，需要对话连续性)
- 今日对话尚未展开，待后续产生后保存并执行Git提交

## 2. 技能状态检查
- ✅ design-master 技能正常，SKILL.md 完整，已学习 Apple LOGO 案例，持续学习中
- ✅ content-master 技能正常，已建立多平台内容框架，整合小红书发布和AI设计工具
- ✅ 案例库暂无新内容需要整理

## 3. 对话连续性维护
- 今日已完成定时推送，暂无其他重要对话要点需要总结
- 野原偏好无变化，维持原有配置
- 无新学习成果需要记录
- 已完成事项均已归档

## 4. 每日固定任务检查
- ✅ 当前时间在 11:00-13:00 推送时段，今日推送已于11:26完成
- 距离上次对话不到8小时，无需发送问候
- 无待办事项需要提醒（重启Gateway等待野原操作）
- 无新技能可用需要介绍
- 当前时间未到 23:00，Git 上传任务待到时执行

## 检查结论
一切正常，推送任务已完成，无需额外处理。
