# 心跳检查日志
检查时间: 2026-04-10 07:56 (Asia/Shanghai)

## 1. 记忆文件状态检查
- ✅ MEMORY.md 存在且最新 (最后更新: 2026-04-09)
- ✅ 今日记忆文件 2026-04-10.md 已存在，记录今日计划
- ✅ IDENTITY.md 完整 (小龙 🐉，亲切直接有幽默感)
- ✅ USER.md 完整 (野原，飞书连接，需要对话连续性)

## 2. 技能状态检查
- ✅ design-master 设计大师技能正常，已建立完整审美框架，学习了 Apple LOGO 案例
- ✅ content-master 内容运营大师技能正常，已建立多平台内容创作框架，整合小红书发布和AI设计工具
- ✅ 案例库暂无新内容需要整理

## 3. 对话连续性维护
- 今日暂无新对话产生，无需总结要点
- 野原偏好无变化，维持原有配置
- 无新的学习成果需要记录
- 已完成事项均已归档

## 4. 每日固定任务检查
- 当前时间 07:56，不在 11:00-13:00 推送时段，今日推送由定时任务执行
- 上次对话约 11 小时前，但当前是凌晨时段（未到 08:00），无需发送问候
- 无待办事项需要提醒（MemPalace 待重启，等待野原操作）
- 无新技能可用需要介绍
- 当前时间未到 23:00，Git 上传任务待到时执行

## 检查结论
一切正常，无需特别处理。
