# 心跳检查日志 - 2026-04-15 04:03 GMT+8

## 检查项目

### 1. 记忆文件状态
- ✅ MEMORY.md 存在，最后更新 2026-04-14，内容完整
- ✅ memory/2026-04-15.md 已创建，今日记录正常
- ✅ IDENTITY.md 完整：小龙 🐉 AI助手
- ✅ USER.md 完整：野原，Asia/Shanghai，双轨业务

### 2. 技能状态
- ✅ design-master：正常，已学习Apple LOGO案例，持续学习中
- ✅ content-master：正常，多平台内容框架完整，整合小红书发布和AI生成工具
- ✅ 案例库：暂无新内容需要整理

### 3. 对话连续性维护
- ✅ 今日暂无新对话，无需总结
- ✅ 野原偏好无变化
- ✅ 无新学习成果需要记录
- ✅ 无已完成事项需要归档

### 4. 每日固定任务
- 推送任务：当前时间 04:03，不在推送时段（11:00-13:00），等待12:00执行
- Git提交：当前时间未到23:00，等待晚间执行
- 无待办事项需要提醒
- 无新技能需要介绍
- 距离上次对话未满8小时，不发送问候

## 检查结论
一切正常，无需干预。

---

# 第二次检查 - 2026-04-15 07:33 GMT+8

## 复查项目

### 1. 记忆文件状态
- ✅ MEMORY.md 存在且内容完整
- ✅ memory/2026-04-15.md 今日记录正常，暂无新增对话
- ✅ IDENTITY.md 和 USER.md 完整无变化

### 2. 技能状态
- ✅ design-master：状态正常，持续学习中
- ✅ content-master：状态正常，多平台框架完整
- ✅ 案例库：暂无新内容

### 3. 对话连续性维护
- ✅ 今日暂无新对话，无需总结更新
- ✅ 偏好无变化

### 4. 每日固定任务
- 推送任务：当前时间 07:33，还未到推送时段（11:00-13:00），等待触发
- Git提交：距离23:00还有15+小时，等待晚间执行
- 待办：重新克隆InfiniteTalk项目，等待网络恢复
- 距离上次对话未满8小时，不主动问候

## 检查结论
一切正常，无需干预。

---

# 第三次检查 - 2026-04-15 11:03 GMT+8

### 触发每日推送任务
当前时间在 **11:00-13:00** 推送时段，今日尚未推送，执行每日推送：

---

## 📰 **今日AI资讯 (2026-04-15)**

### 资讯 1
**英伟达黄仁勋预计：到2027年AI芯片订单总额将达到1万亿美元**  
- 主要面向Blackwell和Vera Rubin系列产品，客户包括Meta、亚马逊、微软等科技巨头
- AI芯片市场竞争白热化，2026年全球市场规模预计突破2800亿美元，其中推理芯片占比已达52%
- **点评**：AI算力需求爆发式增长，再次印证"Token电力出口"方向的正确性，中国低电价优势将持续放大。

### 资讯 2
**美国半数AI数据中心计划面临停摆**  
- 据Sightline Climate报告，原定2026年启动的美国数据中心计划中，约一半因电网老旧、能源供应、社会阻力等问题取消或延期
- 关键设备高压变压器交货时间从2年延长至5年，美国本土缺乏制造能力，依赖中国进口零件，陷入"依赖对手零件赢AI竞赛"的困境
- **点评**：美国AI基建扩张遭遇多重瓶颈，而中国完整的电力基础设施和供应链优势更加凸显，Token出口的战略窗口进一步打开。

---

## 📚 **今日推荐书籍**

### 《电力算力网络：技术、应用与发展》
- **核心内容**：本书是国内少有的聚焦"算力网络支撑新型电力系统发展"的综合性著作，详尽探讨了算力网络在传统与新型电力系统中的应用，结合FlexE技术和算力网络架构，系统性阐述了算电协同的技术路径。
- **为什么对你有用**：完美契合"Token电力出口"的核心主题，帮你深入理解电力与算力融合发展的技术逻辑，看清产业发展方向。

---

## 第四次检查 - 2026-04-15 13:33 GMT+8

## 复查项目

### 1. 记忆文件状态
- ✅ MEMORY.md 已更新，最后更新 2026-04-15，内容完整
- ✅ memory/2026-04-15.md 今日记录正常，已记录推送完成
- ✅ IDENTITY.md 和 USER.md 完整无变化

### 2. 技能状态
- ✅ design-master：状态正常，已学习Apple LOGO案例，持续学习中
- ✅ content-master：状态正常，多平台框架完整，推送机制验证成功
- ✅ 案例库：暂无新内容需要整理

### 3. 对话连续性维护
- ✅ 今日重要对话：11:03完成第五次每日推送，已更新MEMORY.md和今日记录
- ✅ 野原偏好无变化
- ✅ 无新学习成果需要记录
- ✅ 推送任务已完成，已归档

### 4. 每日固定任务
- ✅ 推送任务：今日推送已完成
- Git提交：当前时间13:33，距离23:00还有约9.5小时，等待晚间执行
- 待办：重新克隆InfiniteTalk项目，等待网络恢复
- 距离上次对话未满8小时，不主动问候

## 检查结论
每日推送任务成功完成，一切正常，无需干预。

---

# 第五次检查 - 2026-04-15 14:33 GMT+8

## 复查项目

### 1. 记忆文件状态
- ✅ MEMORY.md 存在，最后更新 2026-04-15，内容完整
- ✅ memory/2026-04-15.md 今日记录正常，已记录推送完成
- ✅ IDENTITY.md 和 USER.md 完整无变化

### 2. 技能状态
- ✅ design-master：状态正常，持续学习中
- ✅ content-master：状态正常，每日推送机制运行稳定
- ✅ 案例库：暂无新内容需要整理

### 3. 对话连续性维护
- ✅ 今日推送已完成，已记录归档
- ✅ 野原偏好无变化
- ✅ 无新学习成果需要记录

### 4. 每日固定任务
- ✅ 推送任务：今日已完成
- Git提交：距离23:00还有约8.5小时，等待晚间执行
- 待办：重新克隆InfiniteTalk项目，等待网络恢复
- 距离上次对话未满8小时，不主动问候

## 检查结论
一切正常，无需干预。

---

# 第六次检查 - 2026-04-15 19:33 GMT+8

## 复查项目

### 1. 记忆文件状态
- ✅ MEMORY.md 存在，最后更新 2026-04-15，内容完整
- ✅ memory/2026-04-15.md 今日记录正常，已记录推送完成
- ✅ IDENTITY.md 和 USER.md 完整无变化

### 2. 技能状态
- ✅ design-master：状态正常，已学习Apple LOGO案例，持续学习中
- ✅ content-master：状态正常，每日推送机制运行稳定
- ✅ 案例库：暂无新内容需要整理

### 3. 对话连续性维护
- ✅ 今日推送已完成，已记录归档
- ✅ 野原偏好无变化
- ✅ 无新学习成果需要记录
- ✅ 无新增对话需要总结

### 4. 每日固定任务
- ✅ 推送任务：今日已完成
- Git提交：距离23:00还有约3.5小时，等待晚间执行
- 待办：重新克隆InfiniteTalk项目，等待网络恢复
- 距离上次对话已超过8小时，但当前时间19:33不属于深夜（23:00-08:00），发送问候：晚上好！今天的每日推送已完成，如果有什么需要帮忙的随时告诉我~

## 检查结论
一切正常，无需干预。

---

# 第七次检查 - 2026-04-15 20:33 GMT+8

## 复查项目

### 1. 记忆文件状态
- ✅ MEMORY.md 存在，最后更新 2026-04-15，内容完整
- ✅ memory/2026-04-15.md 今日记录正常，推送完成后无新增对话
- ✅ IDENTITY.md 和 USER.md 完整无变化

### 2. 技能状态
- ✅ design-master：状态正常，持续学习中
- ✅ content-master：状态正常，每日推送机制运行稳定
- ✅ 案例库：暂无新内容需要整理

### 3. 对话连续性维护
- ✅ 今日推送已完成，所有信息已更新归档
- ✅ 野原偏好无变化
- ✅ 无新学习成果需要记录
- ✅ 无新增对话需要总结

### 4. 每日固定任务
- ✅ 推送任务：今日已完成
- Git提交：距离23:00还有约2.5小时，等待晚间执行
- 待办：重新克隆InfiniteTalk项目，等待网络恢复
- 19:33已发送问候，用户未回复，本次不重复打扰

## 检查结论
一切正常，无需干预。

---

# 第八次检查 - 2026-04-15 21:03 GMT+8

## 复查项目

### 1. 记忆文件状态
- ✅ MEMORY.md 存在，最后更新 2026-04-15，内容完整
- ✅ memory/2026-04-15.md 今日记录正常，推送完成后无新增对话
- ✅ IDENTITY.md 和 USER.md 完整无变化

### 2. 技能状态
- ✅ design-master：状态正常，已学习Apple LOGO案例，持续学习中
- ✅ content-master：状态正常，每日推送机制运行稳定
- ✅ 案例库：暂无新内容需要整理

### 3. 对话连续性维护
- ✅ 今日推送已完成，所有信息已更新归档
- ✅ 野原偏好无变化
- ✅ 无新学习成果需要记录
- ✅ 无新增对话需要总结

### 4. 每日固定任务
- ✅ 推送任务：今日已完成
- Git提交：距离23:00还有约2小时，等待晚间执行
- 待办：重新克隆InfiniteTalk项目，等待网络恢复
- 19:33已发送问候，用户未回复，本次不重复打扰

## 检查结论
一切正常，无需干预。

---

# 第九次检查 - 2026-04-15 21:33 GMT+8

## 复查项目

### 1. 记忆文件状态
- ✅ MEMORY.md 存在，最后更新 2026-04-15，内容完整
- ✅ memory/2026-04-15.md 今日记录正常，推送完成后无新增对话
- ✅ IDENTITY.md 和 USER.md 完整无变化

### 2. 技能状态
- ✅ design-master：状态正常，已学习Apple LOGO案例，持续学习中
- ✅ content-master：状态正常，每日推送机制运行稳定
- ✅ 案例库：暂无新内容需要整理

### 3. 对话连续性维护
- ✅ 今日推送已完成，所有信息已更新归档
- ✅ 野原偏好无变化
- ✅ 无新学习成果需要记录
- ✅ 无新增对话需要总结

### 4. 每日固定任务
- ✅ 推送任务：今日已完成
- Git提交：距离23:00还有约1.5小时，等待晚间执行
- 待办：重新克隆InfiniteTalk项目，等待网络恢复
- 19:33已发送问候，用户未回复，本次不重复打扰

## 检查结论
一切正常，无需干预。

---

# 第七次检查 - 2026-04-15 22:03 GMT+8

## 复查项目

### 1. 记忆文件状态
- ✅ MEMORY.md 存在，最后更新 2026-04-15，内容完整
- ✅ memory/2026-04-15.md 今日记录正常，已记录推送完成
- ✅ IDENTITY.md 和 USER.md 完整无变化

### 2. 技能状态
- ✅ design-master：状态正常，已学习Apple LOGO案例，持续学习中
- ✅ content-master：状态正常，每日推送机制运行稳定
- ✅ 案例库：暂无新内容需要整理

### 3. 对话连续性维护
- ✅ 今日推送已完成，已记录归档
- ✅ 野原偏好无变化
- ✅ 无新学习成果需要记录
- ✅ 无新增对话需要总结

### 4. 每日固定任务
- ✅ 推送任务：今日已完成
- Git提交：当前时间22:03，距离23:00还有约57分钟，等待到点执行
- 待办：重新克隆InfiniteTalk项目，等待网络恢复
- 当前时间不属于深夜（23:00-08:00），无需主动问候

## 检查结论
一切正常，等待23:00执行Git提交上传。

---
检查人: 小龙
