# 心跳检查日志
检查时间: 2026-04-10 09:26 (Asia/Shanghai)

## 1. 记忆文件状态检查
- ✅ MEMORY.md 存在且最新 (最后更新: 2026-04-09)
- ✅ 今日记忆文件 2026-04-10.md 存在且正常记录了今日计划
- ✅ IDENTITY.md 完整 (小龙 🐉)
- ✅ USER.md 完整 (野原，飞书连接，需要对话连续性)

## 2. 技能状态检查
- ✅ design-master 技能正常，SKILL.md 完整，设计哲学和分析框架已建立，等待新案例学习
- ✅ content-master 技能正常，已建立完整的多平台内容运营框架，整合小红书发布和AI设计工具
- ✅ 案例库暂无新内容需要整理

## 3. 对话连续性维护
- 今日暂无新对话产生，待后续对话后总结要点
- 野原偏好无变化，维持原有配置
- 昨日成果已记录：MemPalace 记忆宫殿安装配置完成，等待重启网关生效
- 已完成事项均已归档

## 4. 每日固定任务检查
- 当前时间 09:26，还有约 2.5 小时到 12:00 推送时段，等待定时任务触发
- 距离上次对话不到 8 小时，无需发送问候
- 无待办事项需要主动提醒（仅等待野原重启网关）
- 无新技能待介绍
- 当前时间未到 23:00，Git 上传任务待到时执行

## 检查结论
一切正常，定时推送将在 12:00 准时执行。
