# 心跳检查日志 - 2026-04-12 13:04 GMT+8

## 检查清单执行情况

### 1. 记忆文件状态
- ✅ MEMORY.md 存在且内容最新
- ✅ 今日记忆文件 memory/2026-04-12.md 存在，今日推送已记录，内容正常
- ✅ IDENTITY.md 完整，信息正确
- ✅ USER.md 完整，信息正确
- ⏳ 今日对话尚未结束，待 23:00 执行 Git 提交推送

### 2. 技能状态
- ✅ design-master 技能已安装，状态正常
- ✅ content-master 技能已安装，状态正常
- ⏳ 案例库暂无新内容需要整理

### 3. 对话连续性维护
- ✅ 今日重要对话：定时推送已正常执行完成，已记录到当日文件
- ✅ 野原偏好无变化
- ✅ 无新学习成果需要记录
- ✅ 今日推送已完成，可归档

### 4. 每日固定任务
- ✅ 12:00 每日 AI 资讯 + 书籍推荐推送已执行完成（11:04心跳已提前推送）
- ✅ 野原没有待办事项需要提醒
- ✅ 无新技能可用需要介绍
- ⏳ 23:00 Git 提交任务待执行

## 待办事项检查
- [重启 OpenClaw Gateway 启用 MemPalace 记忆宫殿]：等待野原操作，尚未完成

## 检查结论
- 所有系统状态正常
- 每日推送任务已完成
- 无异常情况需要处理

记录人: 小龙
